<?xml version="1.0" encoding="UTF-8"?>
<coverage generated="1524458746506" clover="3.2.0">
  <project timestamp="1524458746506" name="All files">
    <metrics statements="4051" coveredstatements="157" conditionals="3068" coveredconditionals="115" methods="738" coveredmethods="15" elements="7857" coveredelements="287" complexity="0" loc="4051" ncloc="4051" packages="3" files="16" classes="16">
      <package name="ppa-1-sw-testing-qa-spring-2018-official-team-4">
        <metrics statements="3888" coveredstatements="0" conditionals="2953" coveredconditionals="0" methods="723" coveredmethods="0"/>
        <file name="bundle.js" path="/Users/dcarley/Projects/ppa-1-sw-testing-qa-spring-2018-official-team-4/bundle.js">
          <metrics statements="3844" coveredstatements="0" conditionals="2951" coveredconditionals="0" methods="722" coveredmethods="0"/>
          <line num="1" count="0" type="cond" truecount="0" falsecount="28"/>
          <line num="2" count="0" type="stmt"/>
          <line num="3" count="0" type="cond" truecount="0" falsecount="4"/>
          <line num="4" count="0" type="stmt"/>
          <line num="6" count="0" type="stmt"/>
          <line num="8" count="0" type="stmt"/>
          <line num="9" count="0" type="cond" truecount="0" falsecount="4"/>
          <line num="10" count="0" type="cond" truecount="0" falsecount="2"/>
          <line num="11" count="0" type="stmt"/>
          <line num="13" count="0" type="stmt"/>
          <line num="15" count="0" type="stmt"/>
          <line num="16" count="0" type="cond" truecount="0" falsecount="4"/>
          <line num="17" count="0" type="stmt"/>
          <line num="20" count="0" type="stmt"/>
          <line num="22" count="0" type="stmt"/>
          <line num="23" count="0" type="cond" truecount="0" falsecount="2"/>
          <line num="26" count="0" type="stmt"/>
          <line num="29" count="0" type="cond" truecount="0" falsecount="2"/>
          <line num="31" count="0" type="stmt"/>
          <line num="32" count="0" type="stmt"/>
          <line num="33" count="0" type="stmt"/>
          <line num="37" count="0" type="stmt"/>
          <line num="39" count="0" type="stmt"/>
          <line num="40" count="0" type="cond" truecount="0" falsecount="4"/>
          <line num="41" count="0" type="stmt"/>
          <line num="43" count="0" type="stmt"/>
          <line num="45" count="0" type="stmt"/>
          <line num="46" count="0" type="stmt"/>
          <line num="47" count="0" type="stmt"/>
          <line num="48" count="0" type="stmt"/>
          <line num="49" count="0" type="stmt"/>
          <line num="52" count="0" type="stmt"/>
          <line num="55" count="0" type="stmt"/>
          <line num="56" count="0" type="stmt"/>
          <line num="57" count="0" type="stmt"/>
          <line num="58" count="0" type="stmt"/>
          <line num="59" count="0" type="stmt"/>
          <line num="60" count="0" type="stmt"/>
          <line num="61" count="0" type="stmt"/>
          <line num="67" count="0" type="stmt"/>
          <line num="68" count="0" type="cond" truecount="0" falsecount="2"/>
          <line num="71" count="0" type="stmt"/>
          <line num="74" count="0" type="stmt"/>
          <line num="75" count="0" type="stmt"/>
          <line num="78" count="0" type="stmt"/>
          <line num="79" count="0" type="stmt"/>
          <line num="82" count="0" type="stmt"/>
          <line num="85" count="0" type="stmt"/>
          <line num="87" count="0" type="stmt"/>
          <line num="88" count="0" type="cond" truecount="0" falsecount="2"/>
          <line num="89" count="0" type="stmt"/>
          <line num="90" count="0" type="cond" truecount="0" falsecount="4"/>
          <line num="91" count="0" type="stmt"/>
          <line num="92" count="0" type="cond" truecount="0" falsecount="4"/>
          <line num="93" count="0" type="stmt"/>
          <line num="95" count="0" type="stmt"/>
          <line num="104" count="0" type="stmt"/>
          <line num="106" count="0" type="stmt"/>
          <line num="107" count="0" type="stmt"/>
          <line num="108" count="0" type="stmt"/>
          <line num="109" count="0" type="stmt"/>
          <line num="110" count="0" type="stmt"/>
          <line num="112" count="0" type="stmt"/>
          <line num="121" count="0" type="stmt"/>
          <line num="122" count="0" type="stmt"/>
          <line num="123" count="0" type="stmt"/>
          <line num="125" count="0" type="stmt"/>
          <line num="126" count="0" type="cond" truecount="0" falsecount="6"/>
          <line num="128" count="0" type="stmt"/>
          <line num="129" count="0" type="stmt"/>
          <line num="131" count="0" type="stmt"/>
          <line num="132" count="0" type="stmt"/>
          <line num="134" count="0" type="stmt"/>
          <line num="135" count="0" type="stmt"/>
          <line num="138" count="0" type="stmt"/>
          <line num="140" count="0" type="stmt"/>
          <line num="143" count="0" type="cond" truecount="0" falsecount="2"/>
          <line num="146" count="0" type="cond" truecount="0" falsecount="2"/>
          <line num="149" count="0" type="cond" truecount="0" falsecount="2"/>
          <line num="152" count="0" type="cond" truecount="0" falsecount="2"/>
          <line num="155" count="0" type="cond" truecount="0" falsecount="2"/>
          <line num="158" count="0" type="cond" truecount="0" falsecount="2"/>
          <line num="161" count="0" type="cond" truecount="0" falsecount="2"/>
          <line num="164" count="0" type="cond" truecount="0" falsecount="2"/>
          <line num="167" count="0" type="cond" truecount="0" falsecount="2"/>
          <line num="170" count="0" type="cond" truecount="0" falsecount="2"/>
          <line num="173" count="0" type="cond" truecount="0" falsecount="2"/>
          <line num="176" count="0" type="cond" truecount="0" falsecount="2"/>
          <line num="179" count="0" type="stmt"/>
          <line num="184" count="0" type="stmt"/>
          <line num="185" count="0" type="cond" truecount="0" falsecount="11"/>
          <line num="187" count="0" type="stmt"/>
          <line num="189" count="0" type="stmt"/>
          <line num="191" count="0" type="stmt"/>
          <line num="193" count="0" type="stmt"/>
          <line num="195" count="0" type="stmt"/>
          <line num="197" count="0" type="stmt"/>
          <line num="199" count="0" type="stmt"/>
          <line num="201" count="0" type="stmt"/>
          <line num="203" count="0" type="stmt"/>
          <line num="205" count="0" type="stmt"/>
          <line num="207" count="0" type="stmt"/>
          <line num="212" count="0" type="stmt"/>
          <line num="213" count="0" type="stmt"/>
          <line num="214" count="0" type="stmt"/>
          <line num="216" count="0" type="cond" truecount="0" falsecount="2"/>
          <line num="218" count="0" type="stmt"/>
          <line num="222" count="0" type="cond" truecount="0" falsecount="2"/>
          <line num="224" count="0" type="stmt"/>
          <line num="229" count="0" type="stmt"/>
          <line num="234" count="0" type="stmt"/>
          <line num="235" count="0" type="stmt"/>
          <line num="237" count="0" type="cond" truecount="0" falsecount="2"/>
          <line num="239" count="0" type="cond" truecount="0" falsecount="2"/>
          <line num="241" count="0" type="stmt"/>
          <line num="245" count="0" type="stmt"/>
          <line num="249" count="0" type="stmt"/>
          <line num="250" count="0" type="cond" truecount="0" falsecount="2"/>
          <line num="252" count="0" type="stmt"/>
          <line num="255" count="0" type="cond" truecount="0" falsecount="2"/>
          <line num="257" count="0" type="stmt"/>
          <line num="260" count="0" type="cond" truecount="0" falsecount="2"/>
          <line num="262" count="0" type="stmt"/>
          <line num="265" count="0" type="cond" truecount="0" falsecount="2"/>
          <line num="267" count="0" type="stmt"/>
          <line num="270" count="0" type="cond" truecount="0" falsecount="2"/>
          <line num="272" count="0" type="stmt"/>
          <line num="276" count="0" type="stmt"/>
          <line num="280" count="0" type="stmt"/>
          <line num="284" count="0" type="stmt"/>
          <line num="285" count="0" type="stmt"/>
          <line num="286" count="0" type="stmt"/>
          <line num="287" count="0" type="stmt"/>
          <line num="289" count="0" type="stmt"/>
          <line num="291" count="0" type="stmt"/>
          <line num="292" count="0" type="stmt"/>
          <line num="293" count="0" type="stmt"/>
          <line num="294" count="0" type="stmt"/>
          <line num="296" count="0" type="cond" truecount="0" falsecount="2"/>
          <line num="297" count="0" type="cond" truecount="0" falsecount="2"/>
          <line num="298" count="0" type="cond" truecount="0" falsecount="2"/>
          <line num="299" count="0" type="cond" truecount="0" falsecount="2"/>
          <line num="300" count="0" type="cond" truecount="0" falsecount="2"/>
          <line num="301" count="0" type="cond" truecount="0" falsecount="2"/>
          <line num="303" count="0" type="stmt"/>
          <line num="304" count="0" type="stmt"/>
          <line num="305" count="0" type="stmt"/>
          <line num="306" count="0" type="stmt"/>
          <line num="307" count="0" type="cond" truecount="0" falsecount="2"/>
          <line num="308" count="0" type="stmt"/>
          <line num="311" count="0" type="stmt"/>
          <line num="315" count="0" type="stmt"/>
          <line num="316" count="0" type="stmt"/>
          <line num="317" count="0" type="stmt"/>
          <line num="318" count="0" type="stmt"/>
          <line num="320" count="0" type="stmt"/>
          <line num="322" count="0" type="cond" truecount="0" falsecount="4"/>
          <line num="323" count="0" type="cond" truecount="0" falsecount="2"/>
          <line num="324" count="0" type="cond" truecount="0" falsecount="2"/>
          <line num="326" count="0" type="stmt"/>
          <line num="327" count="0" type="stmt"/>
          <line num="328" count="0" type="stmt"/>
          <line num="330" count="0" type="stmt"/>
          <line num="333" count="0" type="stmt"/>
          <line num="335" count="0" type="stmt"/>
          <line num="344" count="0" type="stmt"/>
          <line num="350" count="0" type="stmt"/>
          <line num="353" count="0" type="stmt"/>
          <line num="356" count="0" type="stmt"/>
          <line num="357" count="0" type="stmt"/>
          <line num="360" count="0" type="stmt"/>
          <line num="363" count="0" type="stmt"/>
          <line num="366" count="0" type="stmt"/>
          <line num="369" count="0" type="stmt"/>
          <line num="370" count="0" type="stmt"/>
          <line num="371" count="0" type="stmt"/>
          <line num="374" count="0" type="stmt"/>
          <line num="375" count="0" type="stmt"/>
          <line num="378" count="0" type="stmt"/>
          <line num="379" count="0" type="stmt"/>
          <line num="380" count="0" type="stmt"/>
          <line num="381" count="0" type="stmt"/>
          <line num="382" count="0" type="stmt"/>
          <line num="383" count="0" type="stmt"/>
          <line num="384" count="0" type="stmt"/>
          <line num="385" count="0" type="stmt"/>
          <line num="386" count="0" type="stmt"/>
          <line num="387" count="0" type="stmt"/>
          <line num="390" count="0" type="stmt"/>
          <line num="391" count="0" type="stmt"/>
          <line num="394" count="0" type="stmt"/>
          <line num="395" count="0" type="stmt"/>
          <line num="398" count="0" type="stmt"/>
          <line num="399" count="0" type="stmt"/>
          <line num="400" count="0" type="stmt"/>
          <line num="403" count="0" type="stmt"/>
          <line num="404" count="0" type="stmt"/>
          <line num="405" count="0" type="stmt"/>
          <line num="406" count="0" type="stmt"/>
          <line num="409" count="0" type="stmt"/>
          <line num="410" count="0" type="stmt"/>
          <line num="411" count="0" type="stmt"/>
          <line num="414" count="0" type="stmt"/>
          <line num="427" count="0" type="stmt"/>
          <line num="428" count="0" type="stmt"/>
          <line num="429" count="0" type="stmt"/>
          <line num="430" count="0" type="stmt"/>
          <line num="431" count="0" type="stmt"/>
          <line num="432" count="0" type="stmt"/>
          <line num="433" count="0" type="stmt"/>
          <line num="434" count="0" type="stmt"/>
          <line num="435" count="0" type="stmt"/>
          <line num="436" count="0" type="stmt"/>
          <line num="437" count="0" type="stmt"/>
          <line num="438" count="0" type="stmt"/>
          <line num="439" count="0" type="stmt"/>
          <line num="440" count="0" type="stmt"/>
          <line num="441" count="0" type="stmt"/>
          <line num="442" count="0" type="stmt"/>
          <line num="443" count="0" type="stmt"/>
          <line num="444" count="0" type="stmt"/>
          <line num="445" count="0" type="stmt"/>
          <line num="446" count="0" type="stmt"/>
          <line num="447" count="0" type="stmt"/>
          <line num="448" count="0" type="stmt"/>
          <line num="450" count="0" type="stmt"/>
          <line num="451" count="0" type="stmt"/>
          <line num="452" count="0" type="stmt"/>
          <line num="453" count="0" type="stmt"/>
          <line num="454" count="0" type="stmt"/>
          <line num="455" count="0" type="stmt"/>
          <line num="456" count="0" type="stmt"/>
          <line num="457" count="0" type="stmt"/>
          <line num="458" count="0" type="stmt"/>
          <line num="459" count="0" type="stmt"/>
          <line num="460" count="0" type="stmt"/>
          <line num="463" count="0" type="stmt"/>
          <line num="464" count="0" type="stmt"/>
          <line num="465" count="0" type="stmt"/>
          <line num="468" count="0" type="stmt"/>
          <line num="469" count="0" type="stmt"/>
          <line num="470" count="0" type="stmt"/>
          <line num="471" count="0" type="stmt"/>
          <line num="474" count="0" type="stmt"/>
          <line num="475" count="0" type="stmt"/>
          <line num="476" count="0" type="stmt"/>
          <line num="479" count="0" type="stmt"/>
          <line num="480" count="0" type="stmt"/>
          <line num="481" count="0" type="stmt"/>
          <line num="487" count="0" type="stmt"/>
          <line num="488" count="0" type="stmt"/>
          <line num="491" count="0" type="stmt"/>
          <line num="492" count="0" type="stmt"/>
          <line num="493" count="0" type="stmt"/>
          <line num="496" count="0" type="stmt"/>
          <line num="497" count="0" type="stmt"/>
          <line num="498" count="0" type="stmt"/>
          <line num="501" count="0" type="stmt"/>
          <line num="504" count="0" type="stmt"/>
          <line num="510" count="0" type="stmt"/>
          <line num="513" count="0" type="stmt"/>
          <line num="516" count="0" type="stmt"/>
          <line num="519" count="0" type="stmt"/>
          <line num="522" count="0" type="stmt"/>
          <line num="525" count="0" type="stmt"/>
          <line num="528" count="0" type="stmt"/>
          <line num="531" count="0" type="stmt"/>
          <line num="534" count="0" type="stmt"/>
          <line num="537" count="0" type="stmt"/>
          <line num="540" count="0" type="stmt"/>
          <line num="541" count="0" type="stmt"/>
          <line num="542" count="0" type="stmt"/>
          <line num="543" count="0" type="stmt"/>
          <line num="544" count="0" type="stmt"/>
          <line num="545" count="0" type="stmt"/>
          <line num="546" count="0" type="stmt"/>
          <line num="547" count="0" type="stmt"/>
          <line num="548" count="0" type="stmt"/>
          <line num="549" count="0" type="stmt"/>
          <line num="550" count="0" type="stmt"/>
          <line num="551" count="0" type="stmt"/>
          <line num="552" count="0" type="stmt"/>
          <line num="553" count="0" type="stmt"/>
          <line num="556" count="0" type="stmt"/>
          <line num="557" count="0" type="stmt"/>
          <line num="558" count="0" type="stmt"/>
          <line num="559" count="0" type="stmt"/>
          <line num="560" count="0" type="stmt"/>
          <line num="561" count="0" type="stmt"/>
          <line num="562" count="0" type="stmt"/>
          <line num="563" count="0" type="stmt"/>
          <line num="564" count="0" type="stmt"/>
          <line num="565" count="0" type="stmt"/>
          <line num="566" count="0" type="stmt"/>
          <line num="567" count="0" type="stmt"/>
          <line num="568" count="0" type="stmt"/>
          <line num="569" count="0" type="stmt"/>
          <line num="570" count="0" type="stmt"/>
          <line num="573" count="0" type="stmt"/>
          <line num="574" count="0" type="stmt"/>
          <line num="575" count="0" type="stmt"/>
          <line num="576" count="0" type="stmt"/>
          <line num="577" count="0" type="stmt"/>
          <line num="578" count="0" type="stmt"/>
          <line num="579" count="0" type="stmt"/>
          <line num="580" count="0" type="stmt"/>
          <line num="581" count="0" type="stmt"/>
          <line num="582" count="0" type="stmt"/>
          <line num="583" count="0" type="stmt"/>
          <line num="584" count="0" type="stmt"/>
          <line num="587" count="0" type="stmt"/>
          <line num="593" count="0" type="stmt"/>
          <line num="596" count="0" type="stmt"/>
          <line num="599" count="0" type="stmt"/>
          <line num="611" count="0" type="stmt"/>
          <line num="614" count="0" type="stmt"/>
          <line num="617" count="0" type="stmt"/>
          <line num="626" count="0" type="stmt"/>
          <line num="629" count="0" type="stmt"/>
          <line num="630" count="0" type="stmt"/>
          <line num="635" count="0" type="stmt"/>
          <line num="645" count="0" type="stmt"/>
          <line num="646" count="0" type="stmt"/>
          <line num="657" count="0" type="stmt"/>
          <line num="661" count="0" type="stmt"/>
          <line num="719" count="0" type="stmt"/>
          <line num="728" count="0" type="stmt"/>
          <line num="737" count="0" type="stmt"/>
          <line num="747" count="0" type="stmt"/>
          <line num="748" count="0" type="stmt"/>
          <line num="751" count="0" type="cond" truecount="0" falsecount="4"/>
          <line num="754" count="0" type="cond" truecount="0" falsecount="4"/>
          <line num="757" count="0" type="cond" truecount="0" falsecount="3"/>
          <line num="760" count="0" type="cond" truecount="0" falsecount="4"/>
          <line num="763" count="0" type="cond" truecount="0" falsecount="5"/>
          <line num="766" count="0" type="cond" truecount="0" falsecount="2"/>
          <line num="769" count="0" type="cond" truecount="0" falsecount="2"/>
          <line num="772" count="0" type="stmt"/>
          <line num="773" count="0" type="stmt"/>
          <line num="774" count="0" type="cond" truecount="0" falsecount="3"/>
          <line num="779" count="0" type="cond" truecount="0" falsecount="2"/>
          <line num="780" count="0" type="cond" truecount="0" falsecount="2"/>
          <line num="781" count="0" type="cond" truecount="0" falsecount="2"/>
          <line num="782" count="0" type="cond" truecount="0" falsecount="2"/>
          <line num="783" count="0" type="cond" truecount="0" falsecount="2"/>
          <line num="784" count="0" type="cond" truecount="0" falsecount="2"/>
          <line num="799" count="0" type="cond" truecount="0" falsecount="4"/>
          <line num="800" count="0" type="stmt"/>
          <line num="801" count="0" type="stmt"/>
          <line num="802" count="0" type="stmt"/>
          <line num="803" count="0" type="stmt"/>
          <line num="805" count="0" type="stmt"/>
          <line num="819" count="0" type="stmt"/>
          <line num="820" count="0" type="cond" truecount="0" falsecount="2"/>
          <line num="822" count="0" type="stmt"/>
          <line num="823" count="0" type="stmt"/>
          <line num="824" count="0" type="stmt"/>
          <line num="826" count="0" type="stmt"/>
          <line num="839" count="0" type="stmt"/>
          <line num="840" count="0" type="cond" truecount="0" falsecount="2"/>
          <line num="842" count="0" type="stmt"/>
          <line num="843" count="0" type="cond" truecount="0" falsecount="2"/>
          <line num="844" count="0" type="stmt"/>
          <line num="847" count="0" type="stmt"/>
          <line num="860" count="0" type="cond" truecount="0" falsecount="2"/>
          <line num="862" count="0" type="stmt"/>
          <line num="863" count="0" type="cond" truecount="0" falsecount="2"/>
          <line num="864" count="0" type="stmt"/>
          <line num="867" count="0" type="stmt"/>
          <line num="881" count="0" type="stmt"/>
          <line num="882" count="0" type="cond" truecount="0" falsecount="2"/>
          <line num="884" count="0" type="stmt"/>
          <line num="885" count="0" type="cond" truecount="0" falsecount="2"/>
          <line num="886" count="0" type="stmt"/>
          <line num="889" count="0" type="stmt"/>
          <line num="902" count="0" type="stmt"/>
          <line num="903" count="0" type="cond" truecount="0" falsecount="2"/>
          <line num="904" count="0" type="stmt"/>
          <line num="905" count="0" type="stmt"/>
          <line num="907" count="0" type="stmt"/>
          <line num="908" count="0" type="stmt"/>
          <line num="909" count="0" type="cond" truecount="0" falsecount="2"/>
          <line num="910" count="0" type="stmt"/>
          <line num="913" count="0" type="stmt"/>
          <line num="926" count="0" type="cond" truecount="0" falsecount="2"/>
          <line num="927" count="0" type="cond" truecount="0" falsecount="2"/>
          <line num="940" count="0" type="stmt"/>
          <line num="941" count="0" type="cond" truecount="0" falsecount="2"/>
          <line num="943" count="0" type="stmt"/>
          <line num="944" count="0" type="cond" truecount="0" falsecount="2"/>
          <line num="945" count="0" type="stmt"/>
          <line num="948" count="0" type="stmt"/>
          <line num="961" count="0" type="stmt"/>
          <line num="962" count="0" type="cond" truecount="0" falsecount="2"/>
          <line num="963" count="0" type="stmt"/>
          <line num="965" count="0" type="stmt"/>
          <line num="966" count="0" type="stmt"/>
          <line num="968" count="0" type="stmt"/>
          <line num="980" count="0" type="stmt"/>
          <line num="981" count="0" type="stmt"/>
          <line num="982" count="0" type="stmt"/>
          <line num="984" count="0" type="stmt"/>
          <line num="985" count="0" type="stmt"/>
          <line num="987" count="0" type="stmt"/>
          <line num="1003" count="0" type="stmt"/>
          <line num="1004" count="0" type="cond" truecount="0" falsecount="2"/>
          <line num="1006" count="0" type="cond" truecount="0" falsecount="4"/>
          <line num="1007" count="0" type="stmt"/>
          <line num="1009" count="0" type="stmt"/>
          <line num="1010" count="0" type="stmt"/>
          <line num="1012" count="0" type="stmt"/>
          <line num="1028" count="0" type="cond" truecount="0" falsecount="2"/>
          <line num="1029" count="0" type="cond" truecount="0" falsecount="4"/>
          <line num="1030" count="0" type="stmt"/>
          <line num="1032" count="0" type="stmt"/>
          <line num="1033" count="0" type="stmt"/>
          <line num="1035" count="0" type="stmt"/>
          <line num="1049" count="0" type="stmt"/>
          <line num="1050" count="0" type="cond" truecount="0" falsecount="2"/>
          <line num="1052" count="0" type="stmt"/>
          <line num="1053" count="0" type="cond" truecount="0" falsecount="2"/>
          <line num="1054" count="0" type="stmt"/>
          <line num="1057" count="0" type="stmt"/>
          <line num="1067" count="0" type="stmt"/>
          <line num="1077" count="0" type="stmt"/>
          <line num="1088" count="0" type="cond" truecount="0" falsecount="2"/>
          <line num="1104" count="0" type="stmt"/>
          <line num="1105" count="0" type="cond" truecount="0" falsecount="2"/>
          <line num="1106" count="0" type="stmt"/>
          <line num="1107" count="0" type="stmt"/>
          <line num="1110" count="0" type="stmt"/>
          <line num="1125" count="0" type="stmt"/>
          <line num="1126" count="0" type="cond" truecount="0" falsecount="2"/>
          <line num="1128" count="0" type="cond" truecount="0" falsecount="2"/>
          <line num="1129" count="0" type="cond" truecount="0" falsecount="2"/>
          <line num="1130" count="0" type="stmt"/>
          <line num="1133" count="0" type="stmt"/>
          <line num="1146" count="0" type="cond" truecount="0" falsecount="2"/>
          <line num="1162" count="0" type="stmt"/>
          <line num="1163" count="0" type="stmt"/>
          <line num="1165" count="0" type="stmt"/>
          <line num="1166" count="0" type="cond" truecount="0" falsecount="2"/>
          <line num="1167" count="0" type="stmt"/>
          <line num="1170" count="0" type="stmt"/>
          <line num="1181" count="0" type="stmt"/>
          <line num="1194" count="0" type="cond" truecount="0" falsecount="2"/>
          <line num="1195" count="0" type="cond" truecount="0" falsecount="2"/>
          <line num="1206" count="0" type="stmt"/>
          <line num="1207" count="0" type="cond" truecount="0" falsecount="2"/>
          <line num="1219" count="0" type="stmt"/>
          <line num="1220" count="0" type="cond" truecount="0" falsecount="2"/>
          <line num="1238" count="0" type="stmt"/>
          <line num="1239" count="0" type="cond" truecount="0" falsecount="2"/>
          <line num="1243" count="0" type="stmt"/>
          <line num="1257" count="0" type="stmt"/>
          <line num="1259" count="0" type="stmt"/>
          <line num="1260" count="0" type="stmt"/>
          <line num="1261" count="0" type="stmt"/>
          <line num="1263" count="0" type="stmt"/>
          <line num="1277" count="0" type="stmt"/>
          <line num="1278" count="0" type="stmt"/>
          <line num="1280" count="0" type="stmt"/>
          <line num="1281" count="0" type="stmt"/>
          <line num="1282" count="0" type="cond" truecount="0" falsecount="2"/>
          <line num="1283" count="0" type="cond" truecount="0" falsecount="2"/>
          <line num="1286" count="0" type="stmt"/>
          <line num="1299" count="0" type="stmt"/>
          <line num="1300" count="0" type="stmt"/>
          <line num="1302" count="0" type="stmt"/>
          <line num="1303" count="0" type="stmt"/>
          <line num="1305" count="0" type="stmt"/>
          <line num="1318" count="0" type="stmt"/>
          <line num="1319" count="0" type="stmt"/>
          <line num="1331" count="0" type="stmt"/>
          <line num="1332" count="0" type="stmt"/>
          <line num="1347" count="0" type="stmt"/>
          <line num="1348" count="0" type="stmt"/>
          <line num="1361" count="0" type="stmt"/>
          <line num="1374" count="0" type="stmt"/>
          <line num="1375" count="0" type="stmt"/>
          <line num="1377" count="0" type="cond" truecount="0" falsecount="2"/>
          <line num="1378" count="0" type="stmt"/>
          <line num="1391" count="0" type="stmt"/>
          <line num="1393" count="0" type="cond" truecount="0" falsecount="2"/>
          <line num="1394" count="0" type="stmt"/>
          <line num="1406" count="0" type="stmt"/>
          <line num="1407" count="0" type="stmt"/>
          <line num="1409" count="0" type="stmt"/>
          <line num="1410" count="0" type="cond" truecount="0" falsecount="2"/>
          <line num="1411" count="0" type="stmt"/>
          <line num="1414" count="0" type="stmt"/>
          <line num="1425" count="0" type="stmt"/>
          <line num="1434" count="0" type="stmt"/>
          <line num="1444" count="0" type="stmt"/>
          <line num="1456" count="0" type="cond" truecount="0" falsecount="2"/>
          <line num="1467" count="0" type="stmt"/>
          <line num="1478" count="0" type="stmt"/>
          <line num="1490" count="0" type="stmt"/>
          <line num="1492" count="0" type="stmt"/>
          <line num="1493" count="0" type="stmt"/>
          <line num="1495" count="0" type="stmt"/>
          <line num="1506" count="0" type="stmt"/>
          <line num="1507" count="0" type="stmt"/>
          <line num="1509" count="0" type="stmt"/>
          <line num="1510" count="0" type="stmt"/>
          <line num="1512" count="0" type="stmt"/>
          <line num="1524" count="0" type="stmt"/>
          <line num="1525" count="0" type="stmt"/>
          <line num="1539" count="0" type="stmt"/>
          <line num="1540" count="0" type="stmt"/>
          <line num="1541" count="0" type="stmt"/>
          <line num="1542" count="0" type="stmt"/>
          <line num="1544" count="0" type="stmt"/>
          <line num="1545" count="0" type="stmt"/>
          <line num="1546" count="0" type="cond" truecount="0" falsecount="4"/>
          <line num="1547" count="0" type="stmt"/>
          <line num="1548" count="0" type="stmt"/>
          <line num="1551" count="0" type="stmt"/>
          <line num="1563" count="0" type="cond" truecount="0" falsecount="2"/>
          <line num="1576" count="0" type="stmt"/>
          <line num="1577" count="0" type="stmt"/>
          <line num="1579" count="0" type="stmt"/>
          <line num="1580" count="0" type="stmt"/>
          <line num="1582" count="0" type="stmt"/>
          <line num="1593" count="0" type="stmt"/>
          <line num="1594" count="0" type="stmt"/>
          <line num="1596" count="0" type="stmt"/>
          <line num="1597" count="0" type="stmt"/>
          <line num="1599" count="0" type="stmt"/>
          <line num="1613" count="0" type="stmt"/>
          <line num="1614" count="0" type="stmt"/>
          <line num="1616" count="0" type="stmt"/>
          <line num="1617" count="0" type="cond" truecount="0" falsecount="2"/>
          <line num="1618" count="0" type="stmt"/>
          <line num="1621" count="0" type="stmt"/>
          <line num="1635" count="0" type="stmt"/>
          <line num="1636" count="0" type="stmt"/>
          <line num="1637" count="0" type="cond" truecount="0" falsecount="2"/>
          <line num="1638" count="0" type="stmt"/>
          <line num="1641" count="0" type="stmt"/>
          <line num="1652" count="0" type="cond" truecount="0" falsecount="2"/>
          <line num="1665" count="0" type="cond" truecount="0" falsecount="2"/>
          <line num="1677" count="0" type="stmt"/>
          <line num="1687" count="0" type="stmt"/>
          <line num="1688" count="0" type="stmt"/>
          <line num="1689" count="0" type="stmt"/>
          <line num="1691" count="0" type="stmt"/>
          <line num="1702" count="0" type="cond" truecount="0" falsecount="2"/>
          <line num="1713" count="0" type="cond" truecount="0" falsecount="2"/>
          <line num="1747" count="0" type="stmt"/>
          <line num="1748" count="0" type="cond" truecount="0" falsecount="2"/>
          <line num="1751" count="0" type="stmt"/>
          <line num="1752" count="0" type="stmt"/>
          <line num="1753" count="0" type="stmt"/>
          <line num="1754" count="0" type="stmt"/>
          <line num="1755" count="0" type="stmt"/>
          <line num="1756" count="0" type="stmt"/>
          <line num="1757" count="0" type="stmt"/>
          <line num="1758" count="0" type="stmt"/>
          <line num="1759" count="0" type="stmt"/>
          <line num="1762" count="0" type="stmt"/>
          <line num="1763" count="0" type="stmt"/>
          <line num="1764" count="0" type="stmt"/>
          <line num="1767" count="0" type="stmt"/>
          <line num="1770" count="0" type="stmt"/>
          <line num="1773" count="0" type="stmt"/>
          <line num="1776" count="0" type="stmt"/>
          <line num="1779" count="0" type="stmt"/>
          <line num="1780" count="0" type="cond" truecount="0" falsecount="4"/>
          <line num="1781" count="0" type="cond" truecount="0" falsecount="2"/>
          <line num="1789" count="0" type="stmt"/>
          <line num="1792" count="0" type="stmt"/>
          <line num="1795" count="0" type="stmt"/>
          <line num="1798" count="0" type="stmt"/>
          <line num="1804" count="0" type="cond" truecount="0" falsecount="2"/>
          <line num="1805" count="0" type="stmt"/>
          <line num="1806" count="0" type="stmt"/>
          <line num="1807" count="0" type="cond" truecount="0" falsecount="2"/>
          <line num="1808" count="0" type="stmt"/>
          <line num="1809" count="0" type="stmt"/>
          <line num="1810" count="0" type="stmt"/>
          <line num="1811" count="0" type="stmt"/>
          <line num="1812" count="0" type="cond" truecount="0" falsecount="2"/>
          <line num="1813" count="0" type="cond" truecount="0" falsecount="2"/>
          <line num="1814" count="0" type="cond" truecount="0" falsecount="2"/>
          <line num="1816" count="0" type="stmt"/>
          <line num="1817" count="0" type="stmt"/>
          <line num="1818" count="0" type="stmt"/>
          <line num="1819" count="0" type="stmt"/>
          <line num="1820" count="0" type="stmt"/>
          <line num="1825" count="0" type="cond" truecount="0" falsecount="2"/>
          <line num="1826" count="0" type="cond" truecount="0" falsecount="3"/>
          <line num="1827" count="0" type="cond" truecount="0" falsecount="2"/>
          <line num="1830" count="0" type="stmt"/>
          <line num="1831" count="0" type="stmt"/>
          <line num="1832" count="0" type="stmt"/>
          <line num="1833" count="0" type="cond" truecount="0" falsecount="2"/>
          <line num="1834" count="0" type="stmt"/>
          <line num="1835" count="0" type="stmt"/>
          <line num="1836" count="0" type="stmt"/>
          <line num="1837" count="0" type="stmt"/>
          <line num="1838" count="0" type="stmt"/>
          <line num="1839" count="0" type="stmt"/>
          <line num="1840" count="0" type="stmt"/>
          <line num="1841" count="0" type="stmt"/>
          <line num="1842" count="0" type="stmt"/>
          <line num="1845" count="0" type="stmt"/>
          <line num="1846" count="0" type="stmt"/>
          <line num="1847" count="0" type="stmt"/>
          <line num="1848" count="0" type="stmt"/>
          <line num="1849" count="0" type="stmt"/>
          <line num="1850" count="0" type="stmt"/>
          <line num="1853" count="0" type="cond" truecount="0" falsecount="2"/>
          <line num="1856" count="0" type="stmt"/>
          <line num="1859" count="0" type="stmt"/>
          <line num="1860" count="0" type="stmt"/>
          <line num="1861" count="0" type="stmt"/>
          <line num="1862" count="0" type="stmt"/>
          <line num="1863" count="0" type="stmt"/>
          <line num="1866" count="0" type="cond" truecount="0" falsecount="2"/>
          <line num="1867" count="0" type="cond" truecount="0" falsecount="2"/>
          <line num="1868" count="0" type="cond" truecount="0" falsecount="2"/>
          <line num="1990" count="0" type="cond" truecount="0" falsecount="5"/>
          <line num="1991" count="0" type="cond" truecount="0" falsecount="2"/>
          <line num="1992" count="0" type="stmt"/>
          <line num="1994" count="0" type="cond" truecount="0" falsecount="2"/>
          <line num="1995" count="0" type="stmt"/>
          <line num="1998" count="0" type="stmt"/>
          <line num="2009" count="0" type="stmt"/>
          <line num="2011" count="0" type="stmt"/>
          <line num="2012" count="0" type="cond" truecount="0" falsecount="2"/>
          <line num="2013" count="0" type="stmt"/>
          <line num="2015" count="0" type="cond" truecount="0" falsecount="2"/>
          <line num="2016" count="0" type="stmt"/>
          <line num="2018" count="0" type="stmt"/>
          <line num="2019" count="0" type="stmt"/>
          <line num="2020" count="0" type="stmt"/>
          <line num="2021" count="0" type="stmt"/>
          <line num="2042" count="0" type="stmt"/>
          <line num="2043" count="0" type="stmt"/>
          <line num="2044" count="0" type="stmt"/>
          <line num="2045" count="0" type="stmt"/>
          <line num="2046" count="0" type="stmt"/>
          <line num="2058" count="0" type="stmt"/>
          <line num="2111" count="0" type="stmt"/>
          <line num="2112" count="0" type="stmt"/>
          <line num="2114" count="0" type="stmt"/>
          <line num="2115" count="0" type="stmt"/>
          <line num="2127" count="0" type="stmt"/>
          <line num="2128" count="0" type="stmt"/>
          <line num="2129" count="0" type="stmt"/>
          <line num="2130" count="0" type="stmt"/>
          <line num="2131" count="0" type="stmt"/>
          <line num="2132" count="0" type="stmt"/>
          <line num="2133" count="0" type="stmt"/>
          <line num="2145" count="0" type="stmt"/>
          <line num="2146" count="0" type="stmt"/>
          <line num="2147" count="0" type="stmt"/>
          <line num="2148" count="0" type="stmt"/>
          <line num="2149" count="0" type="stmt"/>
          <line num="2150" count="0" type="stmt"/>
          <line num="2151" count="0" type="stmt"/>
          <line num="2152" count="0" type="stmt"/>
          <line num="2164" count="0" type="cond" truecount="0" falsecount="2"/>
          <line num="2165" count="0" type="stmt"/>
          <line num="2166" count="0" type="stmt"/>
          <line num="2167" count="0" type="stmt"/>
          <line num="2169" count="0" type="stmt"/>
          <line num="2170" count="0" type="stmt"/>
          <line num="2172" count="0" type="stmt"/>
          <line num="2184" count="0" type="stmt"/>
          <line num="2185" count="0" type="stmt"/>
          <line num="2186" count="0" type="stmt"/>
          <line num="2187" count="0" type="stmt"/>
          <line num="2188" count="0" type="cond" truecount="0" falsecount="2"/>
          <line num="2189" count="0" type="stmt"/>
          <line num="2190" count="0" type="stmt"/>
          <line num="2191" count="0" type="stmt"/>
          <line num="2192" count="0" type="stmt"/>
          <line num="2193" count="0" type="cond" truecount="0" falsecount="2"/>
          <line num="2194" count="0" type="stmt"/>
          <line num="2195" count="0" type="stmt"/>
          <line num="2196" count="0" type="stmt"/>
          <line num="2197" count="0" type="stmt"/>
          <line num="2199" count="0" type="cond" truecount="0" falsecount="6"/>
          <line num="2200" count="0" type="stmt"/>
          <line num="2202" count="0" type="stmt"/>
          <line num="2204" count="0" type="stmt"/>
          <line num="2205" count="0" type="cond" truecount="0" falsecount="2"/>
          <line num="2206" count="0" type="stmt"/>
          <line num="2208" count="0" type="stmt"/>
          <line num="2209" count="0" type="stmt"/>
          <line num="2211" count="0" type="stmt"/>
          <line num="2212" count="0" type="stmt"/>
          <line num="2213" count="0" type="stmt"/>
          <line num="2214" count="0" type="stmt"/>
          <line num="2215" count="0" type="stmt"/>
          <line num="2217" count="0" type="cond" truecount="0" falsecount="2"/>
          <line num="2218" count="0" type="stmt"/>
          <line num="2219" count="0" type="cond" truecount="0" falsecount="2"/>
          <line num="2220" count="0" type="cond" truecount="0" falsecount="2"/>
          <line num="2221" count="0" type="stmt"/>
          <line num="2223" count="0" type="stmt"/>
          <line num="2227" count="0" type="stmt"/>
          <line num="2229" count="0" type="stmt"/>
          <line num="2233" count="0" type="stmt"/>
          <line num="2234" count="0" type="stmt"/>
          <line num="2246" count="0" type="stmt"/>
          <line num="2247" count="0" type="cond" truecount="0" falsecount="2"/>
          <line num="2249" count="0" type="stmt"/>
          <line num="2250" count="0" type="stmt"/>
          <line num="2251" count="0" type="stmt"/>
          <line num="2252" count="0" type="stmt"/>
          <line num="2264" count="0" type="cond" truecount="0" falsecount="2"/>
          <line num="2265" count="0" type="stmt"/>
          <line num="2279" count="0" type="cond" truecount="0" falsecount="2"/>
          <line num="2280" count="0" type="cond" truecount="0" falsecount="2"/>
          <line num="2281" count="0" type="stmt"/>
          <line num="2294" count="0" type="stmt"/>
          <line num="2295" count="0" type="cond" truecount="0" falsecount="2"/>
          <line num="2296" count="0" type="stmt"/>
          <line num="2297" count="0" type="cond" truecount="0" falsecount="2"/>
          <line num="2299" count="0" type="cond" truecount="0" falsecount="2"/>
          <line num="2312" count="0" type="stmt"/>
          <line num="2313" count="0" type="cond" truecount="0" falsecount="2"/>
          <line num="2327" count="0" type="stmt"/>
          <line num="2328" count="0" type="cond" truecount="0" falsecount="2"/>
          <line num="2329" count="0" type="cond" truecount="0" falsecount="4"/>
          <line num="2330" count="0" type="stmt"/>
          <line num="2334" count="0" type="stmt"/>
          <line num="2335" count="0" type="stmt"/>
          <line num="2336" count="0" type="stmt"/>
          <line num="2337" count="0" type="stmt"/>
          <line num="2338" count="0" type="stmt"/>
          <line num="2350" count="0" type="stmt"/>
          <line num="2351" count="0" type="cond" truecount="0" falsecount="2"/>
          <line num="2353" count="0" type="stmt"/>
          <line num="2354" count="0" type="stmt"/>
          <line num="2355" count="0" type="stmt"/>
          <line num="2356" count="0" type="stmt"/>
          <line num="2368" count="0" type="stmt"/>
          <line num="2369" count="0" type="stmt"/>
          <line num="2382" count="0" type="stmt"/>
          <line num="2383" count="0" type="stmt"/>
          <line num="2385" count="0" type="cond" truecount="0" falsecount="2"/>
          <line num="2386" count="0" type="stmt"/>
          <line num="2388" count="0" type="stmt"/>
          <line num="2389" count="0" type="cond" truecount="0" falsecount="2"/>
          <line num="2390" count="0" type="stmt"/>
          <line num="2392" count="0" type="stmt"/>
          <line num="2394" count="0" type="stmt"/>
          <line num="2395" count="0" type="stmt"/>
          <line num="2408" count="0" type="stmt"/>
          <line num="2409" count="0" type="stmt"/>
          <line num="2411" count="0" type="cond" truecount="0" falsecount="2"/>
          <line num="2424" count="0" type="stmt"/>
          <line num="2438" count="0" type="stmt"/>
          <line num="2439" count="0" type="stmt"/>
          <line num="2441" count="0" type="cond" truecount="0" falsecount="2"/>
          <line num="2442" count="0" type="stmt"/>
          <line num="2443" count="0" type="stmt"/>
          <line num="2445" count="0" type="stmt"/>
          <line num="2447" count="0" type="stmt"/>
          <line num="2451" count="0" type="stmt"/>
          <line num="2452" count="0" type="stmt"/>
          <line num="2453" count="0" type="stmt"/>
          <line num="2454" count="0" type="stmt"/>
          <line num="2455" count="0" type="stmt"/>
          <line num="2467" count="0" type="stmt"/>
          <line num="2468" count="0" type="cond" truecount="0" falsecount="2"/>
          <line num="2470" count="0" type="stmt"/>
          <line num="2471" count="0" type="stmt"/>
          <line num="2472" count="0" type="stmt"/>
          <line num="2473" count="0" type="stmt"/>
          <line num="2485" count="0" type="stmt"/>
          <line num="2486" count="0" type="stmt"/>
          <line num="2503" count="0" type="stmt"/>
          <line num="2504" count="0" type="cond" truecount="0" falsecount="2"/>
          <line num="2505" count="0" type="stmt"/>
          <line num="2518" count="0" type="stmt"/>
          <line num="2531" count="0" type="stmt"/>
          <line num="2545" count="0" type="stmt"/>
          <line num="2546" count="0" type="stmt"/>
          <line num="2548" count="0" type="stmt"/>
          <line num="2549" count="0" type="cond" truecount="0" falsecount="2"/>
          <line num="2550" count="0" type="stmt"/>
          <line num="2554" count="0" type="stmt"/>
          <line num="2555" count="0" type="stmt"/>
          <line num="2556" count="0" type="stmt"/>
          <line num="2557" count="0" type="stmt"/>
          <line num="2558" count="0" type="stmt"/>
          <line num="2571" count="0" type="stmt"/>
          <line num="2572" count="0" type="cond" truecount="0" falsecount="2"/>
          <line num="2574" count="0" type="stmt"/>
          <line num="2575" count="0" type="stmt"/>
          <line num="2576" count="0" type="stmt"/>
          <line num="2591" count="0" type="stmt"/>
          <line num="2592" count="0" type="stmt"/>
          <line num="2605" count="0" type="stmt"/>
          <line num="2609" count="0" type="stmt"/>
          <line num="2610" count="0" type="stmt"/>
          <line num="2622" count="0" type="stmt"/>
          <line num="2623" count="0" type="stmt"/>
          <line num="2634" count="0" type="stmt"/>
          <line num="2635" count="0" type="stmt"/>
          <line num="2648" count="0" type="stmt"/>
          <line num="2649" count="0" type="stmt"/>
          <line num="2651" count="0" type="stmt"/>
          <line num="2652" count="0" type="stmt"/>
          <line num="2665" count="0" type="stmt"/>
          <line num="2678" count="0" type="stmt"/>
          <line num="2692" count="0" type="stmt"/>
          <line num="2693" count="0" type="cond" truecount="0" falsecount="2"/>
          <line num="2694" count="0" type="stmt"/>
          <line num="2695" count="0" type="cond" truecount="0" falsecount="4"/>
          <line num="2696" count="0" type="stmt"/>
          <line num="2697" count="0" type="stmt"/>
          <line num="2698" count="0" type="stmt"/>
          <line num="2700" count="0" type="stmt"/>
          <line num="2702" count="0" type="stmt"/>
          <line num="2703" count="0" type="stmt"/>
          <line num="2704" count="0" type="stmt"/>
          <line num="2708" count="0" type="stmt"/>
          <line num="2709" count="0" type="stmt"/>
          <line num="2710" count="0" type="stmt"/>
          <line num="2711" count="0" type="stmt"/>
          <line num="2712" count="0" type="stmt"/>
          <line num="2725" count="0" type="stmt"/>
          <line num="2726" count="0" type="cond" truecount="0" falsecount="2"/>
          <line num="2727" count="0" type="cond" truecount="0" falsecount="3"/>
          <line num="2728" count="0" type="cond" truecount="0" falsecount="4"/>
          <line num="2729" count="0" type="cond" truecount="0" falsecount="4"/>
          <line num="2730" count="0" type="cond" truecount="0" falsecount="2"/>
          <line num="2731" count="0" type="stmt"/>
          <line num="2733" count="0" type="stmt"/>
          <line num="2734" count="0" type="cond" truecount="0" falsecount="5"/>
          <line num="2745" count="0" type="stmt"/>
          <line num="2748" count="0" type="stmt"/>
          <line num="2759" count="0" type="stmt"/>
          <line num="2760" count="0" type="cond" truecount="0" falsecount="2"/>
          <line num="2772" count="0" type="stmt"/>
          <line num="2783" count="0" type="stmt"/>
          <line num="2796" count="0" type="cond" truecount="0" falsecount="6"/>
          <line num="2798" count="0" type="stmt"/>
          <line num="2813" count="0" type="stmt"/>
          <line num="2814" count="0" type="cond" truecount="0" falsecount="7"/>
          <line num="2816" count="0" type="stmt"/>
          <line num="2829" count="0" type="stmt"/>
          <line num="2830" count="0" type="stmt"/>
          <line num="2831" count="0" type="cond" truecount="0" falsecount="2"/>
          <line num="2832" count="0" type="stmt"/>
          <line num="2835" count="0" type="stmt"/>
          <line num="2850" count="0" type="stmt"/>
          <line num="2851" count="0" type="stmt"/>
          <line num="2853" count="0" type="stmt"/>
          <line num="2866" count="0" type="cond" truecount="0" falsecount="2"/>
          <line num="2879" count="0" type="cond" truecount="0" falsecount="2"/>
          <line num="2892" count="0" type="cond" truecount="0" falsecount="4"/>
          <line num="2893" count="0" type="stmt"/>
          <line num="2900" count="0" type="stmt"/>
          <line num="2913" count="0" type="stmt"/>
          <line num="2914" count="0" type="stmt"/>
          <line num="2915" count="0" type="stmt"/>
          <line num="2916" count="0" type="stmt"/>
          <line num="2918" count="0" type="stmt"/>
          <line num="2919" count="0" type="cond" truecount="0" falsecount="2"/>
          <line num="2921" count="0" type="stmt"/>
          <line num="2934" count="0" type="cond" truecount="0" falsecount="2"/>
          <line num="2935" count="0" type="cond" truecount="0" falsecount="2"/>
          <line num="2936" count="0" type="cond" truecount="0" falsecount="2"/>
          <line num="2938" count="0" type="cond" truecount="0" falsecount="2"/>
          <line num="2939" count="0" type="cond" truecount="0" falsecount="2"/>
          <line num="2942" count="0" type="stmt"/>
          <line num="2963" count="0" type="stmt"/>
          <line num="2964" count="0" type="stmt"/>
          <line num="2965" count="0" type="stmt"/>
          <line num="2967" count="0" type="cond" truecount="0" falsecount="2"/>
          <line num="2968" count="0" type="cond" truecount="0" falsecount="2"/>
          <line num="2970" count="0" type="cond" truecount="0" falsecount="2"/>
          <line num="2971" count="0" type="stmt"/>
          <line num="2973" count="0" type="cond" truecount="0" falsecount="2"/>
          <line num="2974" count="0" type="stmt"/>
          <line num="2976" count="0" type="stmt"/>
          <line num="2977" count="0" type="cond" truecount="0" falsecount="2"/>
          <line num="2978" count="0" type="stmt"/>
          <line num="2979" count="0" type="cond" truecount="0" falsecount="2"/>
          <line num="2980" count="0" type="stmt"/>
          <line num="2983" count="0" type="stmt"/>
          <line num="2984" count="0" type="cond" truecount="0" falsecount="2"/>
          <line num="2986" count="0" type="cond" truecount="0" falsecount="2"/>
          <line num="2987" count="0" type="stmt"/>
          <line num="2989" count="0" type="cond" truecount="0" falsecount="6"/>
          <line num="2990" count="0" type="cond" truecount="0" falsecount="4"/>
          <line num="2991" count="0" type="cond" truecount="0" falsecount="2"/>
          <line num="2992" count="0" type="cond" truecount="0" falsecount="2"/>
          <line num="2997" count="0" type="cond" truecount="0" falsecount="2"/>
          <line num="2998" count="0" type="cond" truecount="0" falsecount="2"/>
          <line num="3000" count="0" type="stmt"/>
          <line num="3004" count="0" type="cond" truecount="0" falsecount="2"/>
          <line num="3005" count="0" type="stmt"/>
          <line num="3006" count="0" type="cond" truecount="0" falsecount="2"/>
          <line num="3007" count="0" type="stmt"/>
          <line num="3009" count="0" type="stmt"/>
          <line num="3011" count="0" type="cond" truecount="0" falsecount="2"/>
          <line num="3012" count="0" type="stmt"/>
          <line num="3013" count="0" type="stmt"/>
          <line num="3016" count="0" type="stmt"/>
          <line num="3019" count="0" type="cond" truecount="0" falsecount="2"/>
          <line num="3020" count="0" type="stmt"/>
          <line num="3021" count="0" type="stmt"/>
          <line num="3024" count="0" type="stmt"/>
          <line num="3027" count="0" type="cond" truecount="0" falsecount="2"/>
          <line num="3031" count="0" type="cond" truecount="0" falsecount="2"/>
          <line num="3032" count="0" type="cond" truecount="0" falsecount="2"/>
          <line num="3033" count="0" type="cond" truecount="0" falsecount="2"/>
          <line num="3034" count="0" type="stmt"/>
          <line num="3035" count="0" type="stmt"/>
          <line num="3038" count="0" type="stmt"/>
          <line num="3040" count="0" type="stmt"/>
          <line num="3051" count="0" type="stmt"/>
          <line num="3052" count="0" type="stmt"/>
          <line num="3053" count="0" type="stmt"/>
          <line num="3066" count="0" type="stmt"/>
          <line num="3067" count="0" type="cond" truecount="0" falsecount="2"/>
          <line num="3068" count="0" type="stmt"/>
          <line num="3070" count="0" type="stmt"/>
          <line num="3071" count="0" type="stmt"/>
          <line num="3072" count="0" type="stmt"/>
          <line num="3073" count="0" type="stmt"/>
          <line num="3074" count="0" type="stmt"/>
          <line num="3076" count="0" type="cond" truecount="0" falsecount="5"/>
          <line num="3077" count="0" type="stmt"/>
          <line num="3080" count="0" type="stmt"/>
          <line num="3094" count="0" type="cond" truecount="0" falsecount="2"/>
          <line num="3095" count="0" type="stmt"/>
          <line num="3097" count="0" type="stmt"/>
          <line num="3112" count="0" type="stmt"/>
          <line num="3113" count="0" type="stmt"/>
          <line num="3114" count="0" type="stmt"/>
          <line num="3115" count="0" type="stmt"/>
          <line num="3116" count="0" type="stmt"/>
          <line num="3117" count="0" type="stmt"/>
          <line num="3119" count="0" type="cond" truecount="0" falsecount="2"/>
          <line num="3120" count="0" type="stmt"/>
          <line num="3122" count="0" type="cond" truecount="0" falsecount="2"/>
          <line num="3123" count="0" type="stmt"/>
          <line num="3125" count="0" type="cond" truecount="0" falsecount="2"/>
          <line num="3126" count="0" type="stmt"/>
          <line num="3127" count="0" type="stmt"/>
          <line num="3129" count="0" type="cond" truecount="0" falsecount="2"/>
          <line num="3130" count="0" type="stmt"/>
          <line num="3131" count="0" type="stmt"/>
          <line num="3132" count="0" type="stmt"/>
          <line num="3134" count="0" type="stmt"/>
          <line num="3135" count="0" type="stmt"/>
          <line num="3136" count="0" type="stmt"/>
          <line num="3137" count="0" type="cond" truecount="0" falsecount="2"/>
          <line num="3139" count="0" type="cond" truecount="0" falsecount="4"/>
          <line num="3140" count="0" type="cond" truecount="0" falsecount="4"/>
          <line num="3141" count="0" type="stmt"/>
          <line num="3142" count="0" type="stmt"/>
          <line num="3143" count="0" type="cond" truecount="0" falsecount="2"/>
          <line num="3144" count="0" type="stmt"/>
          <line num="3147" count="0" type="stmt"/>
          <line num="3149" count="0" type="cond" truecount="0" falsecount="2"/>
          <line num="3150" count="0" type="stmt"/>
          <line num="3153" count="0" type="stmt"/>
          <line num="3164" count="0" type="stmt"/>
          <line num="3174" count="0" type="stmt"/>
          <line num="3186" count="0" type="stmt"/>
          <line num="3187" count="0" type="stmt"/>
          <line num="3188" count="0" type="stmt"/>
          <line num="3189" count="0" type="stmt"/>
          <line num="3191" count="0" type="stmt"/>
          <line num="3205" count="0" type="stmt"/>
          <line num="3206" count="0" type="stmt"/>
          <line num="3208" count="0" type="stmt"/>
          <line num="3209" count="0" type="stmt"/>
          <line num="3210" count="0" type="stmt"/>
          <line num="3212" count="0" type="cond" truecount="0" falsecount="6"/>
          <line num="3216" count="0" type="stmt"/>
          <line num="3217" count="0" type="stmt"/>
          <line num="3220" count="0" type="stmt"/>
          <line num="3234" count="0" type="stmt"/>
          <line num="3236" count="0" type="stmt"/>
          <line num="3237" count="0" type="cond" truecount="0" falsecount="2"/>
          <line num="3238" count="0" type="cond" truecount="0" falsecount="2"/>
          <line num="3240" count="0" type="cond" truecount="0" falsecount="4"/>
          <line num="3241" count="0" type="cond" truecount="0" falsecount="2"/>
          <line num="3242" count="0" type="stmt"/>
          <line num="3244" count="0" type="cond" truecount="0" falsecount="2"/>
          <line num="3245" count="0" type="stmt"/>
          <line num="3246" count="0" type="stmt"/>
          <line num="3248" count="0" type="stmt"/>
          <line num="3260" count="0" type="stmt"/>
          <line num="3261" count="0" type="stmt"/>
          <line num="3262" count="0" type="cond" truecount="0" falsecount="2"/>
          <line num="3263" count="0" type="stmt"/>
          <line num="3266" count="0" type="stmt"/>
          <line num="3281" count="0" type="stmt"/>
          <line num="3282" count="0" type="stmt"/>
          <line num="3284" count="0" type="cond" truecount="0" falsecount="2"/>
          <line num="3285" count="0" type="cond" truecount="0" falsecount="2"/>
          <line num="3287" count="0" type="stmt"/>
          <line num="3288" count="0" type="stmt"/>
          <line num="3289" count="0" type="cond" truecount="0" falsecount="4"/>
          <line num="3290" count="0" type="cond" truecount="0" falsecount="2"/>
          <line num="3292" count="0" type="stmt"/>
          <line num="3294" count="0" type="stmt"/>
          <line num="3296" count="0" type="cond" truecount="0" falsecount="2"/>
          <line num="3297" count="0" type="stmt"/>
          <line num="3300" count="0" type="stmt"/>
          <line num="3314" count="0" type="stmt"/>
          <line num="3326" count="0" type="stmt"/>
          <line num="3337" count="0" type="cond" truecount="0" falsecount="2"/>
          <line num="3349" count="0" type="cond" truecount="0" falsecount="2"/>
          <line num="3362" count="0" type="stmt"/>
          <line num="3363" count="0" type="stmt"/>
          <line num="3376" count="0" type="stmt"/>
          <line num="3378" count="0" type="stmt"/>
          <line num="3379" count="0" type="stmt"/>
          <line num="3381" count="0" type="cond" truecount="0" falsecount="2"/>
          <line num="3382" count="0" type="stmt"/>
          <line num="3384" count="0" type="cond" truecount="0" falsecount="4"/>
          <line num="3399" count="0" type="stmt"/>
          <line num="3400" count="0" type="cond" truecount="0" falsecount="2"/>
          <line num="3411" count="0" type="cond" truecount="0" falsecount="2"/>
          <line num="3412" count="0" type="cond" truecount="0" falsecount="2"/>
          <line num="3414" count="0" type="cond" truecount="0" falsecount="4"/>
          <line num="3429" count="0" type="stmt"/>
          <line num="3441" count="0" type="cond" truecount="0" falsecount="2"/>
          <line num="3453" count="0" type="cond" truecount="0" falsecount="2"/>
          <line num="3466" count="0" type="cond" truecount="0" falsecount="2"/>
          <line num="3480" count="0" type="cond" truecount="0" falsecount="2"/>
          <line num="3481" count="0" type="stmt"/>
          <line num="3482" count="0" type="stmt"/>
          <line num="3483" count="0" type="stmt"/>
          <line num="3484" count="0" type="stmt"/>
          <line num="3485" count="0" type="stmt"/>
          <line num="3486" count="0" type="stmt"/>
          <line num="3488" count="0" type="stmt"/>
          <line num="3489" count="0" type="stmt"/>
          <line num="3490" count="0" type="cond" truecount="0" falsecount="4"/>
          <line num="3491" count="0" type="stmt"/>
          <line num="3493" count="0" type="stmt"/>
          <line num="3494" count="0" type="cond" truecount="0" falsecount="6"/>
          <line num="3498" count="0" type="stmt"/>
          <line num="3500" count="0" type="stmt"/>
          <line num="3501" count="0" type="stmt"/>
          <line num="3503" count="0" type="stmt"/>
          <line num="3504" count="0" type="cond" truecount="0" falsecount="2"/>
          <line num="3505" count="0" type="stmt"/>
          <line num="3506" count="0" type="cond" truecount="0" falsecount="2"/>
          <line num="3508" count="0" type="cond" truecount="0" falsecount="4"/>
          <line num="3509" count="0" type="cond" truecount="0" falsecount="4"/>
          <line num="3513" count="0" type="stmt"/>
          <line num="3514" count="0" type="stmt"/>
          <line num="3515" count="0" type="stmt"/>
          <line num="3516" count="0" type="cond" truecount="0" falsecount="4"/>
          <line num="3520" count="0" type="stmt"/>
          <line num="3523" count="0" type="cond" truecount="0" falsecount="2"/>
          <line num="3524" count="0" type="stmt"/>
          <line num="3526" count="0" type="stmt"/>
          <line num="3529" count="0" type="stmt"/>
          <line num="3544" count="0" type="stmt"/>
          <line num="3545" count="0" type="stmt"/>
          <line num="3547" count="0" type="stmt"/>
          <line num="3561" count="0" type="stmt"/>
          <line num="3562" count="0" type="stmt"/>
          <line num="3563" count="0" type="cond" truecount="0" falsecount="2"/>
          <line num="3564" count="0" type="cond" truecount="0" falsecount="2"/>
          <line num="3575" count="0" type="cond" truecount="0" falsecount="2"/>
          <line num="3586" count="0" type="cond" truecount="0" falsecount="2"/>
          <line num="3597" count="0" type="cond" truecount="0" falsecount="2"/>
          <line num="3615" count="0" type="cond" truecount="0" falsecount="2"/>
          <line num="3616" count="0" type="stmt"/>
          <line num="3618" count="0" type="cond" truecount="0" falsecount="6"/>
          <line num="3619" count="0" type="cond" truecount="0" falsecount="2"/>
          <line num="3621" count="0" type="stmt"/>
          <line num="3639" count="0" type="stmt"/>
          <line num="3640" count="0" type="stmt"/>
          <line num="3641" count="0" type="cond" truecount="0" falsecount="2"/>
          <line num="3642" count="0" type="cond" truecount="0" falsecount="2"/>
          <line num="3644" count="0" type="cond" truecount="0" falsecount="2"/>
          <line num="3645" count="0" type="cond" truecount="0" falsecount="2"/>
          <line num="3647" count="0" type="stmt"/>
          <line num="3648" count="0" type="stmt"/>
          <line num="3649" count="0" type="stmt"/>
          <line num="3651" count="0" type="cond" truecount="0" falsecount="4"/>
          <line num="3652" count="0" type="cond" truecount="0" falsecount="2"/>
          <line num="3653" count="0" type="stmt"/>
          <line num="3655" count="0" type="stmt"/>
          <line num="3656" count="0" type="stmt"/>
          <line num="3658" count="0" type="cond" truecount="0" falsecount="4"/>
          <line num="3659" count="0" type="cond" truecount="0" falsecount="2"/>
          <line num="3660" count="0" type="cond" truecount="0" falsecount="4"/>
          <line num="3664" count="0" type="cond" truecount="0" falsecount="2"/>
          <line num="3665" count="0" type="cond" truecount="0" falsecount="2"/>
          <line num="3666" count="0" type="cond" truecount="0" falsecount="2"/>
          <line num="3668" count="0" type="cond" truecount="0" falsecount="4"/>
          <line num="3669" count="0" type="cond" truecount="0" falsecount="2"/>
          <line num="3670" count="0" type="cond" truecount="0" falsecount="2"/>
          <line num="3672" count="0" type="cond" truecount="0" falsecount="2"/>
          <line num="3673" count="0" type="stmt"/>
          <line num="3676" count="0" type="cond" truecount="0" falsecount="2"/>
          <line num="3677" count="0" type="stmt"/>
          <line num="3679" count="0" type="cond" truecount="0" falsecount="2"/>
          <line num="3680" count="0" type="stmt"/>
          <line num="3691" count="0" type="cond" truecount="0" falsecount="2"/>
          <line num="3705" count="0" type="stmt"/>
          <line num="3706" count="0" type="stmt"/>
          <line num="3707" count="0" type="stmt"/>
          <line num="3709" count="0" type="cond" truecount="0" falsecount="2"/>
          <line num="3710" count="0" type="stmt"/>
          <line num="3712" count="0" type="stmt"/>
          <line num="3713" count="0" type="stmt"/>
          <line num="3714" count="0" type="stmt"/>
          <line num="3715" count="0" type="cond" truecount="0" falsecount="6"/>
          <line num="3719" count="0" type="stmt"/>
          <line num="3722" count="0" type="stmt"/>
          <line num="3723" count="0" type="stmt"/>
          <line num="3724" count="0" type="stmt"/>
          <line num="3725" count="0" type="stmt"/>
          <line num="3726" count="0" type="stmt"/>
          <line num="3728" count="0" type="cond" truecount="0" falsecount="4"/>
          <line num="3729" count="0" type="cond" truecount="0" falsecount="4"/>
          <line num="3730" count="0" type="stmt"/>
          <line num="3733" count="0" type="stmt"/>
          <line num="3734" count="0" type="cond" truecount="0" falsecount="2"/>
          <line num="3735" count="0" type="stmt"/>
          <line num="3737" count="0" type="cond" truecount="0" falsecount="4"/>
          <line num="3741" count="0" type="stmt"/>
          <line num="3745" count="0" type="stmt"/>
          <line num="3757" count="0" type="cond" truecount="0" falsecount="4"/>
          <line num="3758" count="0" type="stmt"/>
          <line num="3760" count="0" type="cond" truecount="0" falsecount="2"/>
          <line num="3761" count="0" type="stmt"/>
          <line num="3772" count="0" type="cond" truecount="0" falsecount="2"/>
          <line num="3783" count="0" type="cond" truecount="0" falsecount="2"/>
          <line num="3794" count="0" type="cond" truecount="0" falsecount="3"/>
          <line num="3808" count="0" type="cond" truecount="0" falsecount="2"/>
          <line num="3809" count="0" type="stmt"/>
          <line num="3811" count="0" type="cond" truecount="0" falsecount="2"/>
          <line num="3812" count="0" type="stmt"/>
          <line num="3814" count="0" type="cond" truecount="0" falsecount="2"/>
          <line num="3815" count="0" type="cond" truecount="0" falsecount="2"/>
          <line num="3819" count="0" type="stmt"/>
          <line num="3830" count="0" type="cond" truecount="0" falsecount="2"/>
          <line num="3831" count="0" type="stmt"/>
          <line num="3833" count="0" type="stmt"/>
          <line num="3834" count="0" type="stmt"/>
          <line num="3835" count="0" type="cond" truecount="0" falsecount="4"/>
          <line num="3836" count="0" type="stmt"/>
          <line num="3839" count="0" type="stmt"/>
          <line num="3850" count="0" type="cond" truecount="0" falsecount="2"/>
          <line num="3851" count="0" type="stmt"/>
          <line num="3853" count="0" type="stmt"/>
          <line num="3854" count="0" type="stmt"/>
          <line num="3856" count="0" type="stmt"/>
          <line num="3857" count="0" type="cond" truecount="0" falsecount="5"/>
          <line num="3858" count="0" type="stmt"/>
          <line num="3861" count="0" type="stmt"/>
          <line num="3874" count="0" type="stmt"/>
          <line num="3886" count="0" type="stmt"/>
          <line num="3887" count="0" type="cond" truecount="0" falsecount="2"/>
          <line num="3889" count="0" type="stmt"/>
          <line num="3890" count="0" type="stmt"/>
          <line num="3892" count="0" type="stmt"/>
          <line num="3903" count="0" type="stmt"/>
          <line num="3904" count="0" type="cond" truecount="0" falsecount="4"/>
          <line num="3905" count="0" type="stmt"/>
          <line num="3907" count="0" type="stmt"/>
          <line num="3908" count="0" type="cond" truecount="0" falsecount="2"/>
          <line num="3921" count="0" type="cond" truecount="0" falsecount="4"/>
          <line num="3922" count="0" type="stmt"/>
          <line num="3924" count="0" type="stmt"/>
          <line num="3925" count="0" type="stmt"/>
          <line num="3926" count="0" type="cond" truecount="0" falsecount="4"/>
          <line num="3944" count="0" type="cond" truecount="0" falsecount="2"/>
          <line num="3945" count="0" type="stmt"/>
          <line num="3947" count="0" type="stmt"/>
          <line num="3948" count="0" type="cond" truecount="0" falsecount="2"/>
          <line num="3949" count="0" type="cond" truecount="0" falsecount="2"/>
          <line num="3950" count="0" type="stmt"/>
          <line num="3953" count="0" type="cond" truecount="0" falsecount="2"/>
          <line num="3957" count="0" type="cond" truecount="0" falsecount="2"/>
          <line num="3958" count="0" type="stmt"/>
          <line num="3960" count="0" type="stmt"/>
          <line num="3981" count="0" type="stmt"/>
          <line num="3982" count="0" type="stmt"/>
          <line num="3983" count="0" type="stmt"/>
          <line num="3985" count="0" type="cond" truecount="0" falsecount="2"/>
          <line num="3986" count="0" type="stmt"/>
          <line num="3987" count="0" type="stmt"/>
          <line num="3989" count="0" type="cond" truecount="0" falsecount="2"/>
          <line num="3993" count="0" type="stmt"/>
          <line num="3995" count="0" type="cond" truecount="0" falsecount="2"/>
          <line num="3996" count="0" type="stmt"/>
          <line num="3997" count="0" type="cond" truecount="0" falsecount="2"/>
          <line num="3998" count="0" type="cond" truecount="0" falsecount="3"/>
          <line num="4000" count="0" type="stmt"/>
          <line num="4001" count="0" type="cond" truecount="0" falsecount="5"/>
          <line num="4002" count="0" type="cond" truecount="0" falsecount="2"/>
          <line num="4003" count="0" type="stmt"/>
          <line num="4005" count="0" type="cond" truecount="0" falsecount="2"/>
          <line num="4006" count="0" type="stmt"/>
          <line num="4008" count="0" type="cond" truecount="0" falsecount="2"/>
          <line num="4009" count="0" type="stmt"/>
          <line num="4010" count="0" type="stmt"/>
          <line num="4012" count="0" type="cond" truecount="0" falsecount="2"/>
          <line num="4013" count="0" type="stmt"/>
          <line num="4014" count="0" type="stmt"/>
          <line num="4017" count="0" type="stmt"/>
          <line num="4020" count="0" type="cond" truecount="0" falsecount="4"/>
          <line num="4021" count="0" type="stmt"/>
          <line num="4022" count="0" type="cond" truecount="0" falsecount="2"/>
          <line num="4023" count="0" type="stmt"/>
          <line num="4025" count="0" type="cond" truecount="0" falsecount="5"/>
          <line num="4026" count="0" type="stmt"/>
          <line num="4030" count="0" type="stmt"/>
          <line num="4033" count="0" type="cond" truecount="0" falsecount="2"/>
          <line num="4035" count="0" type="stmt"/>
          <line num="4036" count="0" type="stmt"/>
          <line num="4037" count="0" type="stmt"/>
          <line num="4039" count="0" type="stmt"/>
          <line num="4051" count="0" type="stmt"/>
          <line num="4052" count="0" type="cond" truecount="0" falsecount="2"/>
          <line num="4053" count="0" type="stmt"/>
          <line num="4055" count="0" type="cond" truecount="0" falsecount="2"/>
          <line num="4056" count="0" type="cond" truecount="0" falsecount="2"/>
          <line num="4069" count="0" type="stmt"/>
          <line num="4070" count="0" type="cond" truecount="0" falsecount="2"/>
          <line num="4072" count="0" type="stmt"/>
          <line num="4073" count="0" type="stmt"/>
          <line num="4074" count="0" type="stmt"/>
          <line num="4076" count="0" type="stmt"/>
          <line num="4079" count="0" type="stmt"/>
          <line num="4080" count="0" type="stmt"/>
          <line num="4094" count="0" type="stmt"/>
          <line num="4095" count="0" type="stmt"/>
          <line num="4109" count="0" type="stmt"/>
          <line num="4110" count="0" type="stmt"/>
          <line num="4111" count="0" type="stmt"/>
          <line num="4113" count="0" type="stmt"/>
          <line num="4114" count="0" type="stmt"/>
          <line num="4115" count="0" type="stmt"/>
          <line num="4117" count="0" type="cond" truecount="0" falsecount="2"/>
          <line num="4118" count="0" type="stmt"/>
          <line num="4121" count="0" type="stmt"/>
          <line num="4132" count="0" type="stmt"/>
          <line num="4133" count="0" type="stmt"/>
          <line num="4149" count="0" type="cond" truecount="0" falsecount="2"/>
          <line num="4150" count="0" type="stmt"/>
          <line num="4151" count="0" type="stmt"/>
          <line num="4152" count="0" type="stmt"/>
          <line num="4154" count="0" type="cond" truecount="0" falsecount="2"/>
          <line num="4155" count="0" type="stmt"/>
          <line num="4157" count="0" type="cond" truecount="0" falsecount="2"/>
          <line num="4158" count="0" type="stmt"/>
          <line num="4160" count="0" type="stmt"/>
          <line num="4161" count="0" type="stmt"/>
          <line num="4162" count="0" type="stmt"/>
          <line num="4163" count="0" type="cond" truecount="0" falsecount="2"/>
          <line num="4165" count="0" type="stmt"/>
          <line num="4166" count="0" type="cond" truecount="0" falsecount="2"/>
          <line num="4167" count="0" type="stmt"/>
          <line num="4169" count="0" type="stmt"/>
          <line num="4172" count="0" type="stmt"/>
          <line num="4185" count="0" type="cond" truecount="0" falsecount="2"/>
          <line num="4186" count="0" type="stmt"/>
          <line num="4188" count="0" type="stmt"/>
          <line num="4189" count="0" type="stmt"/>
          <line num="4190" count="0" type="cond" truecount="0" falsecount="4"/>
          <line num="4191" count="0" type="stmt"/>
          <line num="4192" count="0" type="cond" truecount="0" falsecount="2"/>
          <line num="4193" count="0" type="stmt"/>
          <line num="4195" count="0" type="stmt"/>
          <line num="4199" count="0" type="stmt"/>
          <line num="4212" count="0" type="stmt"/>
          <line num="4227" count="0" type="stmt"/>
          <line num="4228" count="0" type="cond" truecount="0" falsecount="2"/>
          <line num="4229" count="0" type="stmt"/>
          <line num="4231" count="0" type="stmt"/>
          <line num="4232" count="0" type="cond" truecount="0" falsecount="2"/>
          <line num="4233" count="0" type="stmt"/>
          <line num="4235" count="0" type="stmt"/>
          <line num="4247" count="0" type="stmt"/>
          <line num="4248" count="0" type="cond" truecount="0" falsecount="5"/>
          <line num="4249" count="0" type="stmt"/>
          <line num="4253" count="0" type="stmt"/>
          <line num="4254" count="0" type="cond" truecount="0" falsecount="2"/>
          <line num="4255" count="0" type="stmt"/>
          <line num="4257" count="0" type="stmt"/>
          <line num="4258" count="0" type="cond" truecount="0" falsecount="2"/>
          <line num="4259" count="0" type="stmt"/>
          <line num="4263" count="0" type="stmt"/>
          <line num="4275" count="0" type="stmt"/>
          <line num="4286" count="0" type="stmt"/>
          <line num="4298" count="0" type="stmt"/>
          <line num="4299" count="0" type="stmt"/>
          <line num="4313" count="0" type="cond" truecount="0" falsecount="2"/>
          <line num="4314" count="0" type="stmt"/>
          <line num="4316" count="0" type="stmt"/>
          <line num="4318" count="0" type="stmt"/>
          <line num="4319" count="0" type="stmt"/>
          <line num="4320" count="0" type="stmt"/>
          <line num="4321" count="0" type="stmt"/>
          <line num="4323" count="0" type="cond" truecount="0" falsecount="2"/>
          <line num="4324" count="0" type="stmt"/>
          <line num="4325" count="0" type="stmt"/>
          <line num="4327" count="0" type="cond" truecount="0" falsecount="2"/>
          <line num="4328" count="0" type="stmt"/>
          <line num="4329" count="0" type="cond" truecount="0" falsecount="2"/>
          <line num="4330" count="0" type="cond" truecount="0" falsecount="2"/>
          <line num="4331" count="0" type="cond" truecount="0" falsecount="2"/>
          <line num="4336" count="0" type="stmt"/>
          <line num="4337" count="0" type="stmt"/>
          <line num="4339" count="0" type="stmt"/>
          <line num="4350" count="0" type="cond" truecount="0" falsecount="2"/>
          <line num="4351" count="0" type="stmt"/>
          <line num="4352" count="0" type="stmt"/>
          <line num="4363" count="0" type="cond" truecount="0" falsecount="2"/>
          <line num="4364" count="0" type="stmt"/>
          <line num="4380" count="0" type="stmt"/>
          <line num="4393" count="0" type="stmt"/>
          <line num="4394" count="0" type="stmt"/>
          <line num="4396" count="0" type="cond" truecount="0" falsecount="2"/>
          <line num="4397" count="0" type="cond" truecount="0" falsecount="2"/>
          <line num="4399" count="0" type="cond" truecount="0" falsecount="2"/>
          <line num="4400" count="0" type="cond" truecount="0" falsecount="2"/>
          <line num="4401" count="0" type="stmt"/>
          <line num="4403" count="0" type="cond" truecount="0" falsecount="2"/>
          <line num="4404" count="0" type="stmt"/>
          <line num="4406" count="0" type="stmt"/>
          <line num="4407" count="0" type="stmt"/>
          <line num="4408" count="0" type="stmt"/>
          <line num="4410" count="0" type="stmt"/>
          <line num="4425" count="0" type="stmt"/>
          <line num="4426" count="0" type="stmt"/>
          <line num="4427" count="0" type="stmt"/>
          <line num="4429" count="0" type="stmt"/>
          <line num="4445" count="0" type="stmt"/>
          <line num="4446" count="0" type="cond" truecount="0" falsecount="2"/>
          <line num="4448" count="0" type="cond" truecount="0" falsecount="5"/>
          <line num="4449" count="0" type="stmt"/>
          <line num="4450" count="0" type="stmt"/>
          <line num="4451" count="0" type="stmt"/>
          <line num="4453" count="0" type="cond" truecount="0" falsecount="5"/>
          <line num="4455" count="0" type="stmt"/>
          <line num="4457" count="0" type="stmt"/>
          <line num="4460" count="0" type="stmt"/>
          <line num="4462" count="0" type="stmt"/>
          <line num="4479" count="0" type="stmt"/>
          <line num="4481" count="0" type="stmt"/>
          <line num="4482" count="0" type="cond" truecount="0" falsecount="2"/>
          <line num="4483" count="0" type="stmt"/>
          <line num="4484" count="0" type="stmt"/>
          <line num="4485" count="0" type="stmt"/>
          <line num="4486" count="0" type="stmt"/>
          <line num="4488" count="0" type="stmt"/>
          <line num="4489" count="0" type="stmt"/>
          <line num="4490" count="0" type="stmt"/>
          <line num="4491" count="0" type="stmt"/>
          <line num="4492" count="0" type="stmt"/>
[...]
          <line num="17313" count="0" type="stmt"/>
          <line num="17314" count="0" type="stmt"/>
          <line num="17315" count="0" type="cond" truecount="0" falsecount="2"/>
          <line num="17317" count="0" type="stmt"/>
          <line num="17318" count="0" type="stmt"/>
          <line num="17319" count="0" type="cond" truecount="0" falsecount="4"/>
          <line num="17322" count="0" type="cond" truecount="0" falsecount="6"/>
          <line num="17324" count="0" type="stmt"/>
          <line num="17326" count="0" type="stmt"/>
          <line num="17327" count="0" type="stmt"/>
          <line num="17328" count="0" type="cond" truecount="0" falsecount="2"/>
          <line num="17329" count="0" type="cond" truecount="0" falsecount="2"/>
          <line num="17331" count="0" type="cond" truecount="0" falsecount="4"/>
          <line num="17332" count="0" type="cond" truecount="0" falsecount="2"/>
          <line num="17333" count="0" type="stmt"/>
          <line num="17334" count="0" type="stmt"/>
          <line num="17335" count="0" type="stmt"/>
          <line num="17337" count="0" type="cond" truecount="0" falsecount="4"/>
          <line num="17338" count="0" type="stmt"/>
          <line num="17340" count="0" type="stmt"/>
          <line num="17341" count="0" type="cond" truecount="0" falsecount="4"/>
          <line num="17346" count="0" type="stmt"/>
          <line num="17347" count="0" type="stmt"/>
          <line num="17348" count="0" type="cond" truecount="0" falsecount="2"/>
          <line num="17349" count="0" type="stmt"/>
          <line num="17351" count="0" type="stmt"/>
          <line num="17352" count="0" type="stmt"/>
          <line num="17353" count="0" type="cond" truecount="0" falsecount="4"/>
          <line num="17354" count="0" type="stmt"/>
          <line num="17355" count="0" type="cond" truecount="0" falsecount="2"/>
          <line num="17357" count="0" type="stmt"/>
          <line num="17358" count="0" type="cond" truecount="0" falsecount="2"/>
          <line num="17364" count="0" type="stmt"/>
          <line num="17365" count="0" type="stmt"/>
          <line num="17366" count="0" type="cond" truecount="0" falsecount="2"/>
          <line num="17367" count="0" type="stmt"/>
          <line num="17368" count="0" type="cond" truecount="0" falsecount="2"/>
          <line num="17370" count="0" type="stmt"/>
          <line num="17374" count="0" type="stmt"/>
          <line num="17380" count="0" type="stmt"/>
          <line num="17381" count="0" type="stmt"/>
          <line num="17382" count="0" type="stmt"/>
          <line num="17385" count="0" type="stmt"/>
          <line num="17386" count="0" type="stmt"/>
          <line num="17387" count="0" type="stmt"/>
          <line num="17388" count="0" type="stmt"/>
          <line num="17389" count="0" type="stmt"/>
          <line num="17390" count="0" type="stmt"/>
          <line num="17391" count="0" type="stmt"/>
          <line num="17394" count="0" type="stmt"/>
          <line num="17396" count="0" type="cond" truecount="0" falsecount="2"/>
          <line num="17397" count="0" type="stmt"/>
          <line num="17399" count="0" type="stmt"/>
          <line num="17405" count="0" type="stmt"/>
          <line num="17408" count="0" type="cond" truecount="0" falsecount="5"/>
          <line num="17413" count="0" type="stmt"/>
          <line num="17417" count="0" type="stmt"/>
          <line num="17418" count="0" type="stmt"/>
          <line num="17422" count="0" type="cond" truecount="0" falsecount="2"/>
          <line num="17424" count="0" type="stmt"/>
          <line num="17426" count="0" type="stmt"/>
          <line num="17430" count="0" type="stmt"/>
        </file>
        <file name="imports.js" path="/Users/dcarley/Projects/ppa-1-sw-testing-qa-spring-2018-official-team-4/imports.js">
          <metrics statements="5" coveredstatements="0" conditionals="0" coveredconditionals="0" methods="0" coveredmethods="0"/>
          <line num="2" count="0" type="stmt"/>
          <line num="3" count="0" type="stmt"/>
          <line num="4" count="0" type="stmt"/>
          <line num="5" count="0" type="stmt"/>
          <line num="6" count="0" type="stmt"/>
        </file>
        <file name="main.js" path="/Users/dcarley/Projects/ppa-1-sw-testing-qa-spring-2018-official-team-4/main.js">
          <metrics statements="35" coveredstatements="0" conditionals="2" coveredconditionals="0" methods="0" coveredmethods="0"/>
          <line num="2" count="0" type="stmt"/>
          <line num="15" count="0" type="stmt"/>
          <line num="25" count="0" type="stmt"/>
          <line num="26" count="0" type="stmt"/>
          <line num="27" count="0" type="stmt"/>
          <line num="28" count="0" type="stmt"/>
          <line num="29" count="0" type="stmt"/>
          <line num="30" count="0" type="stmt"/>
          <line num="33" count="0" type="stmt"/>
          <line num="39" count="0" type="stmt"/>
          <line num="50" count="0" type="stmt"/>
          <line num="58" count="0" type="stmt"/>
          <line num="59" count="0" type="stmt"/>
          <line num="62" count="0" type="stmt"/>
          <line num="68" count="0" type="stmt"/>
          <line num="81" count="0" type="stmt"/>
          <line num="91" count="0" type="stmt"/>
          <line num="92" count="0" type="stmt"/>
          <line num="100" count="0" type="stmt"/>
          <line num="106" count="0" type="stmt"/>
          <line num="116" count="0" type="stmt"/>
          <line num="123" count="0" type="stmt"/>
          <line num="124" count="0" type="stmt"/>
          <line num="125" count="0" type="cond" truecount="0" falsecount="2"/>
          <line num="126" count="0" type="stmt"/>
          <line num="130" count="0" type="stmt"/>
          <line num="136" count="0" type="stmt"/>
          <line num="147" count="0" type="stmt"/>
          <line num="155" count="0" type="stmt"/>
          <line num="156" count="0" type="stmt"/>
          <line num="160" count="0" type="stmt"/>
          <line num="166" count="0" type="stmt"/>
          <line num="181" count="0" type="stmt"/>
          <line num="182" count="0" type="stmt"/>
          <line num="184" count="0" type="stmt"/>
        </file>
        <file name="server.js" path="/Users/dcarley/Projects/ppa-1-sw-testing-qa-spring-2018-official-team-4/server.js">
          <metrics statements="4" coveredstatements="0" conditionals="0" coveredconditionals="0" methods="1" coveredmethods="0"/>
          <line num="1" count="0" type="stmt"/>
          <line num="2" count="0" type="stmt"/>
          <line num="3" count="0" type="stmt"/>
          <line num="4" count="0" type="stmt"/>
        </file>
      </package>
      <package name="ppa-1-sw-testing-qa-spring-2018-official-team-4.modules">
        <metrics statements="132" coveredstatements="126" conditionals="93" coveredconditionals="93" methods="9" coveredmethods="9"/>
        <file name="bmi.js" path="/Users/dcarley/Projects/ppa-1-sw-testing-qa-spring-2018-official-team-4/modules/bmi.js">
          <metrics statements="25" coveredstatements="25" conditionals="12" coveredconditionals="12" methods="1" coveredmethods="1"/>
          <line num="1" count="1" type="stmt"/>
          <line num="2" count="1" type="stmt"/>
          <line num="3" count="1" type="stmt"/>
          <line num="4" count="1" type="stmt"/>
          <line num="5" count="1" type="stmt"/>
          <line num="6" count="1" type="stmt"/>
          <line num="7" count="1" type="stmt"/>
          <line num="13" count="1" type="stmt"/>
          <line num="14" count="7" type="cond" truecount="2" falsecount="0"/>
          <line num="17" count="5" type="stmt"/>
          <line num="20" count="5" type="stmt"/>
          <line num="21" count="4" type="stmt"/>
          <line num="24" count="4" type="stmt"/>
          <line num="25" count="4" type="stmt"/>
          <line num="28" count="4" type="stmt"/>
          <line num="31" count="4" type="stmt"/>
          <line num="33" count="4" type="stmt"/>
          <line num="34" count="4" type="cond" truecount="2" falsecount="0"/>
          <line num="35" count="1" type="stmt"/>
          <line num="36" count="3" type="cond" truecount="4" falsecount="0"/>
          <line num="37" count="1" type="stmt"/>
          <line num="38" count="2" type="cond" truecount="4" falsecount="0"/>
          <line num="39" count="1" type="stmt"/>
          <line num="41" count="1" type="stmt"/>
          <line num="50" count="1" type="stmt"/>
        </file>
        <file name="bundledFunctions.js" path="/Users/dcarley/Projects/ppa-1-sw-testing-qa-spring-2018-official-team-4/modules/bundledFunctions.js">
          <metrics statements="6" coveredstatements="0" conditionals="0" coveredconditionals="0" methods="0" coveredmethods="0"/>
          <line num="1" count="0" type="stmt"/>
          <line num="2" count="0" type="stmt"/>
          <line num="3" count="0" type="stmt"/>
          <line num="4" count="0" type="stmt"/>
          <line num="5" count="0" type="stmt"/>
          <line num="7" count="0" type="stmt"/>
        </file>
        <file name="distance.js" path="/Users/dcarley/Projects/ppa-1-sw-testing-qa-spring-2018-official-team-4/modules/distance.js">
          <metrics statements="12" coveredstatements="12" conditionals="6" coveredconditionals="6" methods="1" coveredmethods="1"/>
          <line num="1" count="1" type="stmt"/>
          <line num="2" count="1" type="stmt"/>
          <line num="3" count="1" type="stmt"/>
          <line num="5" count="1" type="stmt"/>
          <line num="6" count="12" type="cond" truecount="6" falsecount="0"/>
          <line num="8" count="7" type="stmt"/>
          <line num="9" count="7" type="stmt"/>
          <line num="11" count="7" type="stmt"/>
          <line num="12" count="7" type="stmt"/>
          <line num="14" count="7" type="stmt"/>
          <line num="15" count="7" type="stmt"/>
          <line num="18" count="1" type="stmt"/>
        </file>
        <file name="email.js" path="/Users/dcarley/Projects/ppa-1-sw-testing-qa-spring-2018-official-team-4/modules/email.js">
          <metrics statements="54" coveredstatements="54" conditionals="53" coveredconditionals="53" methods="5" coveredmethods="5"/>
          <line num="1" count="1" type="stmt"/>
          <line num="4" count="27" type="cond" truecount="2" falsecount="0"/>
          <line num="7" count="25" type="cond" truecount="2" falsecount="0"/>
          <line num="10" count="24" type="cond" truecount="2" falsecount="0"/>
          <line num="13" count="23" type="cond" truecount="2" falsecount="0"/>
          <line num="16" count="22" type="cond" truecount="2" falsecount="0"/>
          <line num="19" count="21" type="cond" truecount="2" falsecount="0"/>
          <line num="22" count="11" type="cond" truecount="2" falsecount="0"/>
          <line num="25" count="10" type="cond" truecount="2" falsecount="0"/>
          <line num="28" count="9" type="cond" truecount="2" falsecount="0"/>
          <line num="31" count="8" type="cond" truecount="2" falsecount="0"/>
          <line num="34" count="3" type="cond" truecount="2" falsecount="0"/>
          <line num="37" count="2" type="cond" truecount="2" falsecount="0"/>
          <line num="40" count="1" type="stmt"/>
          <line num="45" count="1" type="stmt"/>
          <line num="46" count="21" type="cond" truecount="11" falsecount="0"/>
          <line num="48" count="1" type="stmt"/>
          <line num="50" count="1" type="stmt"/>
          <line num="52" count="1" type="stmt"/>
          <line num="54" count="1" type="stmt"/>
          <line num="56" count="1" type="stmt"/>
          <line num="58" count="1" type="stmt"/>
          <line num="60" count="1" type="stmt"/>
          <line num="62" count="1" type="stmt"/>
          <line num="64" count="1" type="stmt"/>
          <line num="66" count="1" type="stmt"/>
          <line num="68" count="11" type="stmt"/>
          <line num="73" count="1" type="stmt"/>
          <line num="74" count="23" type="stmt"/>
          <line num="75" count="23" type="stmt"/>
          <line num="77" count="161" type="cond" truecount="2" falsecount="0"/>
          <line num="79" count="24" type="stmt"/>
          <line num="83" count="23" type="cond" truecount="2" falsecount="0"/>
          <line num="85" count="1" type="stmt"/>
          <line num="90" count="22" type="stmt"/>
          <line num="95" count="1" type="stmt"/>
          <line num="96" count="9" type="stmt"/>
          <line num="98" count="75" type="cond" truecount="2" falsecount="0"/>
          <line num="100" count="7" type="cond" truecount="2" falsecount="0"/>
          <line num="102" count="1" type="stmt"/>
          <line num="106" count="8" type="stmt"/>
          <line num="110" count="1" type="stmt"/>
          <line num="111" count="13" type="cond" truecount="2" falsecount="0"/>
          <line num="113" count="2" type="stmt"/>
          <line num="116" count="11" type="cond" truecount="2" falsecount="0"/>
          <line num="118" count="2" type="stmt"/>
          <line num="121" count="9" type="cond" truecount="2" falsecount="0"/>
          <line num="123" count="2" type="stmt"/>
          <line num="126" count="7" type="cond" truecount="2" falsecount="0"/>
          <line num="128" count="2" type="stmt"/>
          <line num="131" count="5" type="cond" truecount="2" falsecount="0"/>
          <line num="133" count="2" type="stmt"/>
          <line num="137" count="3" type="stmt"/>
          <line num="141" count="1" type="stmt"/>
        </file>
        <file name="retirement.js" path="/Users/dcarley/Projects/ppa-1-sw-testing-qa-spring-2018-official-team-4/modules/retirement.js">
          <metrics statements="22" coveredstatements="22" conditionals="14" coveredconditionals="14" methods="1" coveredmethods="1"/>
          <line num="1" count="1" type="stmt"/>
          <line num="2" count="1" type="stmt"/>
          <line num="3" count="1" type="stmt"/>
          <line num="4" count="1" type="stmt"/>
          <line num="6" count="1" type="stmt"/>
          <line num="8" count="21" type="stmt"/>
          <line num="9" count="21" type="stmt"/>
          <line num="10" count="21" type="stmt"/>
          <line num="11" count="21" type="stmt"/>
          <line num="13" count="21" type="cond" truecount="2" falsecount="0"/>
          <line num="14" count="20" type="cond" truecount="2" falsecount="0"/>
          <line num="15" count="18" type="cond" truecount="2" falsecount="0"/>
          <line num="16" count="16" type="cond" truecount="2" falsecount="0"/>
          <line num="17" count="15" type="cond" truecount="2" falsecount="0"/>
          <line num="18" count="14" type="cond" truecount="2" falsecount="0"/>
          <line num="20" count="12" type="stmt"/>
          <line num="21" count="11" type="stmt"/>
          <line num="22" count="10" type="stmt"/>
          <line num="23" count="10" type="stmt"/>
          <line num="24" count="10" type="cond" truecount="2" falsecount="0"/>
          <line num="25" count="5" type="stmt"/>
          <line num="28" count="1" type="stmt"/>
        </file>
        <file name="splitTip.js" path="/Users/dcarley/Projects/ppa-1-sw-testing-qa-spring-2018-official-team-4/modules/splitTip.js">
          <metrics statements="13" coveredstatements="13" conditionals="8" coveredconditionals="8" methods="1" coveredmethods="1"/>
          <line num="2" count="1" type="stmt"/>
          <line num="3" count="1" type="stmt"/>
          <line num="4" count="1" type="stmt"/>
          <line num="5" count="1" type="stmt"/>
          <line num="7" count="1" type="stmt"/>
          <line num="9" count="9" type="cond" truecount="4" falsecount="0"/>
          <line num="10" count="6" type="cond" truecount="2" falsecount="0"/>
          <line num="11" count="2" type="cond" truecount="2" falsecount="0"/>
          <line num="13" count="1" type="stmt"/>
          <line num="14" count="1" type="stmt"/>
          <line num="15" count="1" type="stmt"/>
          <line num="17" count="1" type="stmt"/>
          <line num="20" count="1" type="stmt"/>
        </file>
      </package>
      <package name="ppa-1-sw-testing-qa-spring-2018-official-team-4.modules.basic_modules">
        <metrics statements="31" coveredstatements="31" conditionals="22" coveredconditionals="22" methods="6" coveredmethods="6"/>
        <file name="add.js" path="/Users/dcarley/Projects/ppa-1-sw-testing-qa-spring-2018-official-team-4/modules/basic_modules/add.js">
          <metrics statements="4" coveredstatements="4" conditionals="4" coveredconditionals="4" methods="1" coveredmethods="1"/>
          <line num="1" count="5" type="stmt"/>
          <line num="2" count="43" type="cond" truecount="4" falsecount="0"/>
          <line num="3" count="39" type="stmt"/>
          <line num="5" count="5" type="stmt"/>
        </file>
        <file name="divide.js" path="/Users/dcarley/Projects/ppa-1-sw-testing-qa-spring-2018-official-team-4/modules/basic_modules/divide.js">
          <metrics statements="5" coveredstatements="5" conditionals="6" coveredconditionals="6" methods="1" coveredmethods="1"/>
          <line num="1" count="4" type="stmt"/>
          <line num="2" count="31" type="cond" truecount="4" falsecount="0"/>
          <line num="3" count="27" type="cond" truecount="2" falsecount="0"/>
          <line num="4" count="24" type="stmt"/>
          <line num="6" count="4" type="stmt"/>
        </file>
        <file name="multiply.js" path="/Users/dcarley/Projects/ppa-1-sw-testing-qa-spring-2018-official-team-4/modules/basic_modules/multiply.js">
          <metrics statements="4" coveredstatements="4" conditionals="4" coveredconditionals="4" methods="1" coveredmethods="1"/>
          <line num="1" count="6" type="stmt"/>
          <line num="2" count="70" type="cond" truecount="4" falsecount="0"/>
          <line num="3" count="65" type="stmt"/>
          <line num="6" count="6" type="stmt"/>
        </file>
        <file name="parse.js" path="/Users/dcarley/Projects/ppa-1-sw-testing-qa-spring-2018-official-team-4/modules/basic_modules/parse.js">
          <metrics statements="8" coveredstatements="8" conditionals="4" coveredconditionals="4" methods="1" coveredmethods="1"/>
          <line num="1" count="2" type="stmt"/>
          <line num="2" count="13" type="cond" truecount="2" falsecount="0"/>
          <line num="5" count="11" type="stmt"/>
          <line num="8" count="11" type="cond" truecount="2" falsecount="0"/>
          <line num="10" count="9" type="stmt"/>
          <line num="11" count="9" type="stmt"/>
          <line num="12" count="9" type="stmt"/>
          <line num="16" count="2" type="stmt"/>
        </file>
        <file name="subtract.js" path="/Users/dcarley/Projects/ppa-1-sw-testing-qa-spring-2018-official-team-4/modules/basic_modules/subtract.js">
          <metrics statements="4" coveredstatements="4" conditionals="4" coveredconditionals="4" methods="1" coveredmethods="1"/>
          <line num="1" count="2" type="stmt"/>
          <line num="2" count="24" type="cond" truecount="4" falsecount="0"/>
          <line num="3" count="21" type="stmt"/>
          <line num="5" count="2" type="stmt"/>
        </file>
        <file name="yearlySavings.js" path="/Users/dcarley/Projects/ppa-1-sw-testing-qa-spring-2018-official-team-4/modules/basic_modules/yearlySavings.js">
          <metrics statements="6" coveredstatements="6" conditionals="0" coveredconditionals="0" methods="1" coveredmethods="1"/>
          <line num="1" count="2" type="stmt"/>
          <line num="2" count="2" type="stmt"/>
          <line num="3" count="13" type="stmt"/>
          <line num="4" count="13" type="stmt"/>
          <line num="5" count="13" type="stmt"/>
          <line num="8" count="2" type="stmt"/>
        </file>
      </package>
    </metrics>
  </project>
</coverage>
