<?xml version="1.0" encoding="UTF-8"?>
<coverage generated="1518942866950" clover="3.2.0">
  <project timestamp="1518942866950" name="All files">
    <metrics statements="158" coveredstatements="158" conditionals="115" coveredconditionals="115" methods="15" coveredmethods="15" elements="288" coveredelements="288" complexity="0" loc="158" ncloc="158" packages="2" files="11" classes="11">
      <package name="modules">
        <metrics statements="127" coveredstatements="127" conditionals="93" coveredconditionals="93" methods="9" coveredmethods="9"/>
        <file name="bmi.js" path="D:\Github_Projects\modules\bmi.js">
          <metrics statements="25" coveredstatements="25" conditionals="12" coveredconditionals="12" methods="1" coveredmethods="1"/>
          <line num="1" count="1" type="stmt"/>
          <line num="2" count="1" type="stmt"/>
          <line num="3" count="1" type="stmt"/>
          <line num="4" count="1" type="stmt"/>
          <line num="5" count="1" type="stmt"/>
          <line num="6" count="1" type="stmt"/>
          <line num="7" count="1" type="stmt"/>
          <line num="13" count="1" type="stmt"/>
          <line num="14" count="7" type="cond" truecount="2" falsecount="0"/>
          <line num="17" count="5" type="stmt"/>
          <line num="20" count="5" type="stmt"/>
          <line num="21" count="4" type="stmt"/>
          <line num="24" count="4" type="stmt"/>
          <line num="25" count="4" type="stmt"/>
          <line num="28" count="4" type="stmt"/>
          <line num="31" count="4" type="stmt"/>
          <line num="33" count="4" type="stmt"/>
          <line num="34" count="4" type="cond" truecount="2" falsecount="0"/>
          <line num="35" count="1" type="stmt"/>
          <line num="36" count="3" type="cond" truecount="4" falsecount="0"/>
          <line num="37" count="1" type="stmt"/>
          <line num="38" count="2" type="cond" truecount="4" falsecount="0"/>
          <line num="39" count="1" type="stmt"/>
          <line num="41" count="1" type="stmt"/>
          <line num="50" count="1" type="stmt"/>
        </file>
        <file name="distance.js" path="D:\Github_Projects\modules\distance.js">
          <metrics statements="12" coveredstatements="12" conditionals="6" coveredconditionals="6" methods="1" coveredmethods="1"/>
          <line num="1" count="1" type="stmt"/>
          <line num="2" count="1" type="stmt"/>
          <line num="3" count="1" type="stmt"/>
          <line num="5" count="1" type="stmt"/>
          <line num="6" count="12" type="cond" truecount="6" falsecount="0"/>
          <line num="8" count="7" type="stmt"/>
          <line num="9" count="7" type="stmt"/>
          <line num="11" count="7" type="stmt"/>
          <line num="12" count="7" type="stmt"/>
          <line num="14" count="7" type="stmt"/>
          <line num="15" count="7" type="stmt"/>
          <line num="18" count="1" type="stmt"/>
        </file>
        <file name="email.js" path="D:\Github_Projects\modules\email.js">
          <metrics statements="54" coveredstatements="54" conditionals="53" coveredconditionals="53" methods="5" coveredmethods="5"/>
          <line num="1" count="1" type="stmt"/>
          <line num="4" count="27" type="cond" truecount="2" falsecount="0"/>
          <line num="7" count="25" type="cond" truecount="2" falsecount="0"/>
          <line num="10" count="24" type="cond" truecount="2" falsecount="0"/>
          <line num="13" count="23" type="cond" truecount="2" falsecount="0"/>
          <line num="16" count="22" type="cond" truecount="2" falsecount="0"/>
          <line num="19" count="21" type="cond" truecount="2" falsecount="0"/>
          <line num="22" count="11" type="cond" truecount="2" falsecount="0"/>
          <line num="25" count="10" type="cond" truecount="2" falsecount="0"/>
          <line num="28" count="9" type="cond" truecount="2" falsecount="0"/>
          <line num="31" count="8" type="cond" truecount="2" falsecount="0"/>
          <line num="34" count="3" type="cond" truecount="2" falsecount="0"/>
          <line num="37" count="2" type="cond" truecount="2" falsecount="0"/>
          <line num="40" count="1" type="stmt"/>
          <line num="45" count="1" type="stmt"/>
          <line num="46" count="21" type="cond" truecount="11" falsecount="0"/>
          <line num="48" count="1" type="stmt"/>
          <line num="50" count="1" type="stmt"/>
          <line num="52" count="1" type="stmt"/>
          <line num="54" count="1" type="stmt"/>
          <line num="56" count="1" type="stmt"/>
          <line num="58" count="1" type="stmt"/>
          <line num="60" count="1" type="stmt"/>
          <line num="62" count="1" type="stmt"/>
          <line num="64" count="1" type="stmt"/>
          <line num="66" count="1" type="stmt"/>
          <line num="68" count="11" type="stmt"/>
          <line num="73" count="1" type="stmt"/>
          <line num="74" count="23" type="stmt"/>
          <line num="75" count="23" type="stmt"/>
          <line num="77" count="161" type="cond" truecount="2" falsecount="0"/>
          <line num="79" count="24" type="stmt"/>
          <line num="83" count="23" type="cond" truecount="2" falsecount="0"/>
          <line num="85" count="1" type="stmt"/>
          <line num="90" count="22" type="stmt"/>
          <line num="95" count="1" type="stmt"/>
          <line num="96" count="9" type="stmt"/>
          <line num="98" count="75" type="cond" truecount="2" falsecount="0"/>
          <line num="100" count="7" type="cond" truecount="2" falsecount="0"/>
          <line num="102" count="1" type="stmt"/>
          <line num="106" count="8" type="stmt"/>
          <line num="110" count="1" type="stmt"/>
          <line num="111" count="13" type="cond" truecount="2" falsecount="0"/>
          <line num="113" count="2" type="stmt"/>
          <line num="116" count="11" type="cond" truecount="2" falsecount="0"/>
          <line num="118" count="2" type="stmt"/>
          <line num="121" count="9" type="cond" truecount="2" falsecount="0"/>
          <line num="123" count="2" type="stmt"/>
          <line num="126" count="7" type="cond" truecount="2" falsecount="0"/>
          <line num="128" count="2" type="stmt"/>
          <line num="131" count="5" type="cond" truecount="2" falsecount="0"/>
          <line num="133" count="2" type="stmt"/>
          <line num="137" count="3" type="stmt"/>
          <line num="141" count="1" type="stmt"/>
        </file>
        <file name="retirement.js" path="D:\Github_Projects\modules\retirement.js">
          <metrics statements="23" coveredstatements="23" conditionals="14" coveredconditionals="14" methods="1" coveredmethods="1"/>
          <line num="1" count="1" type="stmt"/>
          <line num="2" count="1" type="stmt"/>
          <line num="3" count="1" type="stmt"/>
          <line num="4" count="1" type="stmt"/>
          <line num="5" count="1" type="stmt"/>
          <line num="7" count="1" type="stmt"/>
          <line num="9" count="21" type="stmt"/>
          <line num="10" count="21" type="stmt"/>
          <line num="11" count="21" type="stmt"/>
          <line num="12" count="21" type="stmt"/>
          <line num="14" count="21" type="cond" truecount="2" falsecount="0"/>
          <line num="15" count="20" type="cond" truecount="2" falsecount="0"/>
          <line num="16" count="18" type="cond" truecount="2" falsecount="0"/>
          <line num="17" count="16" type="cond" truecount="2" falsecount="0"/>
          <line num="18" count="15" type="cond" truecount="2" falsecount="0"/>
          <line num="19" count="14" type="cond" truecount="2" falsecount="0"/>
          <line num="21" count="12" type="stmt"/>
          <line num="22" count="11" type="stmt"/>
          <line num="23" count="10" type="stmt"/>
          <line num="24" count="10" type="stmt"/>
          <line num="25" count="10" type="cond" truecount="2" falsecount="0"/>
          <line num="26" count="5" type="stmt"/>
          <line num="29" count="1" type="stmt"/>
        </file>
        <file name="splitTip.js" path="D:\Github_Projects\modules\splitTip.js">
          <metrics statements="13" coveredstatements="13" conditionals="8" coveredconditionals="8" methods="1" coveredmethods="1"/>
          <line num="2" count="1" type="stmt"/>
          <line num="3" count="1" type="stmt"/>
          <line num="4" count="1" type="stmt"/>
          <line num="5" count="1" type="stmt"/>
          <line num="7" count="1" type="stmt"/>
          <line num="9" count="9" type="cond" truecount="4" falsecount="0"/>
          <line num="10" count="6" type="cond" truecount="2" falsecount="0"/>
          <line num="11" count="2" type="cond" truecount="2" falsecount="0"/>
          <line num="13" count="1" type="stmt"/>
          <line num="14" count="1" type="stmt"/>
          <line num="15" count="1" type="stmt"/>
          <line num="17" count="1" type="stmt"/>
          <line num="20" count="1" type="stmt"/>
        </file>
      </package>
      <package name="modules.basic_modules">
        <metrics statements="31" coveredstatements="31" conditionals="22" coveredconditionals="22" methods="6" coveredmethods="6"/>
        <file name="add.js" path="D:\Github_Projects\modules\basic_modules\add.js">
          <metrics statements="4" coveredstatements="4" conditionals="4" coveredconditionals="4" methods="1" coveredmethods="1"/>
          <line num="1" count="5" type="stmt"/>
          <line num="2" count="43" type="cond" truecount="4" falsecount="0"/>
          <line num="3" count="39" type="stmt"/>
          <line num="5" count="5" type="stmt"/>
        </file>
        <file name="divide.js" path="D:\Github_Projects\modules\basic_modules\divide.js">
          <metrics statements="5" coveredstatements="5" conditionals="6" coveredconditionals="6" methods="1" coveredmethods="1"/>
          <line num="1" count="4" type="stmt"/>
          <line num="2" count="31" type="cond" truecount="4" falsecount="0"/>
          <line num="3" count="27" type="cond" truecount="2" falsecount="0"/>
          <line num="4" count="24" type="stmt"/>
          <line num="6" count="4" type="stmt"/>
        </file>
        <file name="multiply.js" path="D:\Github_Projects\modules\basic_modules\multiply.js">
          <metrics statements="4" coveredstatements="4" conditionals="4" coveredconditionals="4" methods="1" coveredmethods="1"/>
          <line num="1" count="6" type="stmt"/>
          <line num="2" count="70" type="cond" truecount="4" falsecount="0"/>
          <line num="3" count="65" type="stmt"/>
          <line num="6" count="6" type="stmt"/>
        </file>
        <file name="parse.js" path="D:\Github_Projects\modules\basic_modules\parse.js">
          <metrics statements="8" coveredstatements="8" conditionals="4" coveredconditionals="4" methods="1" coveredmethods="1"/>
          <line num="1" count="2" type="stmt"/>
          <line num="2" count="13" type="cond" truecount="2" falsecount="0"/>
          <line num="5" count="11" type="stmt"/>
          <line num="8" count="11" type="cond" truecount="2" falsecount="0"/>
          <line num="10" count="9" type="stmt"/>
          <line num="11" count="9" type="stmt"/>
          <line num="12" count="9" type="stmt"/>
          <line num="16" count="2" type="stmt"/>
        </file>
        <file name="subtract.js" path="D:\Github_Projects\modules\basic_modules\subtract.js">
          <metrics statements="4" coveredstatements="4" conditionals="4" coveredconditionals="4" methods="1" coveredmethods="1"/>
          <line num="1" count="2" type="stmt"/>
          <line num="2" count="24" type="cond" truecount="4" falsecount="0"/>
          <line num="3" count="21" type="stmt"/>
          <line num="5" count="2" type="stmt"/>
        </file>
        <file name="yearlySavings.js" path="D:\Github_Projects\modules\basic_modules\yearlySavings.js">
          <metrics statements="6" coveredstatements="6" conditionals="0" coveredconditionals="0" methods="1" coveredmethods="1"/>
          <line num="1" count="2" type="stmt"/>
          <line num="2" count="2" type="stmt"/>
          <line num="3" count="13" type="stmt"/>
          <line num="4" count="13" type="stmt"/>
          <line num="5" count="13" type="stmt"/>
          <line num="8" count="2" type="stmt"/>
        </file>
      </package>
    </metrics>
  </project>
</coverage>
