{"/Users/dcarley/Projects/ppa-1-sw-testing-qa-spring-2018-official-team-4/bundle.js": {"path":"/Users/dcarley/Projects/ppa-1-sw-testing-qa-spring-2018-official-team-4/bundle.js","statementMap":{"0":{"start":{"line":1,"column":0},"end":{"line":17436,"column":3}},"1":{"start":{"line":1,"column":13},"end":{"line":1,"column":324}},"2":{"start":{"line":1,"column":72},"end":{"line":1,"column":91}},"3":{"start":{"line":1,"column":97},"end":{"line":1,"column":324}},"4":{"start":{"line":1,"column":140},"end":{"line":1,"column":153}},"5":{"start":{"line":1,"column":165},"end":{"line":1,"column":310}},"6":{"start":{"line":1,"column":197},"end":{"line":1,"column":206}},"7":{"start":{"line":1,"column":212},"end":{"line":1,"column":310}},"8":{"start":{"line":1,"column":244},"end":{"line":1,"column":253}},"9":{"start":{"line":1,"column":259},"end":{"line":1,"column":310}},"10":{"start":{"line":1,"column":289},"end":{"line":1,"column":296}},"11":{"start":{"line":1,"column":302},"end":{"line":1,"column":309}},"12":{"start":{"line":1,"column":310},"end":{"line":1,"column":323}},"13":{"start":{"line":1,"column":364},"end":{"line":17435,"column":18}},"14":{"start":{"line":1,"column":416},"end":{"line":1,"column":718}},"15":{"start":{"line":1,"column":426},"end":{"line":1,"column":603}},"16":{"start":{"line":1,"column":442},"end":{"line":1,"column":477}},"17":{"start":{"line":1,"column":478},"end":{"line":1,"column":502}},"18":{"start":{"line":1,"column":487},"end":{"line":1,"column":502}},"19":{"start":{"line":1,"column":502},"end":{"line":1,"column":522}},"20":{"start":{"line":1,"column":507},"end":{"line":1,"column":522}},"21":{"start":{"line":1,"column":528},"end":{"line":1,"column":567}},"22":{"start":{"line":1,"column":568},"end":{"line":1,"column":602}},"23":{"start":{"line":1,"column":609},"end":{"line":1,"column":626}},"24":{"start":{"line":1,"column":627},"end":{"line":1,"column":717}},"25":{"start":{"line":1,"column":668},"end":{"line":1,"column":678}},"26":{"start":{"line":1,"column":679},"end":{"line":1,"column":694}},"27":{"start":{"line":1,"column":718},"end":{"line":1,"column":738}},"28":{"start":{"line":1,"column":739},"end":{"line":1,"column":812}},"29":{"start":{"line":1,"column":804},"end":{"line":1,"column":812}},"30":{"start":{"line":1,"column":812},"end":{"line":1,"column":821}},"31":{"start":{"line":1,"column":822},"end":{"line":1,"column":831}},"32":{"start":{"line":2,"column":8},"end":{"line":5,"column":1}},"33":{"start":{"line":3,"column":0},"end":{"line":3,"column":66}},"34":{"start":{"line":3,"column":22},"end":{"line":3,"column":66}},"35":{"start":{"line":4,"column":0},"end":{"line":4,"column":11}},"36":{"start":{"line":6,"column":0},"end":{"line":6,"column":16}},"37":{"start":{"line":8,"column":11},"end":{"line":12,"column":1}},"38":{"start":{"line":9,"column":0},"end":{"line":9,"column":66}},"39":{"start":{"line":9,"column":22},"end":{"line":9,"column":66}},"40":{"start":{"line":10,"column":0},"end":{"line":10,"column":45}},"41":{"start":{"line":10,"column":6},"end":{"line":10,"column":45}},"42":{"start":{"line":11,"column":0},"end":{"line":11,"column":11}},"43":{"start":{"line":13,"column":0},"end":{"line":13,"column":22}},"44":{"start":{"line":15,"column":13},"end":{"line":18,"column":1}},"45":{"start":{"line":16,"column":0},"end":{"line":16,"column":66}},"46":{"start":{"line":16,"column":22},"end":{"line":16,"column":66}},"47":{"start":{"line":17,"column":0},"end":{"line":17,"column":11}},"48":{"start":{"line":20,"column":0},"end":{"line":20,"column":26}},"49":{"start":{"line":22,"column":10},"end":{"line":36,"column":1}},"50":{"start":{"line":23,"column":0},"end":{"line":23,"column":79}},"51":{"start":{"line":23,"column":35},"end":{"line":23,"column":79}},"52":{"start":{"line":26,"column":10},"end":{"line":26,"column":74}},"53":{"start":{"line":29,"column":0},"end":{"line":34,"column":1}},"54":{"start":{"line":29,"column":16},"end":{"line":29,"column":89}},"55":{"start":{"line":31,"column":9},"end":{"line":31,"column":18}},"56":{"start":{"line":32,"column":5},"end":{"line":32,"column":14}},"57":{"start":{"line":33,"column":0},"end":{"line":33,"column":25}},"58":{"start":{"line":37,"column":0},"end":{"line":37,"column":20}},"59":{"start":{"line":39,"column":13},"end":{"line":42,"column":1}},"60":{"start":{"line":40,"column":0},"end":{"line":40,"column":66}},"61":{"start":{"line":40,"column":22},"end":{"line":40,"column":66}},"62":{"start":{"line":41,"column":0},"end":{"line":41,"column":11}},"63":{"start":{"line":43,"column":0},"end":{"line":43,"column":26}},"64":{"start":{"line":45,"column":15},"end":{"line":45,"column":45}},"65":{"start":{"line":46,"column":18},"end":{"line":50,"column":1}},"66":{"start":{"line":47,"column":0},"end":{"line":47,"column":22}},"67":{"start":{"line":48,"column":0},"end":{"line":48,"column":18}},"68":{"start":{"line":49,"column":0},"end":{"line":49,"column":29}},"69":{"start":{"line":52,"column":0},"end":{"line":52,"column":29}},"70":{"start":{"line":55,"column":10},"end":{"line":55,"column":44}},"71":{"start":{"line":56,"column":13},"end":{"line":56,"column":53}},"72":{"start":{"line":57,"column":15},"end":{"line":57,"column":59}},"73":{"start":{"line":58,"column":12},"end":{"line":58,"column":50}},"74":{"start":{"line":59,"column":6},"end":{"line":59,"column":23}},"75":{"start":{"line":60,"column":12},"end":{"line":60,"column":16}},"76":{"start":{"line":61,"column":16},"end":{"line":61,"column":21}},"77":{"start":{"line":67,"column":8},"end":{"line":102,"column":1}},"78":{"start":{"line":68,"column":0},"end":{"line":68,"column":61}},"79":{"start":{"line":68,"column":17},"end":{"line":68,"column":61}},"80":{"start":{"line":71,"column":15},"end":{"line":71,"column":37}},"81":{"start":{"line":74,"column":15},"end":{"line":74,"column":31}},"82":{"start":{"line":75,"column":17},"end":{"line":75,"column":33}},"83":{"start":{"line":78,"column":17},"end":{"line":78,"column":40}},"84":{"start":{"line":79,"column":16},"end":{"line":79,"column":42}},"85":{"start":{"line":82,"column":19},"end":{"line":82,"column":50}},"86":{"start":{"line":85,"column":18},"end":{"line":85,"column":57}},"87":{"start":{"line":87,"column":18},"end":{"line":87,"column":77}},"88":{"start":{"line":88,"column":0},"end":{"line":96,"column":1}},"89":{"start":{"line":89,"column":0},"end":{"line":89,"column":62}},"90":{"start":{"line":90,"column":6},"end":{"line":96,"column":1}},"91":{"start":{"line":91,"column":0},"end":{"line":91,"column":64}},"92":{"start":{"line":92,"column":6},"end":{"line":96,"column":1}},"93":{"start":{"line":93,"column":0},"end":{"line":93,"column":62}},"94":{"start":{"line":95,"column":0},"end":{"line":95,"column":56}},"95":{"start":{"line":104,"column":0},"end":{"line":104,"column":16}},"96":{"start":{"line":106,"column":10},"end":{"line":106,"column":26}},"97":{"start":{"line":107,"column":15},"end":{"line":107,"column":36}},"98":{"start":{"line":108,"column":12},"end":{"line":108,"column":30}},"99":{"start":{"line":109,"column":17},"end":{"line":109,"column":40}},"100":{"start":{"line":110,"column":15},"end":{"line":110,"column":36}},"101":{"start":{"line":112,"column":0},"end":{"line":117,"column":28}},"102":{"start":{"line":121,"column":15},"end":{"line":121,"column":59}},"103":{"start":{"line":122,"column":15},"end":{"line":122,"column":59}},"104":{"start":{"line":123,"column":10},"end":{"line":123,"column":44}},"105":{"start":{"line":125,"column":13},"end":{"line":136,"column":1}},"106":{"start":{"line":126,"column":0},"end":{"line":126,"column":96}},"107":{"start":{"line":126,"column":46},"end":{"line":126,"column":96}},"108":{"start":{"line":128,"column":0},"end":{"line":128,"column":18}},"109":{"start":{"line":129,"column":0},"end":{"line":129,"column":18}},"110":{"start":{"line":131,"column":0},"end":{"line":131,"column":16}},"111":{"start":{"line":132,"column":0},"end":{"line":132,"column":16}},"112":{"start":{"line":134,"column":0},"end":{"line":134,"column":26}},"113":{"start":{"line":135,"column":0},"end":{"line":135,"column":56}},"114":{"start":{"line":138,"column":0},"end":{"line":138,"column":26}},"115":{"start":{"line":140,"column":19},"end":{"line":181,"column":1}},"116":{"start":{"line":143,"column":0},"end":{"line":180,"column":1}},"117":{"start":{"line":143,"column":15},"end":{"line":143,"column":70}},"118":{"start":{"line":146,"column":5},"end":{"line":180,"column":1}},"119":{"start":{"line":146,"column":32},"end":{"line":146,"column":89}},"120":{"start":{"line":149,"column":5},"end":{"line":180,"column":1}},"121":{"start":{"line":149,"column":32},"end":{"line":149,"column":98}},"122":{"start":{"line":152,"column":5},"end":{"line":180,"column":1}},"123":{"start":{"line":152,"column":32},"end":{"line":152,"column":106}},"124":{"start":{"line":155,"column":5},"end":{"line":180,"column":1}},"125":{"start":{"line":155,"column":23},"end":{"line":155,"column":84}},"126":{"start":{"line":158,"column":5},"end":{"line":180,"column":1}},"127":{"start":{"line":158,"column":43},"end":{"line":158,"column":120}},"128":{"start":{"line":161,"column":5},"end":{"line":180,"column":1}},"129":{"start":{"line":161,"column":36},"end":{"line":161,"column":95}},"130":{"start":{"line":164,"column":5},"end":{"line":180,"column":1}},"131":{"start":{"line":164,"column":42},"end":{"line":164,"column":123}},"132":{"start":{"line":167,"column":5},"end":{"line":180,"column":1}},"133":{"start":{"line":167,"column":36},"end":{"line":167,"column":114}},"134":{"start":{"line":170,"column":5},"end":{"line":180,"column":1}},"135":{"start":{"line":170,"column":42},"end":{"line":170,"column":136}},"136":{"start":{"line":173,"column":5},"end":{"line":180,"column":1}},"137":{"start":{"line":173,"column":48},"end":{"line":173,"column":106}},"138":{"start":{"line":176,"column":5},"end":{"line":180,"column":1}},"139":{"start":{"line":176,"column":48},"end":{"line":176,"column":114}},"140":{"start":{"line":179,"column":0},"end":{"line":179,"column":12}},"141":{"start":{"line":184,"column":22},"end":{"line":209,"column":1}},"142":{"start":{"line":185,"column":0},"end":{"line":207,"column":14}},"143":{"start":{"line":187,"column":0},"end":{"line":187,"column":12}},"144":{"start":{"line":189,"column":0},"end":{"line":189,"column":12}},"145":{"start":{"line":191,"column":0},"end":{"line":191,"column":12}},"146":{"start":{"line":193,"column":0},"end":{"line":193,"column":12}},"147":{"start":{"line":195,"column":0},"end":{"line":195,"column":12}},"148":{"start":{"line":197,"column":0},"end":{"line":197,"column":12}},"149":{"start":{"line":199,"column":0},"end":{"line":199,"column":12}},"150":{"start":{"line":201,"column":0},"end":{"line":201,"column":12}},"151":{"start":{"line":203,"column":0},"end":{"line":203,"column":12}},"152":{"start":{"line":205,"column":0},"end":{"line":205,"column":12}},"153":{"start":{"line":207,"column":0},"end":{"line":207,"column":13}},"154":{"start":{"line":212,"column":14},"end":{"line":231,"column":1}},"155":{"start":{"line":213,"column":12},"end":{"line":213,"column":13}},"156":{"start":{"line":214,"column":0},"end":{"line":220,"column":1}},"157":{"start":{"line":216,"column":0},"end":{"line":219,"column":1}},"158":{"start":{"line":218,"column":0},"end":{"line":218,"column":10}},"159":{"start":{"line":222,"column":0},"end":{"line":230,"column":1}},"160":{"start":{"line":224,"column":0},"end":{"line":224,"column":12}},"161":{"start":{"line":229,"column":0},"end":{"line":229,"column":13}},"162":{"start":{"line":234,"column":18},"end":{"line":246,"column":1}},"163":{"start":{"line":235,"column":0},"end":{"line":244,"column":1}},"164":{"start":{"line":237,"column":0},"end":{"line":243,"column":1}},"165":{"start":{"line":239,"column":0},"end":{"line":242,"column":1}},"166":{"start":{"line":241,"column":0},"end":{"line":241,"column":12}},"167":{"start":{"line":245,"column":0},"end":{"line":245,"column":13}},"168":{"start":{"line":249,"column":23},"end":{"line":278,"column":1}},"169":{"start":{"line":250,"column":0},"end":{"line":277,"column":1}},"170":{"start":{"line":252,"column":0},"end":{"line":252,"column":10}},"171":{"start":{"line":255,"column":0},"end":{"line":277,"column":1}},"172":{"start":{"line":257,"column":0},"end":{"line":257,"column":10}},"173":{"start":{"line":260,"column":0},"end":{"line":277,"column":1}},"174":{"start":{"line":262,"column":0},"end":{"line":262,"column":10}},"175":{"start":{"line":265,"column":0},"end":{"line":277,"column":1}},"176":{"start":{"line":267,"column":0},"end":{"line":267,"column":10}},"177":{"start":{"line":270,"column":0},"end":{"line":277,"column":1}},"178":{"start":{"line":272,"column":0},"end":{"line":272,"column":10}},"179":{"start":{"line":276,"column":0},"end":{"line":276,"column":13}},"180":{"start":{"line":280,"column":0},"end":{"line":280,"column":30}},"181":{"start":{"line":284,"column":20},"end":{"line":284,"column":60}},"182":{"start":{"line":285,"column":13},"end":{"line":285,"column":53}},"183":{"start":{"line":286,"column":10},"end":{"line":286,"column":44}},"184":{"start":{"line":287,"column":15},"end":{"line":287,"column":59}},"185":{"start":{"line":289,"column":15},"end":{"line":309,"column":1}},"186":{"start":{"line":291,"column":0},"end":{"line":291,"column":16}},"187":{"start":{"line":292,"column":0},"end":{"line":292,"column":22}},"188":{"start":{"line":293,"column":0},"end":{"line":293,"column":18}},"189":{"start":{"line":294,"column":0},"end":{"line":294,"column":18}},"190":{"start":{"line":296,"column":0},"end":{"line":296,"column":105}},"191":{"start":{"line":296,"column":12},"end":{"line":296,"column":104}},"192":{"start":{"line":297,"column":0},"end":{"line":297,"column":83}},"193":{"start":{"line":297,"column":12},"end":{"line":297,"column":82}},"194":{"start":{"line":298,"column":0},"end":{"line":298,"column":66}},"195":{"start":{"line":298,"column":11},"end":{"line":298,"column":65}},"196":{"start":{"line":299,"column":0},"end":{"line":299,"column":66}},"197":{"start":{"line":299,"column":11},"end":{"line":299,"column":65}},"198":{"start":{"line":300,"column":0},"end":{"line":300,"column":68}},"199":{"start":{"line":300,"column":13},"end":{"line":300,"column":67}},"200":{"start":{"line":301,"column":0},"end":{"line":301,"column":85}},"201":{"start":{"line":301,"column":12},"end":{"line":301,"column":84}},"202":{"start":{"line":303,"column":17},"end":{"line":303,"column":45}},"203":{"start":{"line":304,"column":10},"end":{"line":304,"column":57}},"204":{"start":{"line":305,"column":0},"end":{"line":305,"column":23}},"205":{"start":{"line":306,"column":11},"end":{"line":306,"column":25}},"206":{"start":{"line":307,"column":0},"end":{"line":307,"column":45}},"207":{"start":{"line":307,"column":14},"end":{"line":307,"column":44}},"208":{"start":{"line":308,"column":0},"end":{"line":308,"column":14}},"209":{"start":{"line":311,"column":0},"end":{"line":311,"column":30}},"210":{"start":{"line":315,"column":13},"end":{"line":315,"column":53}},"211":{"start":{"line":316,"column":10},"end":{"line":316,"column":44}},"212":{"start":{"line":317,"column":15},"end":{"line":317,"column":59}},"213":{"start":{"line":318,"column":15},"end":{"line":318,"column":18}},"214":{"start":{"line":320,"column":13},"end":{"line":331,"column":1}},"215":{"start":{"line":322,"column":0},"end":{"line":322,"column":73}},"216":{"start":{"line":322,"column":29},"end":{"line":322,"column":73}},"217":{"start":{"line":323,"column":0},"end":{"line":323,"column":92}},"218":{"start":{"line":323,"column":12},"end":{"line":323,"column":92}},"219":{"start":{"line":324,"column":0},"end":{"line":324,"column":61}},"220":{"start":{"line":324,"column":10},"end":{"line":324,"column":61}},"221":{"start":{"line":326,"column":18},"end":{"line":326,"column":41}},"222":{"start":{"line":327,"column":13},"end":{"line":327,"column":36}},"223":{"start":{"line":328,"column":13},"end":{"line":328,"column":35}},"224":{"start":{"line":330,"column":0},"end":{"line":330,"column":16}},"225":{"start":{"line":333,"column":0},"end":{"line":333,"column":26}},"226":{"start":{"line":335,"column":0},"end":{"line":17434,"column":118}},"227":{"start":{"line":344,"column":1},"end":{"line":17432,"column":14}},"228":{"start":{"line":350,"column":12},"end":{"line":350,"column":20}},"229":{"start":{"line":353,"column":21},"end":{"line":353,"column":24}},"230":{"start":{"line":356,"column":20},"end":{"line":356,"column":85}},"231":{"start":{"line":357,"column":16},"end":{"line":357,"column":37}},"232":{"start":{"line":360,"column":19},"end":{"line":360,"column":46}},"233":{"start":{"line":363,"column":21},"end":{"line":363,"column":24}},"234":{"start":{"line":366,"column":16},"end":{"line":366,"column":40}},"235":{"start":{"line":369,"column":20},"end":{"line":369,"column":21}},"236":{"start":{"line":370,"column":16},"end":{"line":370,"column":17}},"237":{"start":{"line":371,"column":19},"end":{"line":371,"column":20}},"238":{"start":{"line":374,"column":25},"end":{"line":374,"column":26}},"239":{"start":{"line":375,"column":23},"end":{"line":375,"column":24}},"240":{"start":{"line":378,"column":19},"end":{"line":378,"column":20}},"241":{"start":{"line":379,"column":19},"end":{"line":379,"column":20}},"242":{"start":{"line":380,"column":22},"end":{"line":380,"column":23}},"243":{"start":{"line":381,"column":16},"end":{"line":381,"column":17}},"244":{"start":{"line":382,"column":22},"end":{"line":382,"column":24}},"245":{"start":{"line":383,"column":18},"end":{"line":383,"column":20}},"246":{"start":{"line":384,"column":24},"end":{"line":384,"column":26}},"247":{"start":{"line":385,"column":14},"end":{"line":385,"column":17}},"248":{"start":{"line":386,"column":16},"end":{"line":386,"column":19}},"249":{"start":{"line":387,"column":15},"end":{"line":387,"column":18}},"250":{"start":{"line":390,"column":25},"end":{"line":390,"column":27}},"251":{"start":{"line":391,"column":23},"end":{"line":391,"column":28}},"252":{"start":{"line":394,"column":14},"end":{"line":394,"column":17}},"253":{"start":{"line":395,"column":9},"end":{"line":395,"column":11}},"254":{"start":{"line":398,"column":21},"end":{"line":398,"column":22}},"255":{"start":{"line":399,"column":14},"end":{"line":399,"column":15}},"256":{"start":{"line":400,"column":16},"end":{"line":400,"column":17}},"257":{"start":{"line":403,"column":13},"end":{"line":403,"column":16}},"258":{"start":{"line":404,"column":17},"end":{"line":404,"column":33}},"259":{"start":{"line":405,"column":12},"end":{"line":405,"column":35}},"260":{"start":{"line":406,"column":4},"end":{"line":406,"column":7}},"261":{"start":{"line":409,"column":21},"end":{"line":409,"column":31}},"262":{"start":{"line":410,"column":16},"end":{"line":410,"column":34}},"263":{"start":{"line":411,"column":22},"end":{"line":411,"column":42}},"264":{"start":{"line":414,"column":14},"end":{"line":423,"column":26}},"265":{"start":{"line":427,"column":12},"end":{"line":427,"column":32}},"266":{"start":{"line":428,"column":9},"end":{"line":428,"column":25}},"267":{"start":{"line":429,"column":9},"end":{"line":429,"column":33}},"268":{"start":{"line":430,"column":8},"end":{"line":430,"column":26}},"269":{"start":{"line":431,"column":8},"end":{"line":431,"column":23}},"270":{"start":{"line":432,"column":10},"end":{"line":432,"column":33}},"271":{"start":{"line":433,"column":9},"end":{"line":433,"column":25}},"272":{"start":{"line":434,"column":8},"end":{"line":434,"column":27}},"273":{"start":{"line":435,"column":7},"end":{"line":435,"column":35}},"274":{"start":{"line":436,"column":7},"end":{"line":436,"column":21}},"275":{"start":{"line":437,"column":10},"end":{"line":437,"column":27}},"276":{"start":{"line":438,"column":8},"end":{"line":438,"column":23}},"277":{"start":{"line":439,"column":10},"end":{"line":439,"column":27}},"278":{"start":{"line":440,"column":11},"end":{"line":440,"column":29}},"279":{"start":{"line":441,"column":9},"end":{"line":441,"column":25}},"280":{"start":{"line":442,"column":10},"end":{"line":442,"column":27}},"281":{"start":{"line":443,"column":7},"end":{"line":443,"column":21}},"282":{"start":{"line":444,"column":10},"end":{"line":444,"column":27}},"283":{"start":{"line":445,"column":10},"end":{"line":445,"column":27}},"284":{"start":{"line":446,"column":13},"end":{"line":446,"column":33}},"285":{"start":{"line":447,"column":11},"end":{"line":447,"column":29}},"286":{"start":{"line":448,"column":11},"end":{"line":448,"column":29}},"287":{"start":{"line":450,"column":19},"end":{"line":450,"column":41}},"288":{"start":{"line":451,"column":12},"end":{"line":451,"column":31}},"289":{"start":{"line":452,"column":11},"end":{"line":452,"column":34}},"290":{"start":{"line":453,"column":11},"end":{"line":453,"column":34}},"291":{"start":{"line":454,"column":8},"end":{"line":454,"column":28}},"292":{"start":{"line":455,"column":9},"end":{"line":455,"column":30}},"293":{"start":{"line":456,"column":9},"end":{"line":456,"column":30}},"294":{"start":{"line":457,"column":9},"end":{"line":457,"column":30}},"295":{"start":{"line":458,"column":16},"end":{"line":458,"column":44}},"296":{"start":{"line":459,"column":10},"end":{"line":459,"column":32}},"297":{"start":{"line":460,"column":10},"end":{"line":460,"column":32}},"298":{"start":{"line":463,"column":25},"end":{"line":463,"column":41}},"299":{"start":{"line":464,"column":20},"end":{"line":464,"column":40}},"300":{"start":{"line":465,"column":22},"end":{"line":465,"column":53}},"301":{"start":{"line":468,"column":18},"end":{"line":468,"column":45}},"302":{"start":{"line":469,"column":16},"end":{"line":469,"column":26}},"303":{"start":{"line":470,"column":17},"end":{"line":470,"column":45}},"304":{"start":{"line":471,"column":19},"end":{"line":471,"column":49}},"305":{"start":{"line":474,"column":13},"end":{"line":474,"column":31}},"306":{"start":{"line":475,"column":11},"end":{"line":475,"column":28}},"307":{"start":{"line":476,"column":14},"end":{"line":476,"column":32}},"308":{"start":{"line":479,"column":17},"end":{"line":479,"column":67}},"309":{"start":{"line":480,"column":14},"end":{"line":480,"column":21}},"310":{"start":{"line":481,"column":11},"end":{"line":481,"column":109}},"311":{"start":{"line":487,"column":17},"end":{"line":487,"column":38}},"312":{"start":{"line":488,"column":16},"end":{"line":488,"column":43}},"313":{"start":{"line":491,"column":11},"end":{"line":491,"column":23}},"314":{"start":{"line":492,"column":12},"end":{"line":492,"column":18}},"315":{"start":{"line":493,"column":10},"end":{"line":493,"column":16}},"316":{"start":{"line":496,"column":18},"end":{"line":496,"column":61}},"317":{"start":{"line":497,"column":14},"end":{"line":497,"column":49}},"318":{"start":{"line":498,"column":15},"end":{"line":498,"column":22}},"319":{"start":{"line":501,"column":16},"end":{"line":501,"column":59}},"320":{"start":{"line":504,"column":17},"end":{"line":504,"column":27}},"321":{"start":{"line":510,"column":17},"end":{"line":510,"column":50}},"322":{"start":{"line":513,"column":12},"end":{"line":513,"column":18}},"323":{"start":{"line":516,"column":15},"end":{"line":516,"column":35}},"324":{"start":{"line":519,"column":15},"end":{"line":519,"column":27}},"325":{"start":{"line":522,"column":17},"end":{"line":522,"column":46}},"326":{"start":{"line":525,"column":14},"end":{"line":525,"column":27}},"327":{"start":{"line":528,"column":13},"end":{"line":528,"column":31}},"328":{"start":{"line":531,"column":12},"end":{"line":531,"column":57}},"329":{"start":{"line":534,"column":14},"end":{"line":534,"column":20}},"330":{"start":{"line":537,"column":22},"end":{"line":537,"column":46}},"331":{"start":{"line":540,"column":18},"end":{"line":540,"column":35}},"332":{"start":{"line":541,"column":18},"end":{"line":541,"column":35}},"333":{"start":{"line":542,"column":22},"end":{"line":542,"column":39}},"334":{"start":{"line":543,"column":20},"end":{"line":543,"column":37}},"335":{"start":{"line":544,"column":13},"end":{"line":544,"column":72}},"336":{"start":{"line":545,"column":15},"end":{"line":545,"column":32}},"337":{"start":{"line":546,"column":13},"end":{"line":546,"column":40}},"338":{"start":{"line":547,"column":14},"end":{"line":547,"column":36}},"339":{"start":{"line":548,"column":15},"end":{"line":548,"column":61}},"340":{"start":{"line":549,"column":19},"end":{"line":549,"column":36}},"341":{"start":{"line":550,"column":13},"end":{"line":550,"column":171}},"342":{"start":{"line":551,"column":13},"end":{"line":551,"column":40}},"343":{"start":{"line":552,"column":11},"end":{"line":552,"column":27}},"344":{"start":{"line":553,"column":13},"end":{"line":553,"column":73}},"345":{"start":{"line":556,"column":11},"end":{"line":556,"column":22}},"346":{"start":{"line":557,"column":9},"end":{"line":557,"column":30}},"347":{"start":{"line":558,"column":8},"end":{"line":558,"column":28}},"348":{"start":{"line":559,"column":8},"end":{"line":559,"column":28}},"349":{"start":{"line":560,"column":9},"end":{"line":560,"column":15}},"350":{"start":{"line":561,"column":10},"end":{"line":561,"column":32}},"351":{"start":{"line":562,"column":8},"end":{"line":562,"column":28}},"352":{"start":{"line":563,"column":7},"end":{"line":563,"column":92}},"353":{"start":{"line":564,"column":7},"end":{"line":564,"column":33}},"354":{"start":{"line":565,"column":11},"end":{"line":565,"column":39}},"355":{"start":{"line":566,"column":12},"end":{"line":566,"column":34}},"356":{"start":{"line":567,"column":11},"end":{"line":567,"column":44}},"357":{"start":{"line":568,"column":11},"end":{"line":568,"column":47}},"358":{"start":{"line":569,"column":8},"end":{"line":569,"column":28}},"359":{"start":{"line":570,"column":6},"end":{"line":570,"column":15}},"360":{"start":{"line":573,"column":16},"end":{"line":573,"column":44}},"361":{"start":{"line":574,"column":12},"end":{"line":574,"column":40}},"362":{"start":{"line":575,"column":16},"end":{"line":575,"column":53}},"363":{"start":{"line":576,"column":16},"end":{"line":576,"column":53}},"364":{"start":{"line":577,"column":9},"end":{"line":577,"column":23}},"365":{"start":{"line":578,"column":9},"end":{"line":578,"column":28}},"366":{"start":{"line":579,"column":10},"end":{"line":579,"column":100}},"367":{"start":{"line":580,"column":11},"end":{"line":580,"column":61}},"368":{"start":{"line":581,"column":11},"end":{"line":581,"column":61}},"369":{"start":{"line":582,"column":6},"end":{"line":582,"column":33}},"370":{"start":{"line":583,"column":8},"end":{"line":583,"column":67}},"371":{"start":{"line":584,"column":9},"end":{"line":584,"column":93}},"372":{"start":{"line":587,"column":11},"end":{"line":587,"column":29}},"373":{"start":{"line":593,"column":16},"end":{"line":593,"column":35}},"374":{"start":{"line":596,"column":14},"end":{"line":596,"column":65}},"375":{"start":{"line":599,"column":18},"end":{"line":608,"column":14}},"376":{"start":{"line":611,"column":17},"end":{"line":611,"column":76}},"377":{"start":{"line":614,"column":21},"end":{"line":614,"column":90}},"378":{"start":{"line":617,"column":17},"end":{"line":622,"column":54}},"379":{"start":{"line":626,"column":20},"end":{"line":626,"column":22}},"380":{"start":{"line":629,"column":19},"end":{"line":629,"column":21}},"381":{"start":{"line":630,"column":0},"end":{"line":634,"column":31}},"382":{"start":{"line":635,"column":0},"end":{"line":642,"column":33}},"383":{"start":{"line":645,"column":18},"end":{"line":645,"column":20}},"384":{"start":{"line":646,"column":0},"end":{"line":656,"column":55}},"385":{"start":{"line":657,"column":0},"end":{"line":658,"column":32}},"386":{"start":{"line":661,"column":20},"end":{"line":715,"column":27}},"387":{"start":{"line":719,"column":16},"end":{"line":724,"column":12}},"388":{"start":{"line":728,"column":18},"end":{"line":733,"column":12}},"389":{"start":{"line":737,"column":18},"end":{"line":743,"column":17}},"390":{"start":{"line":747,"column":19},"end":{"line":747,"column":29}},"391":{"start":{"line":748,"column":13},"end":{"line":748,"column":21}},"392":{"start":{"line":751,"column":15},"end":{"line":751,"column":78}},"393":{"start":{"line":754,"column":13},"end":{"line":754,"column":68}},"394":{"start":{"line":757,"column":9},"end":{"line":757,"column":56}},"395":{"start":{"line":760,"column":16},"end":{"line":760,"column":77}},"396":{"start":{"line":763,"column":15},"end":{"line":763,"column":85}},"397":{"start":{"line":766,"column":18},"end":{"line":766,"column":62}},"398":{"start":{"line":769,"column":16},"end":{"line":769,"column":49}},"399":{"start":{"line":772,"column":13},"end":{"line":776,"column":3}},"400":{"start":{"line":773,"column":0},"end":{"line":775,"column":11}},"401":{"start":{"line":774,"column":0},"end":{"line":774,"column":69}},"402":{"start":{"line":779,"column":22},"end":{"line":779,"column":54}},"403":{"start":{"line":780,"column":11},"end":{"line":780,"column":36}},"404":{"start":{"line":781,"column":10},"end":{"line":781,"column":34}},"405":{"start":{"line":782,"column":13},"end":{"line":782,"column":40}},"406":{"start":{"line":783,"column":10},"end":{"line":783,"column":34}},"407":{"start":{"line":784,"column":17},"end":{"line":784,"column":48}},"408":{"start":{"line":799,"column":0},"end":{"line":803,"column":58}},"409":{"start":{"line":800,"column":7},"end":{"line":800,"column":33}},"410":{"start":{"line":801,"column":7},"end":{"line":801,"column":41}},"411":{"start":{"line":802,"column":7},"end":{"line":802,"column":49}},"412":{"start":{"line":803,"column":7},"end":{"line":803,"column":57}},"413":{"start":{"line":805,"column":0},"end":{"line":805,"column":32}},"414":{"start":{"line":819,"column":10},"end":{"line":819,"column":12}},"415":{"start":{"line":820,"column":7},"end":{"line":820,"column":33}},"416":{"start":{"line":822,"column":0},"end":{"line":825,"column":1}},"417":{"start":{"line":823,"column":10},"end":{"line":823,"column":22}},"418":{"start":{"line":824,"column":0},"end":{"line":824,"column":48}},"419":{"start":{"line":826,"column":0},"end":{"line":826,"column":19}},"420":{"start":{"line":839,"column":10},"end":{"line":839,"column":12}},"421":{"start":{"line":840,"column":7},"end":{"line":840,"column":33}},"422":{"start":{"line":842,"column":0},"end":{"line":846,"column":1}},"423":{"start":{"line":843,"column":0},"end":{"line":845,"column":1}},"424":{"start":{"line":844,"column":0},"end":{"line":844,"column":6}},"425":{"start":{"line":847,"column":0},"end":{"line":847,"column":13}},"426":{"start":{"line":860,"column":11},"end":{"line":860,"column":37}},"427":{"start":{"line":862,"column":0},"end":{"line":866,"column":1}},"428":{"start":{"line":863,"column":0},"end":{"line":865,"column":1}},"429":{"start":{"line":864,"column":0},"end":{"line":864,"column":6}},"430":{"start":{"line":867,"column":0},"end":{"line":867,"column":13}},"431":{"start":{"line":881,"column":10},"end":{"line":881,"column":12}},"432":{"start":{"line":882,"column":7},"end":{"line":882,"column":33}},"433":{"start":{"line":884,"column":0},"end":{"line":888,"column":1}},"434":{"start":{"line":885,"column":0},"end":{"line":887,"column":1}},"435":{"start":{"line":886,"column":0},"end":{"line":886,"column":13}},"436":{"start":{"line":889,"column":0},"end":{"line":889,"column":12}},"437":{"start":{"line":902,"column":10},"end":{"line":902,"column":12}},"438":{"start":{"line":903,"column":7},"end":{"line":903,"column":33}},"439":{"start":{"line":904,"column":9},"end":{"line":904,"column":10}},"440":{"start":{"line":905,"column":7},"end":{"line":905,"column":9}},"441":{"start":{"line":907,"column":0},"end":{"line":912,"column":1}},"442":{"start":{"line":908,"column":10},"end":{"line":908,"column":22}},"443":{"start":{"line":909,"column":0},"end":{"line":911,"column":1}},"444":{"start":{"line":910,"column":0},"end":{"line":910,"column":25}},"445":{"start":{"line":913,"column":0},"end":{"line":913,"column":14}},"446":{"start":{"line":926,"column":11},"end":{"line":926,"column":37}},"447":{"start":{"line":927,"column":0},"end":{"line":927,"column":46}},"448":{"start":{"line":940,"column":10},"end":{"line":940,"column":12}},"449":{"start":{"line":941,"column":7},"end":{"line":941,"column":33}},"450":{"start":{"line":943,"column":0},"end":{"line":947,"column":1}},"451":{"start":{"line":944,"column":0},"end":{"line":946,"column":1}},"452":{"start":{"line":945,"column":0},"end":{"line":945,"column":12}},"453":{"start":{"line":948,"column":0},"end":{"line":948,"column":13}},"454":{"start":{"line":961,"column":10},"end":{"line":961,"column":12}},"455":{"start":{"line":962,"column":7},"end":{"line":962,"column":33}},"456":{"start":{"line":963,"column":7},"end":{"line":963,"column":20}},"457":{"start":{"line":965,"column":0},"end":{"line":967,"column":1}},"458":{"start":{"line":966,"column":0},"end":{"line":966,"column":49}},"459":{"start":{"line":968,"column":0},"end":{"line":968,"column":14}},"460":{"start":{"line":980,"column":10},"end":{"line":980,"column":12}},"461":{"start":{"line":981,"column":7},"end":{"line":981,"column":20}},"462":{"start":{"line":982,"column":7},"end":{"line":982,"column":19}},"463":{"start":{"line":984,"column":0},"end":{"line":986,"column":1}},"464":{"start":{"line":985,"column":0},"end":{"line":985,"column":34}},"465":{"start":{"line":987,"column":0},"end":{"line":987,"column":13}},"466":{"start":{"line":1003,"column":10},"end":{"line":1003,"column":12}},"467":{"start":{"line":1004,"column":7},"end":{"line":1004,"column":33}},"468":{"start":{"line":1006,"column":0},"end":{"line":1008,"column":1}},"469":{"start":{"line":1007,"column":0},"end":{"line":1007,"column":27}},"470":{"start":{"line":1009,"column":0},"end":{"line":1011,"column":1}},"471":{"start":{"line":1010,"column":0},"end":{"line":1010,"column":59}},"472":{"start":{"line":1012,"column":0},"end":{"line":1012,"column":19}},"473":{"start":{"line":1028,"column":11},"end":{"line":1028,"column":37}},"474":{"start":{"line":1029,"column":0},"end":{"line":1031,"column":1}},"475":{"start":{"line":1030,"column":0},"end":{"line":1030,"column":28}},"476":{"start":{"line":1032,"column":0},"end":{"line":1034,"column":1}},"477":{"start":{"line":1033,"column":0},"end":{"line":1033,"column":61}},"478":{"start":{"line":1035,"column":0},"end":{"line":1035,"column":19}},"479":{"start":{"line":1049,"column":10},"end":{"line":1049,"column":12}},"480":{"start":{"line":1050,"column":7},"end":{"line":1050,"column":33}},"481":{"start":{"line":1052,"column":0},"end":{"line":1056,"column":1}},"482":{"start":{"line":1053,"column":0},"end":{"line":1055,"column":1}},"483":{"start":{"line":1054,"column":0},"end":{"line":1054,"column":12}},"484":{"start":{"line":1057,"column":0},"end":{"line":1057,"column":13}},"485":{"start":{"line":1067,"column":14},"end":{"line":1067,"column":36}},"486":{"start":{"line":1077,"column":0},"end":{"line":1077,"column":24}},"487":{"start":{"line":1088,"column":0},"end":{"line":1088,"column":37}},"488":{"start":{"line":1104,"column":0},"end":{"line":1109,"column":3}},"489":{"start":{"line":1105,"column":0},"end":{"line":1108,"column":1}},"490":{"start":{"line":1106,"column":0},"end":{"line":1106,"column":11}},"491":{"start":{"line":1107,"column":0},"end":{"line":1107,"column":13}},"492":{"start":{"line":1110,"column":0},"end":{"line":1110,"column":14}},"493":{"start":{"line":1125,"column":11},"end":{"line":1125,"column":23}},"494":{"start":{"line":1126,"column":6},"end":{"line":1126,"column":32}},"495":{"start":{"line":1128,"column":0},"end":{"line":1132,"column":1}},"496":{"start":{"line":1129,"column":0},"end":{"line":1131,"column":1}},"497":{"start":{"line":1130,"column":0},"end":{"line":1130,"column":13}},"498":{"start":{"line":1133,"column":0},"end":{"line":1133,"column":9}},"499":{"start":{"line":1146,"column":0},"end":{"line":1148,"column":41}},"500":{"start":{"line":1162,"column":10},"end":{"line":1162,"column":21}},"501":{"start":{"line":1163,"column":7},"end":{"line":1163,"column":19}},"502":{"start":{"line":1165,"column":0},"end":{"line":1169,"column":1}},"503":{"start":{"line":1166,"column":0},"end":{"line":1168,"column":1}},"504":{"start":{"line":1167,"column":0},"end":{"line":1167,"column":13}},"505":{"start":{"line":1170,"column":0},"end":{"line":1170,"column":9}},"506":{"start":{"line":1181,"column":0},"end":{"line":1181,"column":21}},"507":{"start":{"line":1194,"column":11},"end":{"line":1194,"column":37}},"508":{"start":{"line":1195,"column":0},"end":{"line":1195,"column":49}},"509":{"start":{"line":1206,"column":0},"end":{"line":1208,"column":2}},"510":{"start":{"line":1207,"column":0},"end":{"line":1207,"column":42}},"511":{"start":{"line":1219,"column":0},"end":{"line":1221,"column":2}},"512":{"start":{"line":1220,"column":0},"end":{"line":1220,"column":42}},"513":{"start":{"line":1238,"column":0},"end":{"line":1242,"column":3}},"514":{"start":{"line":1239,"column":0},"end":{"line":1241,"column":45}},"515":{"start":{"line":1243,"column":0},"end":{"line":1243,"column":19}},"516":{"start":{"line":1257,"column":11},"end":{"line":1257,"column":23}},"517":{"start":{"line":1259,"column":0},"end":{"line":1259,"column":21}},"518":{"start":{"line":1260,"column":0},"end":{"line":1262,"column":1}},"519":{"start":{"line":1261,"column":0},"end":{"line":1261,"column":34}},"520":{"start":{"line":1263,"column":0},"end":{"line":1263,"column":13}},"521":{"start":{"line":1277,"column":6},"end":{"line":1277,"column":8}},"522":{"start":{"line":1278,"column":7},"end":{"line":1278,"column":19}},"523":{"start":{"line":1280,"column":0},"end":{"line":1285,"column":1}},"524":{"start":{"line":1281,"column":12},"end":{"line":1281,"column":34}},"525":{"start":{"line":1282,"column":0},"end":{"line":1284,"column":1}},"526":{"start":{"line":1283,"column":0},"end":{"line":1283,"column":49}},"527":{"start":{"line":1286,"column":0},"end":{"line":1286,"column":14}},"528":{"start":{"line":1299,"column":10},"end":{"line":1299,"column":12}},"529":{"start":{"line":1300,"column":7},"end":{"line":1300,"column":15}},"530":{"start":{"line":1302,"column":0},"end":{"line":1304,"column":1}},"531":{"start":{"line":1303,"column":0},"end":{"line":1303,"column":30}},"532":{"start":{"line":1305,"column":0},"end":{"line":1305,"column":14}},"533":{"start":{"line":1318,"column":0},"end":{"line":1320,"column":3}},"534":{"start":{"line":1319,"column":0},"end":{"line":1319,"column":24}},"535":{"start":{"line":1331,"column":0},"end":{"line":1333,"column":2}},"536":{"start":{"line":1332,"column":0},"end":{"line":1332,"column":19}},"537":{"start":{"line":1347,"column":0},"end":{"line":1349,"column":3}},"538":{"start":{"line":1348,"column":0},"end":{"line":1348,"column":19}},"539":{"start":{"line":1361,"column":0},"end":{"line":1361,"column":22}},"540":{"start":{"line":1374,"column":10},"end":{"line":1374,"column":12}},"541":{"start":{"line":1375,"column":7},"end":{"line":1375,"column":24}},"542":{"start":{"line":1377,"column":0},"end":{"line":1377,"column":71}},"543":{"start":{"line":1378,"column":0},"end":{"line":1378,"column":13}},"544":{"start":{"line":1391,"column":10},"end":{"line":1391,"column":27}},"545":{"start":{"line":1393,"column":0},"end":{"line":1393,"column":64}},"546":{"start":{"line":1394,"column":0},"end":{"line":1394,"column":13}},"547":{"start":{"line":1406,"column":11},"end":{"line":1406,"column":23}},"548":{"start":{"line":1407,"column":7},"end":{"line":1407,"column":8}},"549":{"start":{"line":1409,"column":0},"end":{"line":1413,"column":1}},"550":{"start":{"line":1410,"column":0},"end":{"line":1412,"column":1}},"551":{"start":{"line":1411,"column":0},"end":{"line":1411,"column":9}},"552":{"start":{"line":1414,"column":0},"end":{"line":1414,"column":14}},"553":{"start":{"line":1425,"column":17},"end":{"line":1425,"column":48}},"554":{"start":{"line":1434,"column":19},"end":{"line":1434,"column":46}},"555":{"start":{"line":1444,"column":0},"end":{"line":1444,"column":30}},"556":{"start":{"line":1456,"column":0},"end":{"line":1456,"column":42}},"557":{"start":{"line":1467,"column":0},"end":{"line":1467,"column":33}},"558":{"start":{"line":1478,"column":0},"end":{"line":1478,"column":37}},"559":{"start":{"line":1490,"column":7},"end":{"line":1490,"column":9}},"560":{"start":{"line":1492,"column":0},"end":{"line":1494,"column":1}},"561":{"start":{"line":1493,"column":0},"end":{"line":1493,"column":24}},"562":{"start":{"line":1495,"column":0},"end":{"line":1495,"column":14}},"563":{"start":{"line":1506,"column":10},"end":{"line":1506,"column":12}},"564":{"start":{"line":1507,"column":7},"end":{"line":1507,"column":22}},"565":{"start":{"line":1509,"column":0},"end":{"line":1511,"column":3}},"566":{"start":{"line":1510,"column":0},"end":{"line":1510,"column":28}},"567":{"start":{"line":1512,"column":0},"end":{"line":1512,"column":14}},"568":{"start":{"line":1524,"column":0},"end":{"line":1526,"column":2}},"569":{"start":{"line":1525,"column":0},"end":{"line":1525,"column":28}},"570":{"start":{"line":1539,"column":10},"end":{"line":1539,"column":12}},"571":{"start":{"line":1540,"column":7},"end":{"line":1540,"column":19}},"572":{"start":{"line":1541,"column":9},"end":{"line":1541,"column":10}},"573":{"start":{"line":1542,"column":7},"end":{"line":1542,"column":9}},"574":{"start":{"line":1544,"column":0},"end":{"line":1550,"column":1}},"575":{"start":{"line":1545,"column":10},"end":{"line":1545,"column":22}},"576":{"start":{"line":1546,"column":0},"end":{"line":1549,"column":1}},"577":{"start":{"line":1547,"column":0},"end":{"line":1547,"column":25}},"578":{"start":{"line":1548,"column":0},"end":{"line":1548,"column":25}},"579":{"start":{"line":1551,"column":0},"end":{"line":1551,"column":14}},"580":{"start":{"line":1563,"column":0},"end":{"line":1565,"column":12}},"581":{"start":{"line":1576,"column":10},"end":{"line":1576,"column":12}},"582":{"start":{"line":1577,"column":7},"end":{"line":1577,"column":22}},"583":{"start":{"line":1579,"column":0},"end":{"line":1581,"column":3}},"584":{"start":{"line":1580,"column":0},"end":{"line":1580,"column":22}},"585":{"start":{"line":1582,"column":0},"end":{"line":1582,"column":14}},"586":{"start":{"line":1593,"column":10},"end":{"line":1593,"column":12}},"587":{"start":{"line":1594,"column":7},"end":{"line":1594,"column":22}},"588":{"start":{"line":1596,"column":0},"end":{"line":1598,"column":3}},"589":{"start":{"line":1597,"column":0},"end":{"line":1597,"column":30}},"590":{"start":{"line":1599,"column":0},"end":{"line":1599,"column":14}},"591":{"start":{"line":1613,"column":10},"end":{"line":1613,"column":21}},"592":{"start":{"line":1614,"column":7},"end":{"line":1614,"column":19}},"593":{"start":{"line":1616,"column":0},"end":{"line":1620,"column":1}},"594":{"start":{"line":1617,"column":0},"end":{"line":1619,"column":1}},"595":{"start":{"line":1618,"column":0},"end":{"line":1618,"column":13}},"596":{"start":{"line":1621,"column":0},"end":{"line":1621,"column":9}},"597":{"start":{"line":1635,"column":10},"end":{"line":1635,"column":21}},"598":{"start":{"line":1636,"column":0},"end":{"line":1640,"column":1}},"599":{"start":{"line":1637,"column":0},"end":{"line":1639,"column":1}},"600":{"start":{"line":1638,"column":0},"end":{"line":1638,"column":13}},"601":{"start":{"line":1641,"column":0},"end":{"line":1641,"column":13}},"602":{"start":{"line":1652,"column":0},"end":{"line":1654,"column":18}},"603":{"start":{"line":1665,"column":0},"end":{"line":1667,"column":21}},"604":{"start":{"line":1677,"column":21},"end":{"line":1677,"column":50}},"605":{"start":{"line":1687,"column":11},"end":{"line":1687,"column":32}},"606":{"start":{"line":1688,"column":0},"end":{"line":1690,"column":1}},"607":{"start":{"line":1689,"column":0},"end":{"line":1689,"column":9}},"608":{"start":{"line":1691,"column":0},"end":{"line":1691,"column":14}},"609":{"start":{"line":1702,"column":0},"end":{"line":1702,"column":35}},"610":{"start":{"line":1713,"column":0},"end":{"line":1713,"column":39}},"611":{"start":{"line":1747,"column":17},"end":{"line":17400,"column":1}},"612":{"start":{"line":1748,"column":0},"end":{"line":1748,"column":87}},"613":{"start":{"line":1751,"column":10},"end":{"line":1751,"column":23}},"614":{"start":{"line":1752,"column":5},"end":{"line":1752,"column":17}},"615":{"start":{"line":1753,"column":6},"end":{"line":1753,"column":19}},"616":{"start":{"line":1754,"column":9},"end":{"line":1754,"column":25}},"617":{"start":{"line":1755,"column":5},"end":{"line":1755,"column":17}},"618":{"start":{"line":1756,"column":7},"end":{"line":1756,"column":21}},"619":{"start":{"line":1757,"column":7},"end":{"line":1757,"column":21}},"620":{"start":{"line":1758,"column":7},"end":{"line":1758,"column":21}},"621":{"start":{"line":1759,"column":10},"end":{"line":1759,"column":27}},"622":{"start":{"line":1762,"column":15},"end":{"line":1762,"column":30}},"623":{"start":{"line":1763,"column":10},"end":{"line":1763,"column":28}},"624":{"start":{"line":1764,"column":12},"end":{"line":1764,"column":28}},"625":{"start":{"line":1767,"column":15},"end":{"line":1767,"column":44}},"626":{"start":{"line":1770,"column":17},"end":{"line":1770,"column":35}},"627":{"start":{"line":1773,"column":19},"end":{"line":1773,"column":45}},"628":{"start":{"line":1776,"column":14},"end":{"line":1776,"column":15}},"629":{"start":{"line":1779,"column":15},"end":{"line":1782,"column":3}},"630":{"start":{"line":1780,"column":8},"end":{"line":1780,"column":80}},"631":{"start":{"line":1781,"column":0},"end":{"line":1781,"column":35}},"632":{"start":{"line":1789,"column":25},"end":{"line":1789,"column":45}},"633":{"start":{"line":1792,"column":21},"end":{"line":1792,"column":46}},"634":{"start":{"line":1795,"column":12},"end":{"line":1795,"column":18}},"635":{"start":{"line":1798,"column":15},"end":{"line":1800,"column":78}},"636":{"start":{"line":1804,"column":11},"end":{"line":1804,"column":49}},"637":{"start":{"line":1805,"column":7},"end":{"line":1805,"column":21}},"638":{"start":{"line":1806,"column":11},"end":{"line":1806,"column":29}},"639":{"start":{"line":1807,"column":12},"end":{"line":1807,"column":47}},"640":{"start":{"line":1808,"column":13},"end":{"line":1808,"column":50}},"641":{"start":{"line":1809,"column":13},"end":{"line":1809,"column":26}},"642":{"start":{"line":1810,"column":21},"end":{"line":1810,"column":53}},"643":{"start":{"line":1811,"column":7},"end":{"line":1811,"column":24}},"644":{"start":{"line":1812,"column":17},"end":{"line":1812,"column":59}},"645":{"start":{"line":1813,"column":12},"end":{"line":1813,"column":44}},"646":{"start":{"line":1814,"column":15},"end":{"line":1814,"column":50}},"647":{"start":{"line":1816,"column":19},"end":{"line":1822,"column":3}},"648":{"start":{"line":1817,"column":0},"end":{"line":1821,"column":11}},"649":{"start":{"line":1818,"column":9},"end":{"line":1818,"column":43}},"650":{"start":{"line":1819,"column":0},"end":{"line":1819,"column":15}},"651":{"start":{"line":1820,"column":0},"end":{"line":1820,"column":12}},"652":{"start":{"line":1825,"column":20},"end":{"line":1825,"column":82}},"653":{"start":{"line":1826,"column":7},"end":{"line":1826,"column":47}},"654":{"start":{"line":1827,"column":14},"end":{"line":1827,"column":70}},"655":{"start":{"line":1830,"column":15},"end":{"line":1830,"column":24}},"656":{"start":{"line":1831,"column":12},"end":{"line":1831,"column":22}},"657":{"start":{"line":1832,"column":17},"end":{"line":1832,"column":45}},"658":{"start":{"line":1833,"column":15},"end":{"line":1833,"column":47}},"659":{"start":{"line":1834,"column":15},"end":{"line":1834,"column":31}},"660":{"start":{"line":1835,"column":11},"end":{"line":1835,"column":26}},"661":{"start":{"line":1836,"column":11},"end":{"line":1836,"column":38}},"662":{"start":{"line":1837,"column":10},"end":{"line":1837,"column":18}},"663":{"start":{"line":1838,"column":10},"end":{"line":1838,"column":18}},"664":{"start":{"line":1839,"column":10},"end":{"line":1839,"column":18}},"665":{"start":{"line":1840,"column":15},"end":{"line":1840,"column":31}},"666":{"start":{"line":1841,"column":13},"end":{"line":1841,"column":24}},"667":{"start":{"line":1842,"column":14},"end":{"line":1842,"column":32}},"668":{"start":{"line":1845,"column":13},"end":{"line":1845,"column":42}},"669":{"start":{"line":1846,"column":4},"end":{"line":1846,"column":28}},"670":{"start":{"line":1847,"column":8},"end":{"line":1847,"column":36}},"671":{"start":{"line":1848,"column":4},"end":{"line":1848,"column":28}},"672":{"start":{"line":1849,"column":8},"end":{"line":1849,"column":36}},"673":{"start":{"line":1850,"column":13},"end":{"line":1850,"column":39}},"674":{"start":{"line":1853,"column":12},"end":{"line":1853,"column":34}},"675":{"start":{"line":1856,"column":14},"end":{"line":1856,"column":16}},"676":{"start":{"line":1859,"column":23},"end":{"line":1859,"column":41}},"677":{"start":{"line":1860,"column":14},"end":{"line":1860,"column":27}},"678":{"start":{"line":1861,"column":18},"end":{"line":1861,"column":35}},"679":{"start":{"line":1862,"column":14},"end":{"line":1862,"column":27}},"680":{"start":{"line":1863,"column":18},"end":{"line":1863,"column":35}},"681":{"start":{"line":1866,"column":16},"end":{"line":1866,"column":49}},"682":{"start":{"line":1867,"column":14},"end":{"line":1867,"column":55}},"683":{"start":{"line":1868,"column":15},"end":{"line":1868,"column":57}},"684":{"start":{"line":1990,"column":0},"end":{"line":1997,"column":1}},"685":{"start":{"line":1991,"column":0},"end":{"line":1993,"column":1}},"686":{"start":{"line":1992,"column":0},"end":{"line":1992,"column":13}},"687":{"start":{"line":1994,"column":0},"end":{"line":1996,"column":1}},"688":{"start":{"line":1995,"column":0},"end":{"line":1995,"column":27}},"689":{"start":{"line":1998,"column":0},"end":{"line":1998,"column":32}},"690":{"start":{"line":2009,"column":15},"end":{"line":2023,"column":3}},"691":{"start":{"line":2011,"column":0},"end":{"line":2022,"column":2}},"692":{"start":{"line":2012,"column":0},"end":{"line":2014,"column":1}},"693":{"start":{"line":2013,"column":0},"end":{"line":2013,"column":9}},"694":{"start":{"line":2015,"column":0},"end":{"line":2017,"column":1}},"695":{"start":{"line":2016,"column":0},"end":{"line":2016,"column":27}},"696":{"start":{"line":2018,"column":0},"end":{"line":2018,"column":23}},"697":{"start":{"line":2019,"column":11},"end":{"line":2019,"column":23}},"698":{"start":{"line":2020,"column":0},"end":{"line":2020,"column":27}},"699":{"start":{"line":2021,"column":0},"end":{"line":2021,"column":14}},"700":{"start":{"line":2042,"column":0},"end":{"line":2042,"column":23}},"701":{"start":{"line":2043,"column":0},"end":{"line":2043,"column":20}},"702":{"start":{"line":2044,"column":0},"end":{"line":2044,"column":26}},"703":{"start":{"line":2045,"column":0},"end":{"line":2045,"column":17}},"704":{"start":{"line":2046,"column":0},"end":{"line":2046,"column":26}},"705":{"start":{"line":2058,"column":0},"end":{"line":2106,"column":13}},"706":{"start":{"line":2111,"column":0},"end":{"line":2111,"column":38}},"707":{"start":{"line":2112,"column":0},"end":{"line":2112,"column":36}},"708":{"start":{"line":2114,"column":0},"end":{"line":2114,"column":57}},"709":{"start":{"line":2115,"column":0},"end":{"line":2115,"column":50}},"710":{"start":{"line":2127,"column":0},"end":{"line":2127,"column":23}},"711":{"start":{"line":2128,"column":0},"end":{"line":2128,"column":20}},"712":{"start":{"line":2129,"column":0},"end":{"line":2129,"column":15}},"713":{"start":{"line":2130,"column":0},"end":{"line":2130,"column":24}},"714":{"start":{"line":2131,"column":0},"end":{"line":2131,"column":22}},"715":{"start":{"line":2132,"column":0},"end":{"line":2132,"column":36}},"716":{"start":{"line":2133,"column":0},"end":{"line":2133,"column":18}},"717":{"start":{"line":2145,"column":11},"end":{"line":2145,"column":44}},"718":{"start":{"line":2146,"column":0},"end":{"line":2146,"column":47}},"719":{"start":{"line":2147,"column":0},"end":{"line":2147,"column":28}},"720":{"start":{"line":2148,"column":0},"end":{"line":2148,"column":38}},"721":{"start":{"line":2149,"column":0},"end":{"line":2149,"column":51}},"722":{"start":{"line":2150,"column":0},"end":{"line":2150,"column":40}},"723":{"start":{"line":2151,"column":0},"end":{"line":2151,"column":43}},"724":{"start":{"line":2152,"column":0},"end":{"line":2152,"column":14}},"725":{"start":{"line":2164,"column":0},"end":{"line":2171,"column":1}},"726":{"start":{"line":2165,"column":11},"end":{"line":2165,"column":32}},"727":{"start":{"line":2166,"column":0},"end":{"line":2166,"column":18}},"728":{"start":{"line":2167,"column":0},"end":{"line":2167,"column":25}},"729":{"start":{"line":2169,"column":0},"end":{"line":2169,"column":20}},"730":{"start":{"line":2170,"column":0},"end":{"line":2170,"column":19}},"731":{"start":{"line":2172,"column":0},"end":{"line":2172,"column":14}},"732":{"start":{"line":2184,"column":10},"end":{"line":2184,"column":34}},"733":{"start":{"line":2185,"column":4},"end":{"line":2185,"column":16}},"734":{"start":{"line":2186,"column":6},"end":{"line":2186,"column":20}},"735":{"start":{"line":2187,"column":8},"end":{"line":2187,"column":13}},"736":{"start":{"line":2188,"column":10},"end":{"line":2188,"column":30}},"737":{"start":{"line":2189,"column":5},"end":{"line":2189,"column":40}},"738":{"start":{"line":2190,"column":6},"end":{"line":2190,"column":16}},"739":{"start":{"line":2191,"column":4},"end":{"line":2191,"column":12}},"740":{"start":{"line":2192,"column":7},"end":{"line":2192,"column":16}},"741":{"start":{"line":2193,"column":6},"end":{"line":2193,"column":25}},"742":{"start":{"line":2194,"column":10},"end":{"line":2194,"column":28}},"743":{"start":{"line":2195,"column":11},"end":{"line":2195,"column":27}},"744":{"start":{"line":2196,"column":9},"end":{"line":2196,"column":10}},"745":{"start":{"line":2197,"column":10},"end":{"line":2197,"column":46}},"746":{"start":{"line":2199,"column":0},"end":{"line":2201,"column":1}},"747":{"start":{"line":2200,"column":0},"end":{"line":2200,"column":48}},"748":{"start":{"line":2202,"column":11},"end":{"line":2202,"column":13}},"749":{"start":{"line":2204,"column":0},"end":{"line":2228,"column":1}},"750":{"start":{"line":2205,"column":0},"end":{"line":2228,"column":1}},"751":{"start":{"line":2206,"column":0},"end":{"line":2206,"column":11}},"752":{"start":{"line":2208,"column":14},"end":{"line":2208,"column":16}},"753":{"start":{"line":2209,"column":6},"end":{"line":2209,"column":18}},"754":{"start":{"line":2211,"column":0},"end":{"line":2226,"column":1}},"755":{"start":{"line":2212,"column":9},"end":{"line":2212,"column":29}},"756":{"start":{"line":2213,"column":9},"end":{"line":2213,"column":22}},"757":{"start":{"line":2214,"column":5},"end":{"line":2214,"column":14}},"758":{"start":{"line":2215,"column":9},"end":{"line":2215,"column":24}},"759":{"start":{"line":2217,"column":0},"end":{"line":2225,"column":1}},"760":{"start":{"line":2218,"column":0},"end":{"line":2218,"column":15}},"761":{"start":{"line":2219,"column":6},"end":{"line":2225,"column":1}},"762":{"start":{"line":2220,"column":0},"end":{"line":2224,"column":1}},"763":{"start":{"line":2221,"column":0},"end":{"line":2221,"column":15}},"764":{"start":{"line":2223,"column":0},"end":{"line":2223,"column":12}},"765":{"start":{"line":2227,"column":0},"end":{"line":2227,"column":25}},"766":{"start":{"line":2229,"column":0},"end":{"line":2229,"column":14}},"767":{"start":{"line":2233,"column":0},"end":{"line":2233,"column":55}},"768":{"start":{"line":2234,"column":0},"end":{"line":2234,"column":46}},"769":{"start":{"line":2246,"column":10},"end":{"line":2246,"column":12}},"770":{"start":{"line":2247,"column":7},"end":{"line":2247,"column":37}},"771":{"start":{"line":2249,"column":0},"end":{"line":2249,"column":13}},"772":{"start":{"line":2250,"column":0},"end":{"line":2253,"column":1}},"773":{"start":{"line":2251,"column":10},"end":{"line":2251,"column":24}},"774":{"start":{"line":2252,"column":0},"end":{"line":2252,"column":28}},"775":{"start":{"line":2264,"column":0},"end":{"line":2264,"column":49}},"776":{"start":{"line":2265,"column":0},"end":{"line":2265,"column":12}},"777":{"start":{"line":2279,"column":11},"end":{"line":2279,"column":51}},"778":{"start":{"line":2280,"column":0},"end":{"line":2280,"column":22}},"779":{"start":{"line":2281,"column":0},"end":{"line":2281,"column":14}},"780":{"start":{"line":2294,"column":9},"end":{"line":2294,"column":22}},"781":{"start":{"line":2295,"column":0},"end":{"line":2298,"column":1}},"782":{"start":{"line":2296,"column":11},"end":{"line":2296,"column":20}},"783":{"start":{"line":2297,"column":0},"end":{"line":2297,"column":48}},"784":{"start":{"line":2299,"column":0},"end":{"line":2299,"column":57}},"785":{"start":{"line":2312,"column":9},"end":{"line":2312,"column":22}},"786":{"start":{"line":2313,"column":0},"end":{"line":2313,"column":72}},"787":{"start":{"line":2327,"column":9},"end":{"line":2327,"column":22}},"788":{"start":{"line":2328,"column":0},"end":{"line":2328,"column":29}},"789":{"start":{"line":2329,"column":0},"end":{"line":2329,"column":63}},"790":{"start":{"line":2330,"column":0},"end":{"line":2330,"column":12}},"791":{"start":{"line":2334,"column":0},"end":{"line":2334,"column":31}},"792":{"start":{"line":2335,"column":0},"end":{"line":2335,"column":36}},"793":{"start":{"line":2336,"column":0},"end":{"line":2336,"column":27}},"794":{"start":{"line":2337,"column":0},"end":{"line":2337,"column":27}},"795":{"start":{"line":2338,"column":0},"end":{"line":2338,"column":27}},"796":{"start":{"line":2350,"column":10},"end":{"line":2350,"column":12}},"797":{"start":{"line":2351,"column":7},"end":{"line":2351,"column":37}},"798":{"start":{"line":2353,"column":0},"end":{"line":2353,"column":13}},"799":{"start":{"line":2354,"column":0},"end":{"line":2357,"column":1}},"800":{"start":{"line":2355,"column":10},"end":{"line":2355,"column":24}},"801":{"start":{"line":2356,"column":0},"end":{"line":2356,"column":28}},"802":{"start":{"line":2368,"column":0},"end":{"line":2368,"column":17}},"803":{"start":{"line":2369,"column":0},"end":{"line":2369,"column":12}},"804":{"start":{"line":2382,"column":9},"end":{"line":2382,"column":22}},"805":{"start":{"line":2383,"column":6},"end":{"line":2383,"column":28}},"806":{"start":{"line":2385,"column":0},"end":{"line":2387,"column":1}},"807":{"start":{"line":2386,"column":0},"end":{"line":2386,"column":13}},"808":{"start":{"line":2388,"column":14},"end":{"line":2388,"column":27}},"809":{"start":{"line":2389,"column":0},"end":{"line":2393,"column":1}},"810":{"start":{"line":2390,"column":0},"end":{"line":2390,"column":11}},"811":{"start":{"line":2392,"column":0},"end":{"line":2392,"column":26}},"812":{"start":{"line":2394,"column":0},"end":{"line":2394,"column":12}},"813":{"start":{"line":2395,"column":0},"end":{"line":2395,"column":12}},"814":{"start":{"line":2408,"column":9},"end":{"line":2408,"column":22}},"815":{"start":{"line":2409,"column":6},"end":{"line":2409,"column":28}},"816":{"start":{"line":2411,"column":0},"end":{"line":2411,"column":40}},"817":{"start":{"line":2424,"column":0},"end":{"line":2424,"column":42}},"818":{"start":{"line":2438,"column":9},"end":{"line":2438,"column":22}},"819":{"start":{"line":2439,"column":6},"end":{"line":2439,"column":28}},"820":{"start":{"line":2441,"column":0},"end":{"line":2446,"column":1}},"821":{"start":{"line":2442,"column":0},"end":{"line":2442,"column":12}},"822":{"start":{"line":2443,"column":0},"end":{"line":2443,"column":23}},"823":{"start":{"line":2445,"column":0},"end":{"line":2445,"column":21}},"824":{"start":{"line":2447,"column":0},"end":{"line":2447,"column":12}},"825":{"start":{"line":2451,"column":0},"end":{"line":2451,"column":41}},"826":{"start":{"line":2452,"column":0},"end":{"line":2452,"column":46}},"827":{"start":{"line":2453,"column":0},"end":{"line":2453,"column":37}},"828":{"start":{"line":2454,"column":0},"end":{"line":2454,"column":37}},"829":{"start":{"line":2455,"column":0},"end":{"line":2455,"column":37}},"830":{"start":{"line":2467,"column":10},"end":{"line":2467,"column":12}},"831":{"start":{"line":2468,"column":7},"end":{"line":2468,"column":37}},"832":{"start":{"line":2470,"column":0},"end":{"line":2470,"column":13}},"833":{"start":{"line":2471,"column":0},"end":{"line":2474,"column":1}},"834":{"start":{"line":2472,"column":10},"end":{"line":2472,"column":24}},"835":{"start":{"line":2473,"column":0},"end":{"line":2473,"column":28}},"836":{"start":{"line":2485,"column":0},"end":{"line":2485,"column":12}},"837":{"start":{"line":2486,"column":0},"end":{"line":2489,"column":21}},"838":{"start":{"line":2503,"column":11},"end":{"line":2503,"column":46}},"839":{"start":{"line":2504,"column":0},"end":{"line":2504,"column":22}},"840":{"start":{"line":2505,"column":0},"end":{"line":2505,"column":14}},"841":{"start":{"line":2518,"column":0},"end":{"line":2518,"column":37}},"842":{"start":{"line":2531,"column":0},"end":{"line":2531,"column":37}},"843":{"start":{"line":2545,"column":9},"end":{"line":2545,"column":29}},"844":{"start":{"line":2546,"column":5},"end":{"line":2546,"column":14}},"845":{"start":{"line":2548,"column":0},"end":{"line":2548,"column":20}},"846":{"start":{"line":2549,"column":0},"end":{"line":2549,"column":31}},"847":{"start":{"line":2550,"column":0},"end":{"line":2550,"column":12}},"848":{"start":{"line":2554,"column":0},"end":{"line":2554,"column":39}},"849":{"start":{"line":2555,"column":0},"end":{"line":2555,"column":44}},"850":{"start":{"line":2556,"column":0},"end":{"line":2556,"column":35}},"851":{"start":{"line":2557,"column":0},"end":{"line":2557,"column":35}},"852":{"start":{"line":2558,"column":0},"end":{"line":2558,"column":35}},"853":{"start":{"line":2571,"column":10},"end":{"line":2571,"column":12}},"854":{"start":{"line":2572,"column":7},"end":{"line":2572,"column":35}},"855":{"start":{"line":2574,"column":0},"end":{"line":2574,"column":29}},"856":{"start":{"line":2575,"column":0},"end":{"line":2577,"column":1}},"857":{"start":{"line":2576,"column":0},"end":{"line":2576,"column":24}},"858":{"start":{"line":2591,"column":0},"end":{"line":2591,"column":40}},"859":{"start":{"line":2592,"column":0},"end":{"line":2592,"column":12}},"860":{"start":{"line":2605,"column":0},"end":{"line":2605,"column":32}},"861":{"start":{"line":2609,"column":0},"end":{"line":2609,"column":59}},"862":{"start":{"line":2610,"column":0},"end":{"line":2610,"column":35}},"863":{"start":{"line":2622,"column":9},"end":{"line":2622,"column":45}},"864":{"start":{"line":2623,"column":0},"end":{"line":2623,"column":20}},"865":{"start":{"line":2634,"column":0},"end":{"line":2634,"column":30}},"866":{"start":{"line":2635,"column":0},"end":{"line":2635,"column":12}},"867":{"start":{"line":2648,"column":9},"end":{"line":2648,"column":22}},"868":{"start":{"line":2649,"column":7},"end":{"line":2649,"column":26}},"869":{"start":{"line":2651,"column":0},"end":{"line":2651,"column":20}},"870":{"start":{"line":2652,"column":0},"end":{"line":2652,"column":14}},"871":{"start":{"line":2665,"column":0},"end":{"line":2665,"column":30}},"872":{"start":{"line":2678,"column":0},"end":{"line":2678,"column":30}},"873":{"start":{"line":2692,"column":9},"end":{"line":2692,"column":22}},"874":{"start":{"line":2693,"column":0},"end":{"line":2701,"column":1}},"875":{"start":{"line":2694,"column":10},"end":{"line":2694,"column":23}},"876":{"start":{"line":2695,"column":0},"end":{"line":2699,"column":1}},"877":{"start":{"line":2696,"column":0},"end":{"line":2696,"column":24}},"878":{"start":{"line":2697,"column":0},"end":{"line":2697,"column":22}},"879":{"start":{"line":2698,"column":0},"end":{"line":2698,"column":12}},"880":{"start":{"line":2700,"column":0},"end":{"line":2700,"column":39}},"881":{"start":{"line":2702,"column":0},"end":{"line":2702,"column":20}},"882":{"start":{"line":2703,"column":0},"end":{"line":2703,"column":20}},"883":{"start":{"line":2704,"column":0},"end":{"line":2704,"column":12}},"884":{"start":{"line":2708,"column":0},"end":{"line":2708,"column":33}},"885":{"start":{"line":2709,"column":0},"end":{"line":2709,"column":38}},"886":{"start":{"line":2710,"column":0},"end":{"line":2710,"column":29}},"887":{"start":{"line":2711,"column":0},"end":{"line":2711,"column":29}},"888":{"start":{"line":2712,"column":0},"end":{"line":2712,"column":29}},"889":{"start":{"line":2725,"column":10},"end":{"line":2725,"column":24}},"890":{"start":{"line":2726,"column":6},"end":{"line":2726,"column":32}},"891":{"start":{"line":2727,"column":7},"end":{"line":2727,"column":38}},"892":{"start":{"line":2728,"column":7},"end":{"line":2728,"column":51}},"893":{"start":{"line":2729,"column":12},"end":{"line":2729,"column":40}},"894":{"start":{"line":2730,"column":7},"end":{"line":2730,"column":52}},"895":{"start":{"line":2731,"column":7},"end":{"line":2731,"column":20}},"896":{"start":{"line":2733,"column":0},"end":{"line":2747,"column":1}},"897":{"start":{"line":2734,"column":0},"end":{"line":2746,"column":1}},"898":{"start":{"line":2745,"column":0},"end":{"line":2745,"column":17}},"899":{"start":{"line":2748,"column":0},"end":{"line":2748,"column":14}},"900":{"start":{"line":2759,"column":11},"end":{"line":2759,"column":23}},"901":{"start":{"line":2760,"column":0},"end":{"line":2760,"column":54}},"902":{"start":{"line":2772,"column":0},"end":{"line":2772,"column":65}},"903":{"start":{"line":2783,"column":0},"end":{"line":2783,"column":37}},"904":{"start":{"line":2796,"column":0},"end":{"line":2799,"column":1}},"905":{"start":{"line":2798,"column":0},"end":{"line":2798,"column":34}},"906":{"start":{"line":2813,"column":13},"end":{"line":2813,"column":24}},"907":{"start":{"line":2814,"column":0},"end":{"line":2817,"column":1}},"908":{"start":{"line":2816,"column":0},"end":{"line":2816,"column":34}},"909":{"start":{"line":2829,"column":11},"end":{"line":2829,"column":23}},"910":{"start":{"line":2830,"column":0},"end":{"line":2834,"column":1}},"911":{"start":{"line":2831,"column":0},"end":{"line":2833,"column":1}},"912":{"start":{"line":2832,"column":0},"end":{"line":2832,"column":14}},"913":{"start":{"line":2835,"column":0},"end":{"line":2835,"column":9}},"914":{"start":{"line":2850,"column":0},"end":{"line":2852,"column":3}},"915":{"start":{"line":2851,"column":0},"end":{"line":2851,"column":53}},"916":{"start":{"line":2853,"column":0},"end":{"line":2853,"column":19}},"917":{"start":{"line":2866,"column":0},"end":{"line":2866,"column":54}},"918":{"start":{"line":2879,"column":0},"end":{"line":2879,"column":56}},"919":{"start":{"line":2892,"column":0},"end":{"line":2901,"column":1}},"920":{"start":{"line":2893,"column":0},"end":{"line":2897,"column":18}},"921":{"start":{"line":2900,"column":0},"end":{"line":2900,"column":18}},"922":{"start":{"line":2913,"column":10},"end":{"line":2913,"column":12}},"923":{"start":{"line":2914,"column":7},"end":{"line":2914,"column":19}},"924":{"start":{"line":2915,"column":7},"end":{"line":2915,"column":20}},"925":{"start":{"line":2916,"column":5},"end":{"line":2916,"column":17}},"926":{"start":{"line":2918,"column":0},"end":{"line":2920,"column":1}},"927":{"start":{"line":2919,"column":0},"end":{"line":2919,"column":54}},"928":{"start":{"line":2921,"column":0},"end":{"line":2921,"column":14}},"929":{"start":{"line":2934,"column":0},"end":{"line":2941,"column":1}},"930":{"start":{"line":2935,"column":0},"end":{"line":2937,"column":1}},"931":{"start":{"line":2936,"column":0},"end":{"line":2936,"column":34}},"932":{"start":{"line":2938,"column":0},"end":{"line":2940,"column":1}},"933":{"start":{"line":2939,"column":0},"end":{"line":2939,"column":34}},"934":{"start":{"line":2942,"column":0},"end":{"line":2942,"column":14}},"935":{"start":{"line":2963,"column":7},"end":{"line":2963,"column":30}},"936":{"start":{"line":2964,"column":7},"end":{"line":2964,"column":30}},"937":{"start":{"line":2965,"column":7},"end":{"line":2965,"column":33}},"938":{"start":{"line":2967,"column":0},"end":{"line":2969,"column":1}},"939":{"start":{"line":2968,"column":0},"end":{"line":2968,"column":67}},"940":{"start":{"line":2970,"column":0},"end":{"line":2972,"column":1}},"941":{"start":{"line":2971,"column":0},"end":{"line":2971,"column":14}},"942":{"start":{"line":2973,"column":0},"end":{"line":2975,"column":1}},"943":{"start":{"line":2974,"column":0},"end":{"line":2974,"column":13}},"944":{"start":{"line":2976,"column":10},"end":{"line":2976,"column":24}},"945":{"start":{"line":2977,"column":0},"end":{"line":3002,"column":1}},"946":{"start":{"line":2978,"column":0},"end":{"line":2978,"column":29}},"947":{"start":{"line":2979,"column":0},"end":{"line":2981,"column":1}},"948":{"start":{"line":2980,"column":0},"end":{"line":2980,"column":31}},"949":{"start":{"line":2983,"column":8},"end":{"line":2983,"column":21}},"950":{"start":{"line":2984,"column":7},"end":{"line":2984,"column":32}},"951":{"start":{"line":2986,"column":0},"end":{"line":2988,"column":1}},"952":{"start":{"line":2987,"column":0},"end":{"line":2987,"column":33}},"953":{"start":{"line":2989,"column":0},"end":{"line":3001,"column":1}},"954":{"start":{"line":2990,"column":0},"end":{"line":2990,"column":48}},"955":{"start":{"line":2991,"column":0},"end":{"line":2995,"column":1}},"956":{"start":{"line":2992,"column":0},"end":{"line":2994,"column":44}},"957":{"start":{"line":2997,"column":0},"end":{"line":2999,"column":1}},"958":{"start":{"line":2998,"column":0},"end":{"line":2998,"column":23}},"959":{"start":{"line":3000,"column":0},"end":{"line":3000,"column":40}},"960":{"start":{"line":3004,"column":0},"end":{"line":3004,"column":27}},"961":{"start":{"line":3005,"column":12},"end":{"line":3005,"column":28}},"962":{"start":{"line":3006,"column":0},"end":{"line":3008,"column":1}},"963":{"start":{"line":3007,"column":0},"end":{"line":3007,"column":15}},"964":{"start":{"line":3009,"column":0},"end":{"line":3009,"column":24}},"965":{"start":{"line":3011,"column":0},"end":{"line":3017,"column":1}},"966":{"start":{"line":3012,"column":0},"end":{"line":3014,"column":3}},"967":{"start":{"line":3013,"column":0},"end":{"line":3013,"column":72}},"968":{"start":{"line":3016,"column":0},"end":{"line":3016,"column":14}},"969":{"start":{"line":3019,"column":0},"end":{"line":3025,"column":1}},"970":{"start":{"line":3020,"column":0},"end":{"line":3022,"column":3}},"971":{"start":{"line":3021,"column":0},"end":{"line":3021,"column":71}},"972":{"start":{"line":3024,"column":0},"end":{"line":3024,"column":14}},"973":{"start":{"line":3027,"column":13},"end":{"line":3029,"column":18}},"974":{"start":{"line":3031,"column":10},"end":{"line":3031,"column":41}},"975":{"start":{"line":3032,"column":0},"end":{"line":3039,"column":3}},"976":{"start":{"line":3033,"column":0},"end":{"line":3036,"column":1}},"977":{"start":{"line":3034,"column":0},"end":{"line":3034,"column":13}},"978":{"start":{"line":3035,"column":0},"end":{"line":3035,"column":20}},"979":{"start":{"line":3038,"column":0},"end":{"line":3038,"column":79}},"980":{"start":{"line":3040,"column":0},"end":{"line":3040,"column":14}},"981":{"start":{"line":3051,"column":10},"end":{"line":3051,"column":22}},"982":{"start":{"line":3052,"column":0},"end":{"line":3054,"column":2}},"983":{"start":{"line":3053,"column":0},"end":{"line":3053,"column":43}},"984":{"start":{"line":3066,"column":11},"end":{"line":3066,"column":23}},"985":{"start":{"line":3067,"column":0},"end":{"line":3069,"column":1}},"986":{"start":{"line":3068,"column":0},"end":{"line":3068,"column":14}},"987":{"start":{"line":3070,"column":0},"end":{"line":3070,"column":22}},"988":{"start":{"line":3071,"column":0},"end":{"line":3079,"column":1}},"989":{"start":{"line":3072,"column":8},"end":{"line":3072,"column":21}},"990":{"start":{"line":3073,"column":10},"end":{"line":3073,"column":21}},"991":{"start":{"line":3074,"column":6},"end":{"line":3074,"column":17}},"992":{"start":{"line":3076,"column":0},"end":{"line":3078,"column":1}},"993":{"start":{"line":3077,"column":0},"end":{"line":3077,"column":13}},"994":{"start":{"line":3080,"column":0},"end":{"line":3080,"column":12}},"995":{"start":{"line":3094,"column":0},"end":{"line":3096,"column":1}},"996":{"start":{"line":3095,"column":0},"end":{"line":3095,"column":37}},"997":{"start":{"line":3097,"column":0},"end":{"line":3097,"column":64}},"998":{"start":{"line":3097,"column":29},"end":{"line":3097,"column":56}},"999":{"start":{"line":3112,"column":10},"end":{"line":3112,"column":12}},"1000":{"start":{"line":3113,"column":9},"end":{"line":3113,"column":22}},"1001":{"start":{"line":3114,"column":9},"end":{"line":3114,"column":13}},"1002":{"start":{"line":3115,"column":7},"end":{"line":3115,"column":19}},"1003":{"start":{"line":3116,"column":7},"end":{"line":3116,"column":9}},"1004":{"start":{"line":3117,"column":13},"end":{"line":3117,"column":26}},"1005":{"start":{"line":3119,"column":0},"end":{"line":3121,"column":1}},"1006":{"start":{"line":3120,"column":0},"end":{"line":3120,"column":14}},"1007":{"start":{"line":3122,"column":0},"end":{"line":3124,"column":1}},"1008":{"start":{"line":3123,"column":0},"end":{"line":3123,"column":44}},"1009":{"start":{"line":3125,"column":0},"end":{"line":3133,"column":1}},"1010":{"start":{"line":3126,"column":0},"end":{"line":3126,"column":27}},"1011":{"start":{"line":3127,"column":0},"end":{"line":3127,"column":15}},"1012":{"start":{"line":3129,"column":0},"end":{"line":3133,"column":1}},"1013":{"start":{"line":3130,"column":0},"end":{"line":3130,"column":18}},"1014":{"start":{"line":3131,"column":0},"end":{"line":3131,"column":15}},"1015":{"start":{"line":3132,"column":0},"end":{"line":3132,"column":28}},"1016":{"start":{"line":3134,"column":0},"end":{"line":3152,"column":1}},"1017":{"start":{"line":3135,"column":0},"end":{"line":3152,"column":1}},"1018":{"start":{"line":3136,"column":10},"end":{"line":3136,"column":22}},"1019":{"start":{"line":3137,"column":9},"end":{"line":3137,"column":45}},"1020":{"start":{"line":3139,"column":0},"end":{"line":3139,"column":36}},"1021":{"start":{"line":3140,"column":0},"end":{"line":3151,"column":1}},"1022":{"start":{"line":3141,"column":16},"end":{"line":3141,"column":28}},"1023":{"start":{"line":3142,"column":0},"end":{"line":3146,"column":1}},"1024":{"start":{"line":3143,"column":0},"end":{"line":3145,"column":1}},"1025":{"start":{"line":3144,"column":0},"end":{"line":3144,"column":15}},"1026":{"start":{"line":3147,"column":0},"end":{"line":3147,"column":19}},"1027":{"start":{"line":3149,"column":0},"end":{"line":3151,"column":1}},"1028":{"start":{"line":3150,"column":0},"end":{"line":3150,"column":19}},"1029":{"start":{"line":3153,"column":0},"end":{"line":3153,"column":14}},"1030":{"start":{"line":3164,"column":13},"end":{"line":3164,"column":39}},"1031":{"start":{"line":3174,"column":18},"end":{"line":3174,"column":54}},"1032":{"start":{"line":3186,"column":11},"end":{"line":3186,"column":15}},"1033":{"start":{"line":3187,"column":0},"end":{"line":3190,"column":3}},"1034":{"start":{"line":3188,"column":0},"end":{"line":3188,"column":43}},"1035":{"start":{"line":3189,"column":0},"end":{"line":3189,"column":14}},"1036":{"start":{"line":3191,"column":0},"end":{"line":3191,"column":14}},"1037":{"start":{"line":3205,"column":10},"end":{"line":3205,"column":12}},"1038":{"start":{"line":3206,"column":7},"end":{"line":3206,"column":19}},"1039":{"start":{"line":3208,"column":0},"end":{"line":3219,"column":1}},"1040":{"start":{"line":3209,"column":10},"end":{"line":3209,"column":22}},"1041":{"start":{"line":3210,"column":8},"end":{"line":3210,"column":23}},"1042":{"start":{"line":3212,"column":0},"end":{"line":3218,"column":1}},"1043":{"start":{"line":3216,"column":13},"end":{"line":3216,"column":20}},"1044":{"start":{"line":3217,"column":7},"end":{"line":3217,"column":12}},"1045":{"start":{"line":3220,"column":0},"end":{"line":3220,"column":14}},"1046":{"start":{"line":3234,"column":11},"end":{"line":3234,"column":23}},"1047":{"start":{"line":3236,"column":0},"end":{"line":3236,"column":23}},"1048":{"start":{"line":3237,"column":0},"end":{"line":3239,"column":1}},"1049":{"start":{"line":3238,"column":0},"end":{"line":3238,"column":35}},"1050":{"start":{"line":3240,"column":0},"end":{"line":3240,"column":54}},"1051":{"start":{"line":3241,"column":0},"end":{"line":3243,"column":1}},"1052":{"start":{"line":3242,"column":0},"end":{"line":3242,"column":12}},"1053":{"start":{"line":3244,"column":0},"end":{"line":3244,"column":30}},"1054":{"start":{"line":3245,"column":0},"end":{"line":3247,"column":1}},"1055":{"start":{"line":3246,"column":0},"end":{"line":3246,"column":21}},"1056":{"start":{"line":3248,"column":0},"end":{"line":3248,"column":13}},"1057":{"start":{"line":3260,"column":11},"end":{"line":3260,"column":13}},"1058":{"start":{"line":3261,"column":0},"end":{"line":3265,"column":3}},"1059":{"start":{"line":3262,"column":0},"end":{"line":3264,"column":1}},"1060":{"start":{"line":3263,"column":0},"end":{"line":3263,"column":19}},"1061":{"start":{"line":3266,"column":0},"end":{"line":3266,"column":14}},"1062":{"start":{"line":3281,"column":10},"end":{"line":3281,"column":12}},"1063":{"start":{"line":3282,"column":7},"end":{"line":3282,"column":19}},"1064":{"start":{"line":3284,"column":0},"end":{"line":3284,"column":37}},"1065":{"start":{"line":3285,"column":0},"end":{"line":3285,"column":20}},"1066":{"start":{"line":3287,"column":0},"end":{"line":3299,"column":1}},"1067":{"start":{"line":3288,"column":10},"end":{"line":3288,"column":22}},"1068":{"start":{"line":3289,"column":0},"end":{"line":3298,"column":1}},"1069":{"start":{"line":3290,"column":0},"end":{"line":3295,"column":1}},"1070":{"start":{"line":3292,"column":0},"end":{"line":3292,"column":53}},"1071":{"start":{"line":3294,"column":0},"end":{"line":3294,"column":24}},"1072":{"start":{"line":3296,"column":6},"end":{"line":3298,"column":1}},"1073":{"start":{"line":3297,"column":0},"end":{"line":3297,"column":28}},"1074":{"start":{"line":3300,"column":0},"end":{"line":3300,"column":14}},"1075":{"start":{"line":3314,"column":12},"end":{"line":3314,"column":27}},"1076":{"start":{"line":3326,"column":17},"end":{"line":3326,"column":36}},"1077":{"start":{"line":3337,"column":0},"end":{"line":3337,"column":45}},"1078":{"start":{"line":3349,"column":0},"end":{"line":3349,"column":50}},"1079":{"start":{"line":3362,"column":0},"end":{"line":3364,"column":3}},"1080":{"start":{"line":3363,"column":0},"end":{"line":3363,"column":31}},"1081":{"start":{"line":3376,"column":0},"end":{"line":3376,"column":27}},"1082":{"start":{"line":3378,"column":10},"end":{"line":3378,"column":11}},"1083":{"start":{"line":3379,"column":7},"end":{"line":3379,"column":18}},"1084":{"start":{"line":3381,"column":0},"end":{"line":3383,"column":1}},"1085":{"start":{"line":3382,"column":0},"end":{"line":3382,"column":36}},"1086":{"start":{"line":3384,"column":0},"end":{"line":3384,"column":45}},"1087":{"start":{"line":3399,"column":11},"end":{"line":3399,"column":27}},"1088":{"start":{"line":3400,"column":0},"end":{"line":3400,"column":68}},"1089":{"start":{"line":3411,"column":0},"end":{"line":3413,"column":1}},"1090":{"start":{"line":3412,"column":0},"end":{"line":3412,"column":46}},"1091":{"start":{"line":3414,"column":0},"end":{"line":3416,"column":22}},"1092":{"start":{"line":3429,"column":0},"end":{"line":3429,"column":19}},"1093":{"start":{"line":3441,"column":0},"end":{"line":3441,"column":53}},"1094":{"start":{"line":3453,"column":0},"end":{"line":3453,"column":43}},"1095":{"start":{"line":3466,"column":0},"end":{"line":3466,"column":65}},"1096":{"start":{"line":3480,"column":13},"end":{"line":3480,"column":55}},"1097":{"start":{"line":3481,"column":7},"end":{"line":3481,"column":23}},"1098":{"start":{"line":3482,"column":10},"end":{"line":3482,"column":23}},"1099":{"start":{"line":3483,"column":9},"end":{"line":3483,"column":18}},"1100":{"start":{"line":3484,"column":7},"end":{"line":3484,"column":23}},"1101":{"start":{"line":3485,"column":10},"end":{"line":3485,"column":18}},"1102":{"start":{"line":3486,"column":7},"end":{"line":3486,"column":9}},"1103":{"start":{"line":3488,"column":0},"end":{"line":3497,"column":1}},"1104":{"start":{"line":3489,"column":10},"end":{"line":3489,"column":26}},"1105":{"start":{"line":3490,"column":0},"end":{"line":3492
[...]
7,"column":9},"end":{"line":41,"column":5}}],"line":37},"12":{"loc":{"start":{"line":46,"column":4},"end":{"line":69,"column":5}},"type":"switch","locations":[{"start":{"line":47,"column":8},"end":{"line":48,"column":24}},{"start":{"line":49,"column":8},"end":{"line":50,"column":24}},{"start":{"line":51,"column":8},"end":{"line":52,"column":24}},{"start":{"line":53,"column":8},"end":{"line":54,"column":24}},{"start":{"line":55,"column":8},"end":{"line":56,"column":24}},{"start":{"line":57,"column":8},"end":{"line":58,"column":24}},{"start":{"line":59,"column":8},"end":{"line":60,"column":24}},{"start":{"line":61,"column":8},"end":{"line":62,"column":24}},{"start":{"line":63,"column":8},"end":{"line":64,"column":24}},{"start":{"line":65,"column":8},"end":{"line":66,"column":24}},{"start":{"line":67,"column":8},"end":{"line":68,"column":25}}],"line":46},"13":{"loc":{"start":{"line":77,"column":8},"end":{"line":80,"column":9}},"type":"if","locations":[{"start":{"line":77,"column":8},"end":{"line":80,"column":9}},{"start":{"line":77,"column":8},"end":{"line":80,"column":9}}],"line":77},"14":{"loc":{"start":{"line":83,"column":4},"end":{"line":91,"column":5}},"type":"if","locations":[{"start":{"line":83,"column":4},"end":{"line":91,"column":5}},{"start":{"line":83,"column":4},"end":{"line":91,"column":5}}],"line":83},"15":{"loc":{"start":{"line":98,"column":8},"end":{"line":104,"column":9}},"type":"if","locations":[{"start":{"line":98,"column":8},"end":{"line":104,"column":9}},{"start":{"line":98,"column":8},"end":{"line":104,"column":9}}],"line":98},"16":{"loc":{"start":{"line":100,"column":12},"end":{"line":103,"column":13}},"type":"if","locations":[{"start":{"line":100,"column":12},"end":{"line":103,"column":13}},{"start":{"line":100,"column":12},"end":{"line":103,"column":13}}],"line":100},"17":{"loc":{"start":{"line":111,"column":4},"end":{"line":138,"column":5}},"type":"if","locations":[{"start":{"line":111,"column":4},"end":{"line":138,"column":5}},{"start":{"line":111,"column":4},"end":{"line":138,"column":5}}],"line":111},"18":{"loc":{"start":{"line":116,"column":9},"end":{"line":138,"column":5}},"type":"if","locations":[{"start":{"line":116,"column":9},"end":{"line":138,"column":5}},{"start":{"line":116,"column":9},"end":{"line":138,"column":5}}],"line":116},"19":{"loc":{"start":{"line":121,"column":9},"end":{"line":138,"column":5}},"type":"if","locations":[{"start":{"line":121,"column":9},"end":{"line":138,"column":5}},{"start":{"line":121,"column":9},"end":{"line":138,"column":5}}],"line":121},"20":{"loc":{"start":{"line":126,"column":9},"end":{"line":138,"column":5}},"type":"if","locations":[{"start":{"line":126,"column":9},"end":{"line":138,"column":5}},{"start":{"line":126,"column":9},"end":{"line":138,"column":5}}],"line":126},"21":{"loc":{"start":{"line":131,"column":9},"end":{"line":138,"column":5}},"type":"if","locations":[{"start":{"line":131,"column":9},"end":{"line":138,"column":5}},{"start":{"line":131,"column":9},"end":{"line":138,"column":5}}],"line":131}},"s":{"0":1,"1":27,"2":2,"3":25,"4":1,"5":24,"6":1,"7":23,"8":1,"9":22,"10":1,"11":21,"12":10,"13":11,"14":1,"15":10,"16":1,"17":9,"18":1,"19":8,"20":5,"21":3,"22":1,"23":2,"24":1,"25":1,"26":1,"27":21,"28":1,"29":1,"30":1,"31":1,"32":1,"33":1,"34":1,"35":1,"36":1,"37":1,"38":11,"39":1,"40":23,"41":23,"42":161,"43":24,"44":23,"45":1,"46":22,"47":1,"48":9,"49":75,"50":7,"51":1,"52":8,"53":1,"54":13,"55":2,"56":11,"57":2,"58":9,"59":2,"60":7,"61":2,"62":5,"63":2,"64":3,"65":1},"f":{"0":27,"1":21,"2":23,"3":9,"4":13},"b":{"0":[2,25],"1":[1,24],"2":[1,23],"3":[1,22],"4":[1,21],"5":[10,11],"6":[1,10],"7":[1,9],"8":[1,8],"9":[5,3],"10":[1,2],"11":[1,1],"12":[1,1,1,1,1,1,1,1,1,1,11],"13":[24,137],"14":[1,22],"15":[7,68],"16":[1,6],"17":[2,11],"18":[2,9],"19":[2,7],"20":[2,5],"21":[2,3]},"_coverageSchema":"332fd63041d2c1bcb487cc26dd0d5f7d97098a6c","hash":"27cab2c820dfe60ff16ad55192ae6e92800781f8"}
,"/Users/dcarley/Projects/ppa-1-sw-testing-qa-spring-2018-official-team-4/modules/retirement.js": {"path":"/Users/dcarley/Projects/ppa-1-sw-testing-qa-spring-2018-official-team-4/modules/retirement.js","statementMap":{"0":{"start":{"line":1,"column":22},"end":{"line":1,"column":62}},"1":{"start":{"line":2,"column":12},"end":{"line":2,"column":46}},"2":{"start":{"line":3,"column":14},"end":{"line":3,"column":54}},"3":{"start":{"line":4,"column":17},"end":{"line":4,"column":61}},"4":{"start":{"line":6,"column":17},"end":{"line":26,"column":1}},"5":{"start":{"line":8,"column":2},"end":{"line":8,"column":19}},"6":{"start":{"line":9,"column":2},"end":{"line":9,"column":25}},"7":{"start":{"line":10,"column":2},"end":{"line":10,"column":21}},"8":{"start":{"line":11,"column":2},"end":{"line":11,"column":21}},"9":{"start":{"line":13,"column":2},"end":{"line":13,"column":109}},"10":{"start":{"line":13,"column":17},"end":{"line":13,"column":108}},"11":{"start":{"line":14,"column":2},"end":{"line":14,"column":87}},"12":{"start":{"line":14,"column":17},"end":{"line":14,"column":86}},"13":{"start":{"line":15,"column":2},"end":{"line":15,"column":70}},"14":{"start":{"line":15,"column":16},"end":{"line":15,"column":69}},"15":{"start":{"line":16,"column":2},"end":{"line":16,"column":70}},"16":{"start":{"line":16,"column":16},"end":{"line":16,"column":69}},"17":{"start":{"line":17,"column":2},"end":{"line":17,"column":72}},"18":{"start":{"line":17,"column":18},"end":{"line":17,"column":71}},"19":{"start":{"line":18,"column":2},"end":{"line":18,"column":89}},"20":{"start":{"line":18,"column":17},"end":{"line":18,"column":88}},"21":{"start":{"line":20,"column":21},"end":{"line":20,"column":51}},"22":{"start":{"line":21,"column":14},"end":{"line":21,"column":61}},"23":{"start":{"line":22,"column":2},"end":{"line":22,"column":26}},"24":{"start":{"line":23,"column":15},"end":{"line":23,"column":29}},"25":{"start":{"line":24,"column":2},"end":{"line":24,"column":51}},"26":{"start":{"line":24,"column":20},"end":{"line":24,"column":50}},"27":{"start":{"line":25,"column":2},"end":{"line":25,"column":15}},"28":{"start":{"line":28,"column":0},"end":{"line":28,"column":31}}},"fnMap":{"0":{"name":"(anonymous_0)","decl":{"start":{"line":6,"column":17},"end":{"line":6,"column":18}},"loc":{"start":{"line":6,"column":46},"end":{"line":26,"column":1}},"line":6}},"branchMap":{"0":{"loc":{"start":{"line":13,"column":2},"end":{"line":13,"column":109}},"type":"if","locations":[{"start":{"line":13,"column":2},"end":{"line":13,"column":109}},{"start":{"line":13,"column":2},"end":{"line":13,"column":109}}],"line":13},"1":{"loc":{"start":{"line":14,"column":2},"end":{"line":14,"column":87}},"type":"if","locations":[{"start":{"line":14,"column":2},"end":{"line":14,"column":87}},{"start":{"line":14,"column":2},"end":{"line":14,"column":87}}],"line":14},"2":{"loc":{"start":{"line":15,"column":2},"end":{"line":15,"column":70}},"type":"if","locations":[{"start":{"line":15,"column":2},"end":{"line":15,"column":70}},{"start":{"line":15,"column":2},"end":{"line":15,"column":70}}],"line":15},"3":{"loc":{"start":{"line":16,"column":2},"end":{"line":16,"column":70}},"type":"if","locations":[{"start":{"line":16,"column":2},"end":{"line":16,"column":70}},{"start":{"line":16,"column":2},"end":{"line":16,"column":70}}],"line":16},"4":{"loc":{"start":{"line":17,"column":2},"end":{"line":17,"column":72}},"type":"if","locations":[{"start":{"line":17,"column":2},"end":{"line":17,"column":72}},{"start":{"line":17,"column":2},"end":{"line":17,"column":72}}],"line":17},"5":{"loc":{"start":{"line":18,"column":2},"end":{"line":18,"column":89}},"type":"if","locations":[{"start":{"line":18,"column":2},"end":{"line":18,"column":89}},{"start":{"line":18,"column":2},"end":{"line":18,"column":89}}],"line":18},"6":{"loc":{"start":{"line":24,"column":2},"end":{"line":24,"column":51}},"type":"if","locations":[{"start":{"line":24,"column":2},"end":{"line":24,"column":51}},{"start":{"line":24,"column":2},"end":{"line":24,"column":51}}],"line":24}},"s":{"0":1,"1":1,"2":1,"3":1,"4":1,"5":21,"6":21,"7":21,"8":21,"9":21,"10":1,"11":20,"12":2,"13":18,"14":2,"15":16,"16":1,"17":15,"18":1,"19":14,"20":2,"21":12,"22":11,"23":10,"24":10,"25":10,"26":5,"27":5,"28":1},"f":{"0":21},"b":{"0":[1,20],"1":[2,18],"2":[2,16],"3":[1,15],"4":[1,14],"5":[2,12],"6":[5,5]},"_coverageSchema":"332fd63041d2c1bcb487cc26dd0d5f7d97098a6c","hash":"3791f76c6837df4e0b58058fe90210bb144f1e50"}
,"/Users/dcarley/Projects/ppa-1-sw-testing-qa-spring-2018-official-team-4/modules/splitTip.js": {"path":"/Users/dcarley/Projects/ppa-1-sw-testing-qa-spring-2018-official-team-4/modules/splitTip.js","statementMap":{"0":{"start":{"line":2,"column":15},"end":{"line":2,"column":55}},"1":{"start":{"line":3,"column":12},"end":{"line":3,"column":46}},"2":{"start":{"line":4,"column":17},"end":{"line":4,"column":61}},"3":{"start":{"line":5,"column":17},"end":{"line":5,"column":20}},"4":{"start":{"line":7,"column":15},"end":{"line":18,"column":1}},"5":{"start":{"line":9,"column":4},"end":{"line":9,"column":80}},"6":{"start":{"line":9,"column":36},"end":{"line":9,"column":80}},"7":{"start":{"line":10,"column":4},"end":{"line":10,"column":99}},"8":{"start":{"line":10,"column":19},"end":{"line":10,"column":99}},"9":{"start":{"line":11,"column":4},"end":{"line":11,"column":68}},"10":{"start":{"line":11,"column":17},"end":{"line":11,"column":68}},"11":{"start":{"line":13,"column":20},"end":{"line":13,"column":45}},"12":{"start":{"line":14,"column":14},"end":{"line":14,"column":39}},"13":{"start":{"line":15,"column":15},"end":{"line":15,"column":39}},"14":{"start":{"line":17,"column":0},"end":{"line":17,"column":15}},"15":{"start":{"line":20,"column":0},"end":{"line":20,"column":27}}},"fnMap":{"0":{"name":"(anonymous_0)","decl":{"start":{"line":7,"column":15},"end":{"line":7,"column":16}},"loc":{"start":{"line":7,"column":33},"end":{"line":18,"column":1}},"line":7}},"branchMap":{"0":{"loc":{"start":{"line":9,"column":4},"end":{"line":9,"column":80}},"type":"if","locations":[{"start":{"line":9,"column":4},"end":{"line":9,"column":80}},{"start":{"line":9,"column":4},"end":{"line":9,"column":80}}],"line":9},"1":{"loc":{"start":{"line":9,"column":7},"end":{"line":9,"column":34}},"type":"binary-expr","locations":[{"start":{"line":9,"column":7},"end":{"line":9,"column":19}},{"start":{"line":9,"column":23},"end":{"line":9,"column":34}}],"line":9},"2":{"loc":{"start":{"line":10,"column":4},"end":{"line":10,"column":99}},"type":"if","locations":[{"start":{"line":10,"column":4},"end":{"line":10,"column":99}},{"start":{"line":10,"column":4},"end":{"line":10,"column":99}}],"line":10},"3":{"loc":{"start":{"line":11,"column":4},"end":{"line":11,"column":68}},"type":"if","locations":[{"start":{"line":11,"column":4},"end":{"line":11,"column":68}},{"start":{"line":11,"column":4},"end":{"line":11,"column":68}}],"line":11}},"s":{"0":1,"1":1,"2":1,"3":1,"4":1,"5":9,"6":3,"7":6,"8":4,"9":2,"10":1,"11":1,"12":1,"13":1,"14":1,"15":1},"f":{"0":9},"b":{"0":[3,6],"1":[9,7],"2":[4,2],"3":[1,1]},"_coverageSchema":"332fd63041d2c1bcb487cc26dd0d5f7d97098a6c","hash":"0c3fce33d6a13add94a76fe666c255796a0ee888"}
,"/Users/dcarley/Projects/ppa-1-sw-testing-qa-spring-2018-official-team-4/modules/basic_modules/add.js": {"path":"/Users/dcarley/Projects/ppa-1-sw-testing-qa-spring-2018-official-team-4/modules/basic_modules/add.js","statementMap":{"0":{"start":{"line":1,"column":10},"end":{"line":4,"column":5}},"1":{"start":{"line":2,"column":4},"end":{"line":2,"column":73}},"2":{"start":{"line":2,"column":29},"end":{"line":2,"column":73}},"3":{"start":{"line":3,"column":4},"end":{"line":3,"column":17}},"4":{"start":{"line":5,"column":4},"end":{"line":5,"column":21}}},"fnMap":{"0":{"name":"(anonymous_0)","decl":{"start":{"line":1,"column":10},"end":{"line":1,"column":11}},"loc":{"start":{"line":1,"column":19},"end":{"line":4,"column":5}},"line":1}},"branchMap":{"0":{"loc":{"start":{"line":2,"column":4},"end":{"line":2,"column":73}},"type":"if","locations":[{"start":{"line":2,"column":4},"end":{"line":2,"column":73}},{"start":{"line":2,"column":4},"end":{"line":2,"column":73}}],"line":2},"1":{"loc":{"start":{"line":2,"column":7},"end":{"line":2,"column":27}},"type":"binary-expr","locations":[{"start":{"line":2,"column":7},"end":{"line":2,"column":15}},{"start":{"line":2,"column":19},"end":{"line":2,"column":27}}],"line":2}},"s":{"0":5,"1":43,"2":4,"3":39,"4":5},"f":{"0":43},"b":{"0":[4,39],"1":[43,40]},"_coverageSchema":"332fd63041d2c1bcb487cc26dd0d5f7d97098a6c","hash":"7e45a2516d9bcc0612770bb918463773b2569662"}
,"/Users/dcarley/Projects/ppa-1-sw-testing-qa-spring-2018-official-team-4/modules/basic_modules/divide.js": {"path":"/Users/dcarley/Projects/ppa-1-sw-testing-qa-spring-2018-official-team-4/modules/basic_modules/divide.js","statementMap":{"0":{"start":{"line":1,"column":13},"end":{"line":5,"column":1}},"1":{"start":{"line":2,"column":4},"end":{"line":2,"column":73}},"2":{"start":{"line":2,"column":29},"end":{"line":2,"column":73}},"3":{"start":{"line":3,"column":4},"end":{"line":3,"column":52}},"4":{"start":{"line":3,"column":11},"end":{"line":3,"column":52}},"5":{"start":{"line":4,"column":4},"end":{"line":4,"column":19}},"6":{"start":{"line":6,"column":0},"end":{"line":6,"column":23}}},"fnMap":{"0":{"name":"(anonymous_0)","decl":{"start":{"line":1,"column":13},"end":{"line":1,"column":14}},"loc":{"start":{"line":1,"column":22},"end":{"line":5,"column":1}},"line":1}},"branchMap":{"0":{"loc":{"start":{"line":2,"column":4},"end":{"line":2,"column":73}},"type":"if","locations":[{"start":{"line":2,"column":4},"end":{"line":2,"column":73}},{"start":{"line":2,"column":4},"end":{"line":2,"column":73}}],"line":2},"1":{"loc":{"start":{"line":2,"column":7},"end":{"line":2,"column":27}},"type":"binary-expr","locations":[{"start":{"line":2,"column":7},"end":{"line":2,"column":15}},{"start":{"line":2,"column":19},"end":{"line":2,"column":27}}],"line":2},"2":{"loc":{"start":{"line":3,"column":4},"end":{"line":3,"column":52}},"type":"if","locations":[{"start":{"line":3,"column":4},"end":{"line":3,"column":52}},{"start":{"line":3,"column":4},"end":{"line":3,"column":52}}],"line":3}},"s":{"0":4,"1":31,"2":4,"3":27,"4":3,"5":24,"6":4},"f":{"0":31},"b":{"0":[4,27],"1":[31,28],"2":[3,24]},"_coverageSchema":"332fd63041d2c1bcb487cc26dd0d5f7d97098a6c","hash":"f7c4318f39bda8bf2c5328d1035b94195bee039c"}
,"/Users/dcarley/Projects/ppa-1-sw-testing-qa-spring-2018-official-team-4/modules/basic_modules/multiply.js": {"path":"/Users/dcarley/Projects/ppa-1-sw-testing-qa-spring-2018-official-team-4/modules/basic_modules/multiply.js","statementMap":{"0":{"start":{"line":1,"column":15},"end":{"line":4,"column":1}},"1":{"start":{"line":2,"column":4},"end":{"line":2,"column":73}},"2":{"start":{"line":2,"column":29},"end":{"line":2,"column":73}},"3":{"start":{"line":3,"column":4},"end":{"line":3,"column":17}},"4":{"start":{"line":6,"column":0},"end":{"line":6,"column":27}}},"fnMap":{"0":{"name":"(anonymous_0)","decl":{"start":{"line":1,"column":15},"end":{"line":1,"column":16}},"loc":{"start":{"line":1,"column":24},"end":{"line":4,"column":1}},"line":1}},"branchMap":{"0":{"loc":{"start":{"line":2,"column":4},"end":{"line":2,"column":73}},"type":"if","locations":[{"start":{"line":2,"column":4},"end":{"line":2,"column":73}},{"start":{"line":2,"column":4},"end":{"line":2,"column":73}}],"line":2},"1":{"loc":{"start":{"line":2,"column":7},"end":{"line":2,"column":27}},"type":"binary-expr","locations":[{"start":{"line":2,"column":7},"end":{"line":2,"column":15}},{"start":{"line":2,"column":19},"end":{"line":2,"column":27}}],"line":2}},"s":{"0":6,"1":70,"2":5,"3":65,"4":6},"f":{"0":70},"b":{"0":[5,65],"1":[70,66]},"_coverageSchema":"332fd63041d2c1bcb487cc26dd0d5f7d97098a6c","hash":"36fc36b6d019d5a4c49b4b563056211e742b2f6e"}
,"/Users/dcarley/Projects/ppa-1-sw-testing-qa-spring-2018-official-team-4/modules/basic_modules/parse.js": {"path":"/Users/dcarley/Projects/ppa-1-sw-testing-qa-spring-2018-official-team-4/modules/basic_modules/parse.js","statementMap":{"0":{"start":{"line":1,"column":12},"end":{"line":15,"column":1}},"1":{"start":{"line":2,"column":4},"end":{"line":2,"column":87}},"2":{"start":{"line":2,"column":43},"end":{"line":2,"column":87}},"3":{"start":{"line":5,"column":15},"end":{"line":5,"column":79}},"4":{"start":{"line":8,"column":3},"end":{"line":13,"column":4}},"5":{"start":{"line":8,"column":22},"end":{"line":8,"column":95}},"6":{"start":{"line":10,"column":15},"end":{"line":10,"column":24}},"7":{"start":{"line":11,"column":11},"end":{"line":11,"column":20}},"8":{"start":{"line":12,"column":4},"end":{"line":12,"column":30}},"9":{"start":{"line":16,"column":0},"end":{"line":16,"column":21}}},"fnMap":{"0":{"name":"(anonymous_0)","decl":{"start":{"line":1,"column":12},"end":{"line":1,"column":13}},"loc":{"start":{"line":1,"column":31},"end":{"line":15,"column":1}},"line":1}},"branchMap":{"0":{"loc":{"start":{"line":2,"column":4},"end":{"line":2,"column":87}},"type":"if","locations":[{"start":{"line":2,"column":4},"end":{"line":2,"column":87}},{"start":{"line":2,"column":4},"end":{"line":2,"column":87}}],"line":2},"1":{"loc":{"start":{"line":8,"column":3},"end":{"line":13,"column":4}},"type":"if","locations":[{"start":{"line":8,"column":3},"end":{"line":13,"column":4}},{"start":{"line":8,"column":3},"end":{"line":13,"column":4}}],"line":8}},"s":{"0":2,"1":13,"2":2,"3":11,"4":11,"5":2,"6":9,"7":9,"8":9,"9":2},"f":{"0":13},"b":{"0":[2,11],"1":[2,9]},"_coverageSchema":"332fd63041d2c1bcb487cc26dd0d5f7d97098a6c","hash":"51622e7b4df34d89f8e6e76d673669ca0ac5da58"}
,"/Users/dcarley/Projects/ppa-1-sw-testing-qa-spring-2018-official-team-4/modules/basic_modules/subtract.js": {"path":"/Users/dcarley/Projects/ppa-1-sw-testing-qa-spring-2018-official-team-4/modules/basic_modules/subtract.js","statementMap":{"0":{"start":{"line":1,"column":15},"end":{"line":4,"column":5}},"1":{"start":{"line":2,"column":4},"end":{"line":2,"column":73}},"2":{"start":{"line":2,"column":29},"end":{"line":2,"column":73}},"3":{"start":{"line":3,"column":4},"end":{"line":3,"column":17}},"4":{"start":{"line":5,"column":4},"end":{"line":5,"column":31}}},"fnMap":{"0":{"name":"(anonymous_0)","decl":{"start":{"line":1,"column":15},"end":{"line":1,"column":16}},"loc":{"start":{"line":1,"column":24},"end":{"line":4,"column":5}},"line":1}},"branchMap":{"0":{"loc":{"start":{"line":2,"column":4},"end":{"line":2,"column":73}},"type":"if","locations":[{"start":{"line":2,"column":4},"end":{"line":2,"column":73}},{"start":{"line":2,"column":4},"end":{"line":2,"column":73}}],"line":2},"1":{"loc":{"start":{"line":2,"column":7},"end":{"line":2,"column":27}},"type":"binary-expr","locations":[{"start":{"line":2,"column":7},"end":{"line":2,"column":15}},{"start":{"line":2,"column":19},"end":{"line":2,"column":27}}],"line":2}},"s":{"0":2,"1":24,"2":3,"3":21,"4":2},"f":{"0":24},"b":{"0":[3,21],"1":[24,22]},"_coverageSchema":"332fd63041d2c1bcb487cc26dd0d5f7d97098a6c","hash":"88218c2ba778d0713f04ae7fe05403916c57f60e"}
,"/Users/dcarley/Projects/ppa-1-sw-testing-qa-spring-2018-official-team-4/modules/basic_modules/yearlySavings.js": {"path":"/Users/dcarley/Projects/ppa-1-sw-testing-qa-spring-2018-official-team-4/modules/basic_modules/yearlySavings.js","statementMap":{"0":{"start":{"line":1,"column":17},"end":{"line":1,"column":47}},"1":{"start":{"line":2,"column":20},"end":{"line":6,"column":1}},"2":{"start":{"line":3,"column":2},"end":{"line":3,"column":25}},"3":{"start":{"line":4,"column":2},"end":{"line":4,"column":21}},"4":{"start":{"line":5,"column":2},"end":{"line":5,"column":30}},"5":{"start":{"line":8,"column":0},"end":{"line":8,"column":30}}},"fnMap":{"0":{"name":"(anonymous_0)","decl":{"start":{"line":2,"column":20},"end":{"line":2,"column":21}},"loc":{"start":{"line":2,"column":38},"end":{"line":6,"column":1}},"line":2}},"branchMap":{},"s":{"0":2,"1":2,"2":13,"3":13,"4":13,"5":2},"f":{"0":13},"b":{},"_coverageSchema":"332fd63041d2c1bcb487cc26dd0d5f7d97098a6c","hash":"d178168e78c1b7c21283374e2874222652106f5c"}
}
