{"/Users/dcarley/Projects/ppa-1-sw-testing-qa-spring-2018-official-team-4/bundle.js": {"path":"/Users/dcarley/Projects/ppa-1-sw-testing-qa-spring-2018-official-team-4/bundle.js","statementMap":{"0":{"start":{"line":1,"column":0},"end":{"line":17428,"column":3}},"1":{"start":{"line":1,"column":13},"end":{"line":1,"column":325}},"2":{"start":{"line":1,"column":72},"end":{"line":1,"column":91}},"3":{"start":{"line":1,"column":97},"end":{"line":1,"column":325}},"4":{"start":{"line":1,"column":140},"end":{"line":1,"column":153}},"5":{"start":{"line":1,"column":165},"end":{"line":1,"column":310}},"6":{"start":{"line":1,"column":197},"end":{"line":1,"column":206}},"7":{"start":{"line":1,"column":212},"end":{"line":1,"column":310}},"8":{"start":{"line":1,"column":244},"end":{"line":1,"column":253}},"9":{"start":{"line":1,"column":259},"end":{"line":1,"column":310}},"10":{"start":{"line":1,"column":289},"end":{"line":1,"column":296}},"11":{"start":{"line":1,"column":302},"end":{"line":1,"column":309}},"12":{"start":{"line":1,"column":310},"end":{"line":1,"column":324}},"13":{"start":{"line":1,"column":365},"end":{"line":17427,"column":18}},"14":{"start":{"line":1,"column":406},"end":{"line":1,"column":709}},"15":{"start":{"line":1,"column":416},"end":{"line":1,"column":593}},"16":{"start":{"line":1,"column":432},"end":{"line":1,"column":467}},"17":{"start":{"line":1,"column":468},"end":{"line":1,"column":492}},"18":{"start":{"line":1,"column":477},"end":{"line":1,"column":492}},"19":{"start":{"line":1,"column":492},"end":{"line":1,"column":512}},"20":{"start":{"line":1,"column":497},"end":{"line":1,"column":512}},"21":{"start":{"line":1,"column":518},"end":{"line":1,"column":557}},"22":{"start":{"line":1,"column":558},"end":{"line":1,"column":592}},"23":{"start":{"line":1,"column":599},"end":{"line":1,"column":616}},"24":{"start":{"line":1,"column":617},"end":{"line":1,"column":708}},"25":{"start":{"line":1,"column":658},"end":{"line":1,"column":668}},"26":{"start":{"line":1,"column":669},"end":{"line":1,"column":685}},"27":{"start":{"line":1,"column":709},"end":{"line":1,"column":729}},"28":{"start":{"line":1,"column":736},"end":{"line":1,"column":771}},"29":{"start":{"line":1,"column":772},"end":{"line":1,"column":807}},"30":{"start":{"line":1,"column":799},"end":{"line":1,"column":807}},"31":{"start":{"line":1,"column":807},"end":{"line":1,"column":816}},"32":{"start":{"line":3,"column":0},"end":{"line":3,"column":48}},"33":{"start":{"line":4,"column":0},"end":{"line":4,"column":63}},"34":{"start":{"line":5,"column":0},"end":{"line":5,"column":63}},"35":{"start":{"line":6,"column":0},"end":{"line":6,"column":63}},"36":{"start":{"line":7,"column":0},"end":{"line":7,"column":69}},"37":{"start":{"line":10,"column":8},"end":{"line":13,"column":1}},"38":{"start":{"line":11,"column":0},"end":{"line":11,"column":66}},"39":{"start":{"line":11,"column":22},"end":{"line":11,"column":66}},"40":{"start":{"line":12,"column":0},"end":{"line":12,"column":11}},"41":{"start":{"line":14,"column":0},"end":{"line":14,"column":16}},"42":{"start":{"line":16,"column":11},"end":{"line":20,"column":1}},"43":{"start":{"line":17,"column":0},"end":{"line":17,"column":66}},"44":{"start":{"line":17,"column":22},"end":{"line":17,"column":66}},"45":{"start":{"line":18,"column":0},"end":{"line":18,"column":45}},"46":{"start":{"line":18,"column":6},"end":{"line":18,"column":45}},"47":{"start":{"line":19,"column":0},"end":{"line":19,"column":11}},"48":{"start":{"line":21,"column":0},"end":{"line":21,"column":22}},"49":{"start":{"line":23,"column":13},"end":{"line":26,"column":1}},"50":{"start":{"line":24,"column":0},"end":{"line":24,"column":66}},"51":{"start":{"line":24,"column":22},"end":{"line":24,"column":66}},"52":{"start":{"line":25,"column":0},"end":{"line":25,"column":11}},"53":{"start":{"line":28,"column":0},"end":{"line":28,"column":26}},"54":{"start":{"line":30,"column":10},"end":{"line":44,"column":1}},"55":{"start":{"line":31,"column":0},"end":{"line":31,"column":79}},"56":{"start":{"line":31,"column":35},"end":{"line":31,"column":79}},"57":{"start":{"line":34,"column":10},"end":{"line":34,"column":74}},"58":{"start":{"line":37,"column":0},"end":{"line":42,"column":1}},"59":{"start":{"line":37,"column":16},"end":{"line":37,"column":89}},"60":{"start":{"line":39,"column":9},"end":{"line":39,"column":18}},"61":{"start":{"line":40,"column":5},"end":{"line":40,"column":14}},"62":{"start":{"line":41,"column":0},"end":{"line":41,"column":25}},"63":{"start":{"line":45,"column":0},"end":{"line":45,"column":20}},"64":{"start":{"line":47,"column":13},"end":{"line":50,"column":1}},"65":{"start":{"line":48,"column":0},"end":{"line":48,"column":66}},"66":{"start":{"line":48,"column":22},"end":{"line":48,"column":66}},"67":{"start":{"line":49,"column":0},"end":{"line":49,"column":11}},"68":{"start":{"line":51,"column":0},"end":{"line":51,"column":26}},"69":{"start":{"line":53,"column":15},"end":{"line":53,"column":45}},"70":{"start":{"line":54,"column":18},"end":{"line":58,"column":1}},"71":{"start":{"line":55,"column":0},"end":{"line":55,"column":22}},"72":{"start":{"line":56,"column":0},"end":{"line":56,"column":18}},"73":{"start":{"line":57,"column":0},"end":{"line":57,"column":29}},"74":{"start":{"line":60,"column":0},"end":{"line":60,"column":29}},"75":{"start":{"line":63,"column":10},"end":{"line":63,"column":44}},"76":{"start":{"line":64,"column":13},"end":{"line":64,"column":53}},"77":{"start":{"line":65,"column":15},"end":{"line":65,"column":59}},"78":{"start":{"line":66,"column":12},"end":{"line":66,"column":50}},"79":{"start":{"line":67,"column":6},"end":{"line":67,"column":23}},"80":{"start":{"line":68,"column":12},"end":{"line":68,"column":16}},"81":{"start":{"line":69,"column":16},"end":{"line":69,"column":21}},"82":{"start":{"line":75,"column":8},"end":{"line":110,"column":1}},"83":{"start":{"line":76,"column":0},"end":{"line":76,"column":61}},"84":{"start":{"line":76,"column":17},"end":{"line":76,"column":61}},"85":{"start":{"line":79,"column":15},"end":{"line":79,"column":37}},"86":{"start":{"line":82,"column":15},"end":{"line":82,"column":31}},"87":{"start":{"line":83,"column":17},"end":{"line":83,"column":33}},"88":{"start":{"line":86,"column":17},"end":{"line":86,"column":40}},"89":{"start":{"line":87,"column":16},"end":{"line":87,"column":42}},"90":{"start":{"line":90,"column":19},"end":{"line":90,"column":50}},"91":{"start":{"line":93,"column":18},"end":{"line":93,"column":57}},"92":{"start":{"line":95,"column":18},"end":{"line":95,"column":77}},"93":{"start":{"line":96,"column":0},"end":{"line":104,"column":1}},"94":{"start":{"line":97,"column":0},"end":{"line":97,"column":62}},"95":{"start":{"line":98,"column":6},"end":{"line":104,"column":1}},"96":{"start":{"line":99,"column":0},"end":{"line":99,"column":64}},"97":{"start":{"line":100,"column":6},"end":{"line":104,"column":1}},"98":{"start":{"line":101,"column":0},"end":{"line":101,"column":62}},"99":{"start":{"line":103,"column":0},"end":{"line":103,"column":56}},"100":{"start":{"line":112,"column":0},"end":{"line":112,"column":16}},"101":{"start":{"line":114,"column":15},"end":{"line":114,"column":59}},"102":{"start":{"line":115,"column":15},"end":{"line":115,"column":59}},"103":{"start":{"line":116,"column":10},"end":{"line":116,"column":44}},"104":{"start":{"line":118,"column":13},"end":{"line":129,"column":1}},"105":{"start":{"line":119,"column":0},"end":{"line":119,"column":96}},"106":{"start":{"line":119,"column":46},"end":{"line":119,"column":96}},"107":{"start":{"line":121,"column":0},"end":{"line":121,"column":18}},"108":{"start":{"line":122,"column":0},"end":{"line":122,"column":18}},"109":{"start":{"line":124,"column":0},"end":{"line":124,"column":16}},"110":{"start":{"line":125,"column":0},"end":{"line":125,"column":16}},"111":{"start":{"line":127,"column":0},"end":{"line":127,"column":26}},"112":{"start":{"line":128,"column":0},"end":{"line":128,"column":56}},"113":{"start":{"line":131,"column":0},"end":{"line":131,"column":26}},"114":{"start":{"line":133,"column":19},"end":{"line":174,"column":1}},"115":{"start":{"line":136,"column":0},"end":{"line":173,"column":1}},"116":{"start":{"line":136,"column":15},"end":{"line":136,"column":70}},"117":{"start":{"line":139,"column":5},"end":{"line":173,"column":1}},"118":{"start":{"line":139,"column":32},"end":{"line":139,"column":89}},"119":{"start":{"line":142,"column":5},"end":{"line":173,"column":1}},"120":{"start":{"line":142,"column":32},"end":{"line":142,"column":98}},"121":{"start":{"line":145,"column":5},"end":{"line":173,"column":1}},"122":{"start":{"line":145,"column":32},"end":{"line":145,"column":106}},"123":{"start":{"line":148,"column":5},"end":{"line":173,"column":1}},"124":{"start":{"line":148,"column":23},"end":{"line":148,"column":84}},"125":{"start":{"line":151,"column":5},"end":{"line":173,"column":1}},"126":{"start":{"line":151,"column":43},"end":{"line":151,"column":120}},"127":{"start":{"line":154,"column":5},"end":{"line":173,"column":1}},"128":{"start":{"line":154,"column":36},"end":{"line":154,"column":95}},"129":{"start":{"line":157,"column":5},"end":{"line":173,"column":1}},"130":{"start":{"line":157,"column":42},"end":{"line":157,"column":123}},"131":{"start":{"line":160,"column":5},"end":{"line":173,"column":1}},"132":{"start":{"line":160,"column":36},"end":{"line":160,"column":114}},"133":{"start":{"line":163,"column":5},"end":{"line":173,"column":1}},"134":{"start":{"line":163,"column":42},"end":{"line":163,"column":136}},"135":{"start":{"line":166,"column":5},"end":{"line":173,"column":1}},"136":{"start":{"line":166,"column":48},"end":{"line":166,"column":106}},"137":{"start":{"line":169,"column":5},"end":{"line":173,"column":1}},"138":{"start":{"line":169,"column":48},"end":{"line":169,"column":114}},"139":{"start":{"line":172,"column":0},"end":{"line":172,"column":12}},"140":{"start":{"line":177,"column":22},"end":{"line":202,"column":1}},"141":{"start":{"line":178,"column":0},"end":{"line":200,"column":14}},"142":{"start":{"line":180,"column":0},"end":{"line":180,"column":12}},"143":{"start":{"line":182,"column":0},"end":{"line":182,"column":12}},"144":{"start":{"line":184,"column":0},"end":{"line":184,"column":12}},"145":{"start":{"line":186,"column":0},"end":{"line":186,"column":12}},"146":{"start":{"line":188,"column":0},"end":{"line":188,"column":12}},"147":{"start":{"line":190,"column":0},"end":{"line":190,"column":12}},"148":{"start":{"line":192,"column":0},"end":{"line":192,"column":12}},"149":{"start":{"line":194,"column":0},"end":{"line":194,"column":12}},"150":{"start":{"line":196,"column":0},"end":{"line":196,"column":12}},"151":{"start":{"line":198,"column":0},"end":{"line":198,"column":12}},"152":{"start":{"line":200,"column":0},"end":{"line":200,"column":13}},"153":{"start":{"line":205,"column":14},"end":{"line":224,"column":1}},"154":{"start":{"line":206,"column":12},"end":{"line":206,"column":13}},"155":{"start":{"line":207,"column":0},"end":{"line":213,"column":1}},"156":{"start":{"line":209,"column":0},"end":{"line":212,"column":1}},"157":{"start":{"line":211,"column":0},"end":{"line":211,"column":10}},"158":{"start":{"line":215,"column":0},"end":{"line":223,"column":1}},"159":{"start":{"line":217,"column":0},"end":{"line":217,"column":12}},"160":{"start":{"line":222,"column":0},"end":{"line":222,"column":13}},"161":{"start":{"line":227,"column":18},"end":{"line":239,"column":1}},"162":{"start":{"line":228,"column":0},"end":{"line":237,"column":1}},"163":{"start":{"line":230,"column":0},"end":{"line":236,"column":1}},"164":{"start":{"line":232,"column":0},"end":{"line":235,"column":1}},"165":{"start":{"line":234,"column":0},"end":{"line":234,"column":12}},"166":{"start":{"line":238,"column":0},"end":{"line":238,"column":13}},"167":{"start":{"line":242,"column":23},"end":{"line":271,"column":1}},"168":{"start":{"line":243,"column":0},"end":{"line":270,"column":1}},"169":{"start":{"line":245,"column":0},"end":{"line":245,"column":10}},"170":{"start":{"line":248,"column":0},"end":{"line":270,"column":1}},"171":{"start":{"line":250,"column":0},"end":{"line":250,"column":10}},"172":{"start":{"line":253,"column":0},"end":{"line":270,"column":1}},"173":{"start":{"line":255,"column":0},"end":{"line":255,"column":10}},"174":{"start":{"line":258,"column":0},"end":{"line":270,"column":1}},"175":{"start":{"line":260,"column":0},"end":{"line":260,"column":10}},"176":{"start":{"line":263,"column":0},"end":{"line":270,"column":1}},"177":{"start":{"line":265,"column":0},"end":{"line":265,"column":10}},"178":{"start":{"line":269,"column":0},"end":{"line":269,"column":13}},"179":{"start":{"line":273,"column":0},"end":{"line":273,"column":38}},"180":{"start":{"line":276,"column":20},"end":{"line":276,"column":60}},"181":{"start":{"line":277,"column":10},"end":{"line":277,"column":44}},"182":{"start":{"line":278,"column":13},"end":{"line":278,"column":53}},"183":{"start":{"line":279,"column":15},"end":{"line":279,"column":59}},"184":{"start":{"line":281,"column":15},"end":{"line":301,"column":1}},"185":{"start":{"line":283,"column":0},"end":{"line":283,"column":16}},"186":{"start":{"line":284,"column":0},"end":{"line":284,"column":22}},"187":{"start":{"line":285,"column":0},"end":{"line":285,"column":18}},"188":{"start":{"line":286,"column":0},"end":{"line":286,"column":18}},"189":{"start":{"line":288,"column":0},"end":{"line":288,"column":105}},"190":{"start":{"line":288,"column":12},"end":{"line":288,"column":104}},"191":{"start":{"line":289,"column":0},"end":{"line":289,"column":83}},"192":{"start":{"line":289,"column":12},"end":{"line":289,"column":82}},"193":{"start":{"line":290,"column":0},"end":{"line":290,"column":66}},"194":{"start":{"line":290,"column":11},"end":{"line":290,"column":65}},"195":{"start":{"line":291,"column":0},"end":{"line":291,"column":66}},"196":{"start":{"line":291,"column":11},"end":{"line":291,"column":65}},"197":{"start":{"line":292,"column":0},"end":{"line":292,"column":68}},"198":{"start":{"line":292,"column":13},"end":{"line":292,"column":67}},"199":{"start":{"line":293,"column":0},"end":{"line":293,"column":85}},"200":{"start":{"line":293,"column":12},"end":{"line":293,"column":84}},"201":{"start":{"line":295,"column":17},"end":{"line":295,"column":45}},"202":{"start":{"line":296,"column":10},"end":{"line":296,"column":57}},"203":{"start":{"line":297,"column":0},"end":{"line":297,"column":23}},"204":{"start":{"line":298,"column":11},"end":{"line":298,"column":25}},"205":{"start":{"line":299,"column":0},"end":{"line":299,"column":45}},"206":{"start":{"line":299,"column":14},"end":{"line":299,"column":44}},"207":{"start":{"line":300,"column":0},"end":{"line":300,"column":14}},"208":{"start":{"line":303,"column":0},"end":{"line":303,"column":30}},"209":{"start":{"line":307,"column":13},"end":{"line":307,"column":53}},"210":{"start":{"line":308,"column":10},"end":{"line":308,"column":44}},"211":{"start":{"line":309,"column":15},"end":{"line":309,"column":59}},"212":{"start":{"line":310,"column":15},"end":{"line":310,"column":18}},"213":{"start":{"line":312,"column":13},"end":{"line":323,"column":1}},"214":{"start":{"line":314,"column":0},"end":{"line":314,"column":73}},"215":{"start":{"line":314,"column":29},"end":{"line":314,"column":73}},"216":{"start":{"line":315,"column":0},"end":{"line":315,"column":92}},"217":{"start":{"line":315,"column":12},"end":{"line":315,"column":92}},"218":{"start":{"line":316,"column":0},"end":{"line":316,"column":61}},"219":{"start":{"line":316,"column":10},"end":{"line":316,"column":61}},"220":{"start":{"line":318,"column":18},"end":{"line":318,"column":41}},"221":{"start":{"line":319,"column":13},"end":{"line":319,"column":36}},"222":{"start":{"line":320,"column":13},"end":{"line":320,"column":35}},"223":{"start":{"line":322,"column":0},"end":{"line":322,"column":16}},"224":{"start":{"line":325,"column":0},"end":{"line":325,"column":26}},"225":{"start":{"line":327,"column":0},"end":{"line":17426,"column":118}},"226":{"start":{"line":336,"column":1},"end":{"line":17424,"column":14}},"227":{"start":{"line":342,"column":12},"end":{"line":342,"column":20}},"228":{"start":{"line":345,"column":21},"end":{"line":345,"column":24}},"229":{"start":{"line":348,"column":20},"end":{"line":348,"column":85}},"230":{"start":{"line":349,"column":16},"end":{"line":349,"column":37}},"231":{"start":{"line":352,"column":19},"end":{"line":352,"column":46}},"232":{"start":{"line":355,"column":21},"end":{"line":355,"column":24}},"233":{"start":{"line":358,"column":16},"end":{"line":358,"column":40}},"234":{"start":{"line":361,"column":20},"end":{"line":361,"column":21}},"235":{"start":{"line":362,"column":16},"end":{"line":362,"column":17}},"236":{"start":{"line":363,"column":19},"end":{"line":363,"column":20}},"237":{"start":{"line":366,"column":25},"end":{"line":366,"column":26}},"238":{"start":{"line":367,"column":23},"end":{"line":367,"column":24}},"239":{"start":{"line":370,"column":19},"end":{"line":370,"column":20}},"240":{"start":{"line":371,"column":19},"end":{"line":371,"column":20}},"241":{"start":{"line":372,"column":22},"end":{"line":372,"column":23}},"242":{"start":{"line":373,"column":16},"end":{"line":373,"column":17}},"243":{"start":{"line":374,"column":22},"end":{"line":374,"column":24}},"244":{"start":{"line":375,"column":18},"end":{"line":375,"column":20}},"245":{"start":{"line":376,"column":24},"end":{"line":376,"column":26}},"246":{"start":{"line":377,"column":14},"end":{"line":377,"column":17}},"247":{"start":{"line":378,"column":16},"end":{"line":378,"column":19}},"248":{"start":{"line":379,"column":15},"end":{"line":379,"column":18}},"249":{"start":{"line":382,"column":25},"end":{"line":382,"column":27}},"250":{"start":{"line":383,"column":23},"end":{"line":383,"column":28}},"251":{"start":{"line":386,"column":14},"end":{"line":386,"column":17}},"252":{"start":{"line":387,"column":9},"end":{"line":387,"column":11}},"253":{"start":{"line":390,"column":21},"end":{"line":390,"column":22}},"254":{"start":{"line":391,"column":14},"end":{"line":391,"column":15}},"255":{"start":{"line":392,"column":16},"end":{"line":392,"column":17}},"256":{"start":{"line":395,"column":13},"end":{"line":395,"column":16}},"257":{"start":{"line":396,"column":17},"end":{"line":396,"column":33}},"258":{"start":{"line":397,"column":12},"end":{"line":397,"column":35}},"259":{"start":{"line":398,"column":4},"end":{"line":398,"column":7}},"260":{"start":{"line":401,"column":21},"end":{"line":401,"column":31}},"261":{"start":{"line":402,"column":16},"end":{"line":402,"column":34}},"262":{"start":{"line":403,"column":22},"end":{"line":403,"column":42}},"263":{"start":{"line":406,"column":14},"end":{"line":415,"column":26}},"264":{"start":{"line":419,"column":12},"end":{"line":419,"column":32}},"265":{"start":{"line":420,"column":9},"end":{"line":420,"column":25}},"266":{"start":{"line":421,"column":9},"end":{"line":421,"column":33}},"267":{"start":{"line":422,"column":8},"end":{"line":422,"column":26}},"268":{"start":{"line":423,"column":8},"end":{"line":423,"column":23}},"269":{"start":{"line":424,"column":10},"end":{"line":424,"column":33}},"270":{"start":{"line":425,"column":9},"end":{"line":425,"column":25}},"271":{"start":{"line":426,"column":8},"end":{"line":426,"column":27}},"272":{"start":{"line":427,"column":7},"end":{"line":427,"column":35}},"273":{"start":{"line":428,"column":7},"end":{"line":428,"column":21}},"274":{"start":{"line":429,"column":10},"end":{"line":429,"column":27}},"275":{"start":{"line":430,"column":8},"end":{"line":430,"column":23}},"276":{"start":{"line":431,"column":10},"end":{"line":431,"column":27}},"277":{"start":{"line":432,"column":11},"end":{"line":432,"column":29}},"278":{"start":{"line":433,"column":9},"end":{"line":433,"column":25}},"279":{"start":{"line":434,"column":10},"end":{"line":434,"column":27}},"280":{"start":{"line":435,"column":7},"end":{"line":435,"column":21}},"281":{"start":{"line":436,"column":10},"end":{"line":436,"column":27}},"282":{"start":{"line":437,"column":10},"end":{"line":437,"column":27}},"283":{"start":{"line":438,"column":13},"end":{"line":438,"column":33}},"284":{"start":{"line":439,"column":11},"end":{"line":439,"column":29}},"285":{"start":{"line":440,"column":11},"end":{"line":440,"column":29}},"286":{"start":{"line":442,"column":19},"end":{"line":442,"column":41}},"287":{"start":{"line":443,"column":12},"end":{"line":443,"column":31}},"288":{"start":{"line":444,"column":11},"end":{"line":444,"column":34}},"289":{"start":{"line":445,"column":11},"end":{"line":445,"column":34}},"290":{"start":{"line":446,"column":8},"end":{"line":446,"column":28}},"291":{"start":{"line":447,"column":9},"end":{"line":447,"column":30}},"292":{"start":{"line":448,"column":9},"end":{"line":448,"column":30}},"293":{"start":{"line":449,"column":9},"end":{"line":449,"column":30}},"294":{"start":{"line":450,"column":16},"end":{"line":450,"column":44}},"295":{"start":{"line":451,"column":10},"end":{"line":451,"column":32}},"296":{"start":{"line":452,"column":10},"end":{"line":452,"column":32}},"297":{"start":{"line":455,"column":25},"end":{"line":455,"column":41}},"298":{"start":{"line":456,"column":20},"end":{"line":456,"column":40}},"299":{"start":{"line":457,"column":22},"end":{"line":457,"column":53}},"300":{"start":{"line":460,"column":18},"end":{"line":460,"column":45}},"301":{"start":{"line":461,"column":16},"end":{"line":461,"column":26}},"302":{"start":{"line":462,"column":17},"end":{"line":462,"column":45}},"303":{"start":{"line":463,"column":19},"end":{"line":463,"column":49}},"304":{"start":{"line":466,"column":13},"end":{"line":466,"column":31}},"305":{"start":{"line":467,"column":11},"end":{"line":467,"column":28}},"306":{"start":{"line":468,"column":14},"end":{"line":468,"column":32}},"307":{"start":{"line":471,"column":17},"end":{"line":471,"column":67}},"308":{"start":{"line":472,"column":14},"end":{"line":472,"column":21}},"309":{"start":{"line":473,"column":11},"end":{"line":473,"column":109}},"310":{"start":{"line":479,"column":17},"end":{"line":479,"column":38}},"311":{"start":{"line":480,"column":16},"end":{"line":480,"column":43}},"312":{"start":{"line":483,"column":11},"end":{"line":483,"column":23}},"313":{"start":{"line":484,"column":12},"end":{"line":484,"column":18}},"314":{"start":{"line":485,"column":10},"end":{"line":485,"column":16}},"315":{"start":{"line":488,"column":18},"end":{"line":488,"column":61}},"316":{"start":{"line":489,"column":14},"end":{"line":489,"column":49}},"317":{"start":{"line":490,"column":15},"end":{"line":490,"column":22}},"318":{"start":{"line":493,"column":16},"end":{"line":493,"column":59}},"319":{"start":{"line":496,"column":17},"end":{"line":496,"column":27}},"320":{"start":{"line":502,"column":17},"end":{"line":502,"column":50}},"321":{"start":{"line":505,"column":12},"end":{"line":505,"column":18}},"322":{"start":{"line":508,"column":15},"end":{"line":508,"column":35}},"323":{"start":{"line":511,"column":15},"end":{"line":511,"column":27}},"324":{"start":{"line":514,"column":17},"end":{"line":514,"column":46}},"325":{"start":{"line":517,"column":14},"end":{"line":517,"column":27}},"326":{"start":{"line":520,"column":13},"end":{"line":520,"column":31}},"327":{"start":{"line":523,"column":12},"end":{"line":523,"column":57}},"328":{"start":{"line":526,"column":14},"end":{"line":526,"column":20}},"329":{"start":{"line":529,"column":22},"end":{"line":529,"column":46}},"330":{"start":{"line":532,"column":18},"end":{"line":532,"column":35}},"331":{"start":{"line":533,"column":18},"end":{"line":533,"column":35}},"332":{"start":{"line":534,"column":22},"end":{"line":534,"column":39}},"333":{"start":{"line":535,"column":20},"end":{"line":535,"column":37}},"334":{"start":{"line":536,"column":13},"end":{"line":536,"column":72}},"335":{"start":{"line":537,"column":15},"end":{"line":537,"column":32}},"336":{"start":{"line":538,"column":13},"end":{"line":538,"column":40}},"337":{"start":{"line":539,"column":14},"end":{"line":539,"column":36}},"338":{"start":{"line":540,"column":15},"end":{"line":540,"column":61}},"339":{"start":{"line":541,"column":19},"end":{"line":541,"column":36}},"340":{"start":{"line":542,"column":13},"end":{"line":542,"column":171}},"341":{"start":{"line":543,"column":13},"end":{"line":543,"column":40}},"342":{"start":{"line":544,"column":11},"end":{"line":544,"column":27}},"343":{"start":{"line":545,"column":13},"end":{"line":545,"column":73}},"344":{"start":{"line":548,"column":11},"end":{"line":548,"column":22}},"345":{"start":{"line":549,"column":9},"end":{"line":549,"column":30}},"346":{"start":{"line":550,"column":8},"end":{"line":550,"column":28}},"347":{"start":{"line":551,"column":8},"end":{"line":551,"column":28}},"348":{"start":{"line":552,"column":9},"end":{"line":552,"column":15}},"349":{"start":{"line":553,"column":10},"end":{"line":553,"column":32}},"350":{"start":{"line":554,"column":8},"end":{"line":554,"column":28}},"351":{"start":{"line":555,"column":7},"end":{"line":555,"column":92}},"352":{"start":{"line":556,"column":7},"end":{"line":556,"column":33}},"353":{"start":{"line":557,"column":11},"end":{"line":557,"column":39}},"354":{"start":{"line":558,"column":12},"end":{"line":558,"column":34}},"355":{"start":{"line":559,"column":11},"end":{"line":559,"column":44}},"356":{"start":{"line":560,"column":11},"end":{"line":560,"column":47}},"357":{"start":{"line":561,"column":8},"end":{"line":561,"column":28}},"358":{"start":{"line":562,"column":6},"end":{"line":562,"column":15}},"359":{"start":{"line":565,"column":16},"end":{"line":565,"column":44}},"360":{"start":{"line":566,"column":12},"end":{"line":566,"column":40}},"361":{"start":{"line":567,"column":16},"end":{"line":567,"column":53}},"362":{"start":{"line":568,"column":16},"end":{"line":568,"column":53}},"363":{"start":{"line":569,"column":9},"end":{"line":569,"column":23}},"364":{"start":{"line":570,"column":9},"end":{"line":570,"column":28}},"365":{"start":{"line":571,"column":10},"end":{"line":571,"column":100}},"366":{"start":{"line":572,"column":11},"end":{"line":572,"column":61}},"367":{"start":{"line":573,"column":11},"end":{"line":573,"column":61}},"368":{"start":{"line":574,"column":6},"end":{"line":574,"column":33}},"369":{"start":{"line":575,"column":8},"end":{"line":575,"column":67}},"370":{"start":{"line":576,"column":9},"end":{"line":576,"column":93}},"371":{"start":{"line":579,"column":11},"end":{"line":579,"column":29}},"372":{"start":{"line":585,"column":16},"end":{"line":585,"column":35}},"373":{"start":{"line":588,"column":14},"end":{"line":588,"column":65}},"374":{"start":{"line":591,"column":18},"end":{"line":600,"column":14}},"375":{"start":{"line":603,"column":17},"end":{"line":603,"column":76}},"376":{"start":{"line":606,"column":21},"end":{"line":606,"column":90}},"377":{"start":{"line":609,"column":17},"end":{"line":614,"column":54}},"378":{"start":{"line":618,"column":20},"end":{"line":618,"column":22}},"379":{"start":{"line":621,"column":19},"end":{"line":621,"column":21}},"380":{"start":{"line":622,"column":0},"end":{"line":626,"column":31}},"381":{"start":{"line":627,"column":0},"end":{"line":634,"column":33}},"382":{"start":{"line":637,"column":18},"end":{"line":637,"column":20}},"383":{"start":{"line":638,"column":0},"end":{"line":648,"column":55}},"384":{"start":{"line":649,"column":0},"end":{"line":650,"column":32}},"385":{"start":{"line":653,"column":20},"end":{"line":707,"column":27}},"386":{"start":{"line":711,"column":16},"end":{"line":716,"column":12}},"387":{"start":{"line":720,"column":18},"end":{"line":725,"column":12}},"388":{"start":{"line":729,"column":18},"end":{"line":735,"column":17}},"389":{"start":{"line":739,"column":19},"end":{"line":739,"column":29}},"390":{"start":{"line":740,"column":13},"end":{"line":740,"column":21}},"391":{"start":{"line":743,"column":15},"end":{"line":743,"column":78}},"392":{"start":{"line":746,"column":13},"end":{"line":746,"column":68}},"393":{"start":{"line":749,"column":9},"end":{"line":749,"column":56}},"394":{"start":{"line":752,"column":16},"end":{"line":752,"column":77}},"395":{"start":{"line":755,"column":15},"end":{"line":755,"column":85}},"396":{"start":{"line":758,"column":18},"end":{"line":758,"column":62}},"397":{"start":{"line":761,"column":16},"end":{"line":761,"column":49}},"398":{"start":{"line":764,"column":13},"end":{"line":768,"column":3}},"399":{"start":{"line":765,"column":0},"end":{"line":767,"column":11}},"400":{"start":{"line":766,"column":0},"end":{"line":766,"column":69}},"401":{"start":{"line":771,"column":22},"end":{"line":771,"column":54}},"402":{"start":{"line":772,"column":11},"end":{"line":772,"column":36}},"403":{"start":{"line":773,"column":10},"end":{"line":773,"column":34}},"404":{"start":{"line":774,"column":13},"end":{"line":774,"column":40}},"405":{"start":{"line":775,"column":10},"end":{"line":775,"column":34}},"406":{"start":{"line":776,"column":17},"end":{"line":776,"column":48}},"407":{"start":{"line":791,"column":0},"end":{"line":795,"column":58}},"408":{"start":{"line":792,"column":7},"end":{"line":792,"column":33}},"409":{"start":{"line":793,"column":7},"end":{"line":793,"column":41}},"410":{"start":{"line":794,"column":7},"end":{"line":794,"column":49}},"411":{"start":{"line":795,"column":7},"end":{"line":795,"column":57}},"412":{"start":{"line":797,"column":0},"end":{"line":797,"column":32}},"413":{"start":{"line":811,"column":10},"end":{"line":811,"column":12}},"414":{"start":{"line":812,"column":7},"end":{"line":812,"column":33}},"415":{"start":{"line":814,"column":0},"end":{"line":817,"column":1}},"416":{"start":{"line":815,"column":10},"end":{"line":815,"column":22}},"417":{"start":{"line":816,"column":0},"end":{"line":816,"column":48}},"418":{"start":{"line":818,"column":0},"end":{"line":818,"column":19}},"419":{"start":{"line":831,"column":10},"end":{"line":831,"column":12}},"420":{"start":{"line":832,"column":7},"end":{"line":832,"column":33}},"421":{"start":{"line":834,"column":0},"end":{"line":838,"column":1}},"422":{"start":{"line":835,"column":0},"end":{"line":837,"column":1}},"423":{"start":{"line":836,"column":0},"end":{"line":836,"column":6}},"424":{"start":{"line":839,"column":0},"end":{"line":839,"column":13}},"425":{"start":{"line":852,"column":11},"end":{"line":852,"column":37}},"426":{"start":{"line":854,"column":0},"end":{"line":858,"column":1}},"427":{"start":{"line":855,"column":0},"end":{"line":857,"column":1}},"428":{"start":{"line":856,"column":0},"end":{"line":856,"column":6}},"429":{"start":{"line":859,"column":0},"end":{"line":859,"column":13}},"430":{"start":{"line":873,"column":10},"end":{"line":873,"column":12}},"431":{"start":{"line":874,"column":7},"end":{"line":874,"column":33}},"432":{"start":{"line":876,"column":0},"end":{"line":880,"column":1}},"433":{"start":{"line":877,"column":0},"end":{"line":879,"column":1}},"434":{"start":{"line":878,"column":0},"end":{"line":878,"column":13}},"435":{"start":{"line":881,"column":0},"end":{"line":881,"column":12}},"436":{"start":{"line":894,"column":10},"end":{"line":894,"column":12}},"437":{"start":{"line":895,"column":7},"end":{"line":895,"column":33}},"438":{"start":{"line":896,"column":9},"end":{"line":896,"column":10}},"439":{"start":{"line":897,"column":7},"end":{"line":897,"column":9}},"440":{"start":{"line":899,"column":0},"end":{"line":904,"column":1}},"441":{"start":{"line":900,"column":10},"end":{"line":900,"column":22}},"442":{"start":{"line":901,"column":0},"end":{"line":903,"column":1}},"443":{"start":{"line":902,"column":0},"end":{"line":902,"column":25}},"444":{"start":{"line":905,"column":0},"end":{"line":905,"column":14}},"445":{"start":{"line":918,"column":11},"end":{"line":918,"column":37}},"446":{"start":{"line":919,"column":0},"end":{"line":919,"column":46}},"447":{"start":{"line":932,"column":10},"end":{"line":932,"column":12}},"448":{"start":{"line":933,"column":7},"end":{"line":933,"column":33}},"449":{"start":{"line":935,"column":0},"end":{"line":939,"column":1}},"450":{"start":{"line":936,"column":0},"end":{"line":938,"column":1}},"451":{"start":{"line":937,"column":0},"end":{"line":937,"column":12}},"452":{"start":{"line":940,"column":0},"end":{"line":940,"column":13}},"453":{"start":{"line":953,"column":10},"end":{"line":953,"column":12}},"454":{"start":{"line":954,"column":7},"end":{"line":954,"column":33}},"455":{"start":{"line":955,"column":7},"end":{"line":955,"column":20}},"456":{"start":{"line":957,"column":0},"end":{"line":959,"column":1}},"457":{"start":{"line":958,"column":0},"end":{"line":958,"column":49}},"458":{"start":{"line":960,"column":0},"end":{"line":960,"column":14}},"459":{"start":{"line":972,"column":10},"end":{"line":972,"column":12}},"460":{"start":{"line":973,"column":7},"end":{"line":973,"column":20}},"461":{"start":{"line":974,"column":7},"end":{"line":974,"column":19}},"462":{"start":{"line":976,"column":0},"end":{"line":978,"column":1}},"463":{"start":{"line":977,"column":0},"end":{"line":977,"column":34}},"464":{"start":{"line":979,"column":0},"end":{"line":979,"column":13}},"465":{"start":{"line":995,"column":10},"end":{"line":995,"column":12}},"466":{"start":{"line":996,"column":7},"end":{"line":996,"column":33}},"467":{"start":{"line":998,"column":0},"end":{"line":1000,"column":1}},"468":{"start":{"line":999,"column":0},"end":{"line":999,"column":27}},"469":{"start":{"line":1001,"column":0},"end":{"line":1003,"column":1}},"470":{"start":{"line":1002,"column":0},"end":{"line":1002,"column":59}},"471":{"start":{"line":1004,"column":0},"end":{"line":1004,"column":19}},"472":{"start":{"line":1020,"column":11},"end":{"line":1020,"column":37}},"473":{"start":{"line":1021,"column":0},"end":{"line":1023,"column":1}},"474":{"start":{"line":1022,"column":0},"end":{"line":1022,"column":28}},"475":{"start":{"line":1024,"column":0},"end":{"line":1026,"column":1}},"476":{"start":{"line":1025,"column":0},"end":{"line":1025,"column":61}},"477":{"start":{"line":1027,"column":0},"end":{"line":1027,"column":19}},"478":{"start":{"line":1041,"column":10},"end":{"line":1041,"column":12}},"479":{"start":{"line":1042,"column":7},"end":{"line":1042,"column":33}},"480":{"start":{"line":1044,"column":0},"end":{"line":1048,"column":1}},"481":{"start":{"line":1045,"column":0},"end":{"line":1047,"column":1}},"482":{"start":{"line":1046,"column":0},"end":{"line":1046,"column":12}},"483":{"start":{"line":1049,"column":0},"end":{"line":1049,"column":13}},"484":{"start":{"line":1059,"column":14},"end":{"line":1059,"column":36}},"485":{"start":{"line":1069,"column":0},"end":{"line":1069,"column":24}},"486":{"start":{"line":1080,"column":0},"end":{"line":1080,"column":37}},"487":{"start":{"line":1096,"column":0},"end":{"line":1101,"column":3}},"488":{"start":{"line":1097,"column":0},"end":{"line":1100,"column":1}},"489":{"start":{"line":1098,"column":0},"end":{"line":1098,"column":11}},"490":{"start":{"line":1099,"column":0},"end":{"line":1099,"column":13}},"491":{"start":{"line":1102,"column":0},"end":{"line":1102,"column":14}},"492":{"start":{"line":1117,"column":11},"end":{"line":1117,"column":23}},"493":{"start":{"line":1118,"column":6},"end":{"line":1118,"column":32}},"494":{"start":{"line":1120,"column":0},"end":{"line":1124,"column":1}},"495":{"start":{"line":1121,"column":0},"end":{"line":1123,"column":1}},"496":{"start":{"line":1122,"column":0},"end":{"line":1122,"column":13}},"497":{"start":{"line":1125,"column":0},"end":{"line":1125,"column":9}},"498":{"start":{"line":1138,"column":0},"end":{"line":1140,"column":41}},"499":{"start":{"line":1154,"column":10},"end":{"line":1154,"column":21}},"500":{"start":{"line":1155,"column":7},"end":{"line":1155,"column":19}},"501":{"start":{"line":1157,"column":0},"end":{"line":1161,"column":1}},"502":{"start":{"line":1158,"column":0},"end":{"line":1160,"column":1}},"503":{"start":{"line":1159,"column":0},"end":{"line":1159,"column":13}},"504":{"start":{"line":1162,"column":0},"end":{"line":1162,"column":9}},"505":{"start":{"line":1173,"column":0},"end":{"line":1173,"column":21}},"506":{"start":{"line":1186,"column":11},"end":{"line":1186,"column":37}},"507":{"start":{"line":1187,"column":0},"end":{"line":1187,"column":49}},"508":{"start":{"line":1198,"column":0},"end":{"line":1200,"column":2}},"509":{"start":{"line":1199,"column":0},"end":{"line":1199,"column":42}},"510":{"start":{"line":1211,"column":0},"end":{"line":1213,"column":2}},"511":{"start":{"line":1212,"column":0},"end":{"line":1212,"column":42}},"512":{"start":{"line":1230,"column":0},"end":{"line":1234,"column":3}},"513":{"start":{"line":1231,"column":0},"end":{"line":1233,"column":45}},"514":{"start":{"line":1235,"column":0},"end":{"line":1235,"column":19}},"515":{"start":{"line":1249,"column":11},"end":{"line":1249,"column":23}},"516":{"start":{"line":1251,"column":0},"end":{"line":1251,"column":21}},"517":{"start":{"line":1252,"column":0},"end":{"line":1254,"column":1}},"518":{"start":{"line":1253,"column":0},"end":{"line":1253,"column":34}},"519":{"start":{"line":1255,"column":0},"end":{"line":1255,"column":13}},"520":{"start":{"line":1269,"column":6},"end":{"line":1269,"column":8}},"521":{"start":{"line":1270,"column":7},"end":{"line":1270,"column":19}},"522":{"start":{"line":1272,"column":0},"end":{"line":1277,"column":1}},"523":{"start":{"line":1273,"column":12},"end":{"line":1273,"column":34}},"524":{"start":{"line":1274,"column":0},"end":{"line":1276,"column":1}},"525":{"start":{"line":1275,"column":0},"end":{"line":1275,"column":49}},"526":{"start":{"line":1278,"column":0},"end":{"line":1278,"column":14}},"527":{"start":{"line":1291,"column":10},"end":{"line":1291,"column":12}},"528":{"start":{"line":1292,"column":7},"end":{"line":1292,"column":15}},"529":{"start":{"line":1294,"column":0},"end":{"line":1296,"column":1}},"530":{"start":{"line":1295,"column":0},"end":{"line":1295,"column":30}},"531":{"start":{"line":1297,"column":0},"end":{"line":1297,"column":14}},"532":{"start":{"line":1310,"column":0},"end":{"line":1312,"column":3}},"533":{"start":{"line":1311,"column":0},"end":{"line":1311,"column":24}},"534":{"start":{"line":1323,"column":0},"end":{"line":1325,"column":2}},"535":{"start":{"line":1324,"column":0},"end":{"line":1324,"column":19}},"536":{"start":{"line":1339,"column":0},"end":{"line":1341,"column":3}},"537":{"start":{"line":1340,"column":0},"end":{"line":1340,"column":19}},"538":{"start":{"line":1353,"column":0},"end":{"line":1353,"column":22}},"539":{"start":{"line":1366,"column":10},"end":{"line":1366,"column":12}},"540":{"start":{"line":1367,"column":7},"end":{"line":1367,"column":24}},"541":{"start":{"line":1369,"column":0},"end":{"line":1369,"column":71}},"542":{"start":{"line":1370,"column":0},"end":{"line":1370,"column":13}},"543":{"start":{"line":1383,"column":10},"end":{"line":1383,"column":27}},"544":{"start":{"line":1385,"column":0},"end":{"line":1385,"column":64}},"545":{"start":{"line":1386,"column":0},"end":{"line":1386,"column":13}},"546":{"start":{"line":1398,"column":11},"end":{"line":1398,"column":23}},"547":{"start":{"line":1399,"column":7},"end":{"line":1399,"column":8}},"548":{"start":{"line":1401,"column":0},"end":{"line":1405,"column":1}},"549":{"start":{"line":1402,"column":0},"end":{"line":1404,"column":1}},"550":{"start":{"line":1403,"column":0},"end":{"line":1403,"column":9}},"551":{"start":{"line":1406,"column":0},"end":{"line":1406,"column":14}},"552":{"start":{"line":1417,"column":17},"end":{"line":1417,"column":48}},"553":{"start":{"line":1426,"column":19},"end":{"line":1426,"column":46}},"554":{"start":{"line":1436,"column":0},"end":{"line":1436,"column":30}},"555":{"start":{"line":1448,"column":0},"end":{"line":1448,"column":42}},"556":{"start":{"line":1459,"column":0},"end":{"line":1459,"column":33}},"557":{"start":{"line":1470,"column":0},"end":{"line":1470,"column":37}},"558":{"start":{"line":1482,"column":7},"end":{"line":1482,"column":9}},"559":{"start":{"line":1484,"column":0},"end":{"line":1486,"column":1}},"560":{"start":{"line":1485,"column":0},"end":{"line":1485,"column":24}},"561":{"start":{"line":1487,"column":0},"end":{"line":1487,"column":14}},"562":{"start":{"line":1498,"column":10},"end":{"line":1498,"column":12}},"563":{"start":{"line":1499,"column":7},"end":{"line":1499,"column":22}},"564":{"start":{"line":1501,"column":0},"end":{"line":1503,"column":3}},"565":{"start":{"line":1502,"column":0},"end":{"line":1502,"column":28}},"566":{"start":{"line":1504,"column":0},"end":{"line":1504,"column":14}},"567":{"start":{"line":1516,"column":0},"end":{"line":1518,"column":2}},"568":{"start":{"line":1517,"column":0},"end":{"line":1517,"column":28}},"569":{"start":{"line":1531,"column":10},"end":{"line":1531,"column":12}},"570":{"start":{"line":1532,"column":7},"end":{"line":1532,"column":19}},"571":{"start":{"line":1533,"column":9},"end":{"line":1533,"column":10}},"572":{"start":{"line":1534,"column":7},"end":{"line":1534,"column":9}},"573":{"start":{"line":1536,"column":0},"end":{"line":1542,"column":1}},"574":{"start":{"line":1537,"column":10},"end":{"line":1537,"column":22}},"575":{"start":{"line":1538,"column":0},"end":{"line":1541,"column":1}},"576":{"start":{"line":1539,"column":0},"end":{"line":1539,"column":25}},"577":{"start":{"line":1540,"column":0},"end":{"line":1540,"column":25}},"578":{"start":{"line":1543,"column":0},"end":{"line":1543,"column":14}},"579":{"start":{"line":1555,"column":0},"end":{"line":1557,"column":12}},"580":{"start":{"line":1568,"column":10},"end":{"line":1568,"column":12}},"581":{"start":{"line":1569,"column":7},"end":{"line":1569,"column":22}},"582":{"start":{"line":1571,"column":0},"end":{"line":1573,"column":3}},"583":{"start":{"line":1572,"column":0},"end":{"line":1572,"column":22}},"584":{"start":{"line":1574,"column":0},"end":{"line":1574,"column":14}},"585":{"start":{"line":1585,"column":10},"end":{"line":1585,"column":12}},"586":{"start":{"line":1586,"column":7},"end":{"line":1586,"column":22}},"587":{"start":{"line":1588,"column":0},"end":{"line":1590,"column":3}},"588":{"start":{"line":1589,"column":0},"end":{"line":1589,"column":30}},"589":{"start":{"line":1591,"column":0},"end":{"line":1591,"column":14}},"590":{"start":{"line":1605,"column":10},"end":{"line":1605,"column":21}},"591":{"start":{"line":1606,"column":7},"end":{"line":1606,"column":19}},"592":{"start":{"line":1608,"column":0},"end":{"line":1612,"column":1}},"593":{"start":{"line":1609,"column":0},"end":{"line":1611,"column":1}},"594":{"start":{"line":1610,"column":0},"end":{"line":1610,"column":13}},"595":{"start":{"line":1613,"column":0},"end":{"line":1613,"column":9}},"596":{"start":{"line":1627,"column":10},"end":{"line":1627,"column":21}},"597":{"start":{"line":1628,"column":0},"end":{"line":1632,"column":1}},"598":{"start":{"line":1629,"column":0},"end":{"line":1631,"column":1}},"599":{"start":{"line":1630,"column":0},"end":{"line":1630,"column":13}},"600":{"start":{"line":1633,"column":0},"end":{"line":1633,"column":13}},"601":{"start":{"line":1644,"column":0},"end":{"line":1646,"column":18}},"602":{"start":{"line":1657,"column":0},"end":{"line":1659,"column":21}},"603":{"start":{"line":1669,"column":21},"end":{"line":1669,"column":50}},"604":{"start":{"line":1679,"column":11},"end":{"line":1679,"column":32}},"605":{"start":{"line":1680,"column":0},"end":{"line":1682,"column":1}},"606":{"start":{"line":1681,"column":0},"end":{"line":1681,"column":9}},"607":{"start":{"line":1683,"column":0},"end":{"line":1683,"column":14}},"608":{"start":{"line":1694,"column":0},"end":{"line":1694,"column":35}},"609":{"start":{"line":1705,"column":0},"end":{"line":1705,"column":39}},"610":{"start":{"line":1739,"column":17},"end":{"line":17392,"column":1}},"611":{"start":{"line":1740,"column":0},"end":{"line":1740,"column":87}},"612":{"start":{"line":1743,"column":10},"end":{"line":1743,"column":23}},"613":{"start":{"line":1744,"column":5},"end":{"line":1744,"column":17}},"614":{"start":{"line":1745,"column":6},"end":{"line":1745,"column":19}},"615":{"start":{"line":1746,"column":9},"end":{"line":1746,"column":25}},"616":{"start":{"line":1747,"column":5},"end":{"line":1747,"column":17}},"617":{"start":{"line":1748,"column":7},"end":{"line":1748,"column":21}},"618":{"start":{"line":1749,"column":7},"end":{"line":1749,"column":21}},"619":{"start":{"line":1750,"column":7},"end":{"line":1750,"column":21}},"620":{"start":{"line":1751,"column":10},"end":{"line":1751,"column":27}},"621":{"start":{"line":1754,"column":15},"end":{"line":1754,"column":30}},"622":{"start":{"line":1755,"column":10},"end":{"line":1755,"column":28}},"623":{"start":{"line":1756,"column":12},"end":{"line":1756,"column":28}},"624":{"start":{"line":1759,"column":15},"end":{"line":1759,"column":44}},"625":{"start":{"line":1762,"column":17},"end":{"line":1762,"column":35}},"626":{"start":{"line":1765,"column":19},"end":{"line":1765,"column":45}},"627":{"start":{"line":1768,"column":14},"end":{"line":1768,"column":15}},"628":{"start":{"line":1771,"column":15},"end":{"line":1774,"column":3}},"629":{"start":{"line":1772,"column":8},"end":{"line":1772,"column":80}},"630":{"start":{"line":1773,"column":0},"end":{"line":1773,"column":35}},"631":{"start":{"line":1781,"column":25},"end":{"line":1781,"column":45}},"632":{"start":{"line":1784,"column":21},"end":{"line":1784,"column":46}},"633":{"start":{"line":1787,"column":12},"end":{"line":1787,"column":18}},"634":{"start":{"line":1790,"column":15},"end":{"line":1792,"column":78}},"635":{"start":{"line":1796,"column":11},"end":{"line":1796,"column":49}},"636":{"start":{"line":1797,"column":7},"end":{"line":1797,"column":21}},"637":{"start":{"line":1798,"column":11},"end":{"line":1798,"column":29}},"638":{"start":{"line":1799,"column":12},"end":{"line":1799,"column":47}},"639":{"start":{"line":1800,"column":13},"end":{"line":1800,"column":50}},"640":{"start":{"line":1801,"column":13},"end":{"line":1801,"column":26}},"641":{"start":{"line":1802,"column":21},"end":{"line":1802,"column":53}},"642":{"start":{"line":1803,"column":7},"end":{"line":1803,"column":24}},"643":{"start":{"line":1804,"column":17},"end":{"line":1804,"column":59}},"644":{"start":{"line":1805,"column":12},"end":{"line":1805,"column":44}},"645":{"start":{"line":1806,"column":15},"end":{"line":1806,"column":50}},"646":{"start":{"line":1808,"column":19},"end":{"line":1814,"column":3}},"647":{"start":{"line":1809,"column":0},"end":{"line":1813,"column":11}},"648":{"start":{"line":1810,"column":9},"end":{"line":1810,"column":43}},"649":{"start":{"line":1811,"column":0},"end":{"line":1811,"column":15}},"650":{"start":{"line":1812,"column":0},"end":{"line":1812,"column":12}},"651":{"start":{"line":1817,"column":20},"end":{"line":1817,"column":82}},"652":{"start":{"line":1818,"column":7},"end":{"line":1818,"column":47}},"653":{"start":{"line":1819,"column":14},"end":{"line":1819,"column":70}},"654":{"start":{"line":1822,"column":15},"end":{"line":1822,"column":24}},"655":{"start":{"line":1823,"column":12},"end":{"line":1823,"column":22}},"656":{"start":{"line":1824,"column":17},"end":{"line":1824,"column":45}},"657":{"start":{"line":1825,"column":15},"end":{"line":1825,"column":47}},"658":{"start":{"line":1826,"column":15},"end":{"line":1826,"column":31}},"659":{"start":{"line":1827,"column":11},"end":{"line":1827,"column":26}},"660":{"start":{"line":1828,"column":11},"end":{"line":1828,"column":38}},"661":{"start":{"line":1829,"column":10},"end":{"line":1829,"column":18}},"662":{"start":{"line":1830,"column":10},"end":{"line":1830,"column":18}},"663":{"start":{"line":1831,"column":10},"end":{"line":1831,"column":18}},"664":{"start":{"line":1832,"column":15},"end":{"line":1832,"column":31}},"665":{"start":{"line":1833,"column":13},"end":{"line":1833,"column":24}},"666":{"start":{"line":1834,"column":14},"end":{"line":1834,"column":32}},"667":{"start":{"line":1837,"column":13},"end":{"line":1837,"column":42}},"668":{"start":{"line":1838,"column":4},"end":{"line":1838,"column":28}},"669":{"start":{"line":1839,"column":8},"end":{"line":1839,"column":36}},"670":{"start":{"line":1840,"column":4},"end":{"line":1840,"column":28}},"671":{"start":{"line":1841,"column":8},"end":{"line":1841,"column":36}},"672":{"start":{"line":1842,"column":13},"end":{"line":1842,"column":39}},"673":{"start":{"line":1845,"column":12},"end":{"line":1845,"column":34}},"674":{"start":{"line":1848,"column":14},"end":{"line":1848,"column":16}},"675":{"start":{"line":1851,"column":23},"end":{"line":1851,"column":41}},"676":{"start":{"line":1852,"column":14},"end":{"line":1852,"column":27}},"677":{"start":{"line":1853,"column":18},"end":{"line":1853,"column":35}},"678":{"start":{"line":1854,"column":14},"end":{"line":1854,"column":27}},"679":{"start":{"line":1855,"column":18},"end":{"line":1855,"column":35}},"680":{"start":{"line":1858,"column":16},"end":{"line":1858,"column":49}},"681":{"start":{"line":1859,"column":14},"end":{"line":1859,"column":55}},"682":{"start":{"line":1860,"column":15},"end":{"line":1860,"column":57}},"683":{"start":{"line":1982,"column":0},"end":{"line":1989,"column":1}},"684":{"start":{"line":1983,"column":0},"end":{"line":1985,"column":1}},"685":{"start":{"line":1984,"column":0},"end":{"line":1984,"column":13}},"686":{"start":{"line":1986,"column":0},"end":{"line":1988,"column":1}},"687":{"start":{"line":1987,"column":0},"end":{"line":1987,"column":27}},"688":{"start":{"line":1990,"column":0},"end":{"line":1990,"column":32}},"689":{"start":{"line":2001,"column":15},"end":{"line":2015,"column":3}},"690":{"start":{"line":2003,"column":0},"end":{"line":2014,"column":2}},"691":{"start":{"line":2004,"column":0},"end":{"line":2006,"column":1}},"692":{"start":{"line":2005,"column":0},"end":{"line":2005,"column":9}},"693":{"start":{"line":2007,"column":0},"end":{"line":2009,"column":1}},"694":{"start":{"line":2008,"column":0},"end":{"line":2008,"column":27}},"695":{"start":{"line":2010,"column":0},"end":{"line":2010,"column":23}},"696":{"start":{"line":2011,"column":11},"end":{"line":2011,"column":23}},"697":{"start":{"line":2012,"column":0},"end":{"line":2012,"column":27}},"698":{"start":{"line":2013,"column":0},"end":{"line":2013,"column":14}},"699":{"start":{"line":2034,"column":0},"end":{"line":2034,"column":23}},"700":{"start":{"line":2035,"column":0},"end":{"line":2035,"column":20}},"701":{"start":{"line":2036,"column":0},"end":{"line":2036,"column":26}},"702":{"start":{"line":2037,"column":0},"end":{"line":2037,"column":17}},"703":{"start":{"line":2038,"column":0},"end":{"line":2038,"column":26}},"704":{"start":{"line":2050,"column":0},"end":{"line":2098,"column":13}},"705":{"start":{"line":2103,"column":0},"end":{"line":2103,"column":38}},"706":{"start":{"line":2104,"column":0},"end":{"line":2104,"column":36}},"707":{"start":{"line":2106,"column":0},"end":{"line":2106,"column":57}},"708":{"start":{"line":2107,"column":0},"end":{"line":2107,"column":50}},"709":{"start":{"line":2119,"column":0},"end":{"line":2119,"column":23}},"710":{"start":{"line":2120,"column":0},"end":{"line":2120,"column":20}},"711":{"start":{"line":2121,"column":0},"end":{"line":2121,"column":15}},"712":{"start":{"line":2122,"column":0},"end":{"line":2122,"column":24}},"713":{"start":{"line":2123,"column":0},"end":{"line":2123,"column":22}},"714":{"start":{"line":2124,"column":0},"end":{"line":2124,"column":36}},"715":{"start":{"line":2125,"column":0},"end":{"line":2125,"column":18}},"716":{"start":{"line":2137,"column":11},"end":{"line":2137,"column":44}},"717":{"start":{"line":2138,"column":0},"end":{"line":2138,"column":47}},"718":{"start":{"line":2139,"column":0},"end":{"line":2139,"column":28}},"719":{"start":{"line":2140,"column":0},"end":{"line":2140,"column":38}},"720":{"start":{"line":2141,"column":0},"end":{"line":2141,"column":51}},"721":{"start":{"line":2142,"column":0},"end":{"line":2142,"column":40}},"722":{"start":{"line":2143,"column":0},"end":{"line":2143,"column":43}},"723":{"start":{"line":2144,"column":0},"end":{"line":2144,"column":14}},"724":{"start":{"line":2156,"column":0},"end":{"line":2163,"column":1}},"725":{"start":{"line":2157,"column":11},"end":{"line":2157,"column":32}},"726":{"start":{"line":2158,"column":0},"end":{"line":2158,"column":18}},"727":{"start":{"line":2159,"column":0},"end":{"line":2159,"column":25}},"728":{"start":{"line":2161,"column":0},"end":{"line":2161,"column":20}},"729":{"start":{"line":2162,"column":0},"end":{"line":2162,"column":19}},"730":{"start":{"line":2164,"column":0},"end":{"line":2164,"column":14}},"731":{"start":{"line":2176,"column":10},"end":{"line":2176,"column":34}},"732":{"start":{"line":2177,"column":4},"end":{"line":2177,"column":16}},"733":{"start":{"line":2178,"column":6},"end":{"line":2178,"column":20}},"734":{"start":{"line":2179,"column":8},"end":{"line":2179,"column":13}},"735":{"start":{"line":2180,"column":10},"end":{"line":2180,"column":30}},"736":{"start":{"line":2181,"column":5},"end":{"line":2181,"column":40}},"737":{"start":{"line":2182,"column":6},"end":{"line":2182,"column":16}},"738":{"start":{"line":2183,"column":4},"end":{"line":2183,"column":12}},"739":{"start":{"line":2184,"column":7},"end":{"line":2184,"column":16}},"740":{"start":{"line":2185,"column":6},"end":{"line":2185,"column":25}},"741":{"start":{"line":2186,"column":10},"end":{"line":2186,"column":28}},"742":{"start":{"line":2187,"column":11},"end":{"line":2187,"column":27}},"743":{"start":{"line":2188,"column":9},"end":{"line":2188,"column":10}},"744":{"start":{"line":2189,"column":10},"end":{"line":2189,"column":46}},"745":{"start":{"line":2191,"column":0},"end":{"line":2193,"column":1}},"746":{"start":{"line":2192,"column":0},"end":{"line":2192,"column":48}},"747":{"start":{"line":2194,"column":11},"end":{"line":2194,"column":13}},"748":{"start":{"line":2196,"column":0},"end":{"line":2220,"column":1}},"749":{"start":{"line":2197,"column":0},"end":{"line":2220,"column":1}},"750":{"start":{"line":2198,"column":0},"end":{"line":2198,"column":11}},"751":{"start":{"line":2200,"column":14},"end":{"line":2200,"column":16}},"752":{"start":{"line":2201,"column":6},"end":{"line":2201,"column":18}},"753":{"start":{"line":2203,"column":0},"end":{"line":2218,"column":1}},"754":{"start":{"line":2204,"column":9},"end":{"line":2204,"column":29}},"755":{"start":{"line":2205,"column":9},"end":{"line":2205,"column":22}},"756":{"start":{"line":2206,"column":5},"end":{"line":2206,"column":14}},"757":{"start":{"line":2207,"column":9},"end":{"line":2207,"column":24}},"758":{"start":{"line":2209,"column":0},"end":{"line":2217,"column":1}},"759":{"start":{"line":2210,"column":0},"end":{"line":2210,"column":15}},"760":{"start":{"line":2211,"column":6},"end":{"line":2217,"column":1}},"761":{"start":{"line":2212,"column":0},"end":{"line":2216,"column":1}},"762":{"start":{"line":2213,"column":0},"end":{"line":2213,"column":15}},"763":{"start":{"line":2215,"column":0},"end":{"line":2215,"column":12}},"764":{"start":{"line":2219,"column":0},"end":{"line":2219,"column":25}},"765":{"start":{"line":2221,"column":0},"end":{"line":2221,"column":14}},"766":{"start":{"line":2225,"column":0},"end":{"line":2225,"column":55}},"767":{"start":{"line":2226,"column":0},"end":{"line":2226,"column":46}},"768":{"start":{"line":2238,"column":10},"end":{"line":2238,"column":12}},"769":{"start":{"line":2239,"column":7},"end":{"line":2239,"column":37}},"770":{"start":{"line":2241,"column":0},"end":{"line":2241,"column":13}},"771":{"start":{"line":2242,"column":0},"end":{"line":2245,"column":1}},"772":{"start":{"line":2243,"column":10},"end":{"line":2243,"column":24}},"773":{"start":{"line":2244,"column":0},"end":{"line":2244,"column":28}},"774":{"start":{"line":2256,"column":0},"end":{"line":2256,"column":49}},"775":{"start":{"line":2257,"column":0},"end":{"line":2257,"column":12}},"776":{"start":{"line":2271,"column":11},"end":{"line":2271,"column":51}},"777":{"start":{"line":2272,"column":0},"end":{"line":2272,"column":22}},"778":{"start":{"line":2273,"column":0},"end":{"line":2273,"column":14}},"779":{"start":{"line":2286,"column":9},"end":{"line":2286,"column":22}},"780":{"start":{"line":2287,"column":0},"end":{"line":2290,"column":1}},"781":{"start":{"line":2288,"column":11},"end":{"line":2288,"column":20}},"782":{"start":{"line":2289,"column":0},"end":{"line":2289,"column":48}},"783":{"start":{"line":2291,"column":0},"end":{"line":2291,"column":57}},"784":{"start":{"line":2304,"column":9},"end":{"line":2304,"column":22}},"785":{"start":{"line":2305,"column":0},"end":{"line":2305,"column":72}},"786":{"start":{"line":2319,"column":9},"end":{"line":2319,"column":22}},"787":{"start":{"line":2320,"column":0},"end":{"line":2320,"column":29}},"788":{"start":{"line":2321,"column":0},"end":{"line":2321,"column":63}},"789":{"start":{"line":2322,"column":0},"end":{"line":2322,"column":12}},"790":{"start":{"line":2326,"column":0},"end":{"line":2326,"column":31}},"791":{"start":{"line":2327,"column":0},"end":{"line":2327,"column":36}},"792":{"start":{"line":2328,"column":0},"end":{"line":2328,"column":27}},"793":{"start":{"line":2329,"column":0},"end":{"line":2329,"column":27}},"794":{"start":{"line":2330,"column":0},"end":{"line":2330,"column":27}},"795":{"start":{"line":2342,"column":10},"end":{"line":2342,"column":12}},"796":{"start":{"line":2343,"column":7},"end":{"line":2343,"column":37}},"797":{"start":{"line":2345,"column":0},"end":{"line":2345,"column":13}},"798":{"start":{"line":2346,"column":0},"end":{"line":2349,"column":1}},"799":{"start":{"line":2347,"column":10},"end":{"line":2347,"column":24}},"800":{"start":{"line":2348,"column":0},"end":{"line":2348,"column":28}},"801":{"start":{"line":2360,"column":0},"end":{"line":2360,"column":17}},"802":{"start":{"line":2361,"column":0},"end":{"line":2361,"column":12}},"803":{"start":{"line":2374,"column":9},"end":{"line":2374,"column":22}},"804":{"start":{"line":2375,"column":6},"end":{"line":2375,"column":28}},"805":{"start":{"line":2377,"column":0},"end":{"line":2379,"column":1}},"806":{"start":{"line":2378,"column":0},"end":{"line":2378,"column":13}},"807":{"start":{"line":2380,"column":14},"end":{"line":2380,"column":27}},"808":{"start":{"line":2381,"column":0},"end":{"line":2385,"column":1}},"809":{"start":{"line":2382,"column":0},"end":{"line":2382,"column":11}},"810":{"start":{"line":2384,"column":0},"end":{"line":2384,"column":26}},"811":{"start":{"line":2386,"column":0},"end":{"line":2386,"column":12}},"812":{"start":{"line":2387,"column":0},"end":{"line":2387,"column":12}},"813":{"start":{"line":2400,"column":9},"end":{"line":2400,"column":22}},"814":{"start":{"line":2401,"column":6},"end":{"line":2401,"column":28}},"815":{"start":{"line":2403,"column":0},"end":{"line":2403,"column":40}},"816":{"start":{"line":2416,"column":0},"end":{"line":2416,"column":42}},"817":{"start":{"line":2430,"column":9},"end":{"line":2430,"column":22}},"818":{"start":{"line":2431,"column":6},"end":{"line":2431,"column":28}},"819":{"start":{"line":2433,"column":0},"end":{"line":2438,"column":1}},"820":{"start":{"line":2434,"column":0},"end":{"line":2434,"column":12}},"821":{"start":{"line":2435,"column":0},"end":{"line":2435,"column":23}},"822":{"start":{"line":2437,"column":0},"end":{"line":2437,"column":21}},"823":{"start":{"line":2439,"column":0},"end":{"line":2439,"column":12}},"824":{"start":{"line":2443,"column":0},"end":{"line":2443,"column":41}},"825":{"start":{"line":2444,"column":0},"end":{"line":2444,"column":46}},"826":{"start":{"line":2445,"column":0},"end":{"line":2445,"column":37}},"827":{"start":{"line":2446,"column":0},"end":{"line":2446,"column":37}},"828":{"start":{"line":2447,"column":0},"end":{"line":2447,"column":37}},"829":{"start":{"line":2459,"column":10},"end":{"line":2459,"column":12}},"830":{"start":{"line":2460,"column":7},"end":{"line":2460,"column":37}},"831":{"start":{"line":2462,"column":0},"end":{"line":2462,"column":13}},"832":{"start":{"line":2463,"column":0},"end":{"line":2466,"column":1}},"833":{"start":{"line":2464,"column":10},"end":{"line":2464,"column":24}},"834":{"start":{"line":2465,"column":0},"end":{"line":2465,"column":28}},"835":{"start":{"line":2477,"column":0},"end":{"line":2477,"column":12}},"836":{"start":{"line":2478,"column":0},"end":{"line":2481,"column":21}},"837":{"start":{"line":2495,"column":11},"end":{"line":2495,"column":46}},"838":{"start":{"line":2496,"column":0},"end":{"line":2496,"column":22}},"839":{"start":{"line":2497,"column":0},"end":{"line":2497,"column":14}},"840":{"start":{"line":2510,"column":0},"end":{"line":2510,"column":37}},"841":{"start":{"line":2523,"column":0},"end":{"line":2523,"column":37}},"842":{"start":{"line":2537,"column":9},"end":{"line":2537,"column":29}},"843":{"start":{"line":2538,"column":5},"end":{"line":2538,"column":14}},"844":{"start":{"line":2540,"column":0},"end":{"line":2540,"column":20}},"845":{"start":{"line":2541,"column":0},"end":{"line":2541,"column":31}},"846":{"start":{"line":2542,"column":0},"end":{"line":2542,"column":12}},"847":{"start":{"line":2546,"column":0},"end":{"line":2546,"column":39}},"848":{"start":{"line":2547,"column":0},"end":{"line":2547,"column":44}},"849":{"start":{"line":2548,"column":0},"end":{"line":2548,"column":35}},"850":{"start":{"line":2549,"column":0},"end":{"line":2549,"column":35}},"851":{"start":{"line":2550,"column":0},"end":{"line":2550,"column":35}},"852":{"start":{"line":2563,"column":10},"end":{"line":2563,"column":12}},"853":{"start":{"line":2564,"column":7},"end":{"line":2564,"column":35}},"854":{"start":{"line":2566,"column":0},"end":{"line":2566,"column":29}},"855":{"start":{"line":2567,"column":0},"end":{"line":2569,"column":1}},"856":{"start":{"line":2568,"column":0},"end":{"line":2568,"column":24}},"857":{"start":{"line":2583,"column":0},"end":{"line":2583,"column":40}},"858":{"start":{"line":2584,"column":0},"end":{"line":2584,"column":12}},"859":{"start":{"line":2597,"column":0},"end":{"line":2597,"column":32}},"860":{"start":{"line":2601,"column":0},"end":{"line":2601,"column":59}},"861":{"start":{"line":2602,"column":0},"end":{"line":2602,"column":35}},"862":{"start":{"line":2614,"column":9},"end":{"line":2614,"column":45}},"863":{"start":{"line":2615,"column":0},"end":{"line":2615,"column":20}},"864":{"start":{"line":2626,"column":0},"end":{"line":2626,"column":30}},"865":{"start":{"line":2627,"column":0},"end":{"line":2627,"column":12}},"866":{"start":{"line":2640,"column":9},"end":{"line":2640,"column":22}},"867":{"start":{"line":2641,"column":7},"end":{"line":2641,"column":26}},"868":{"start":{"line":2643,"column":0},"end":{"line":2643,"column":20}},"869":{"start":{"line":2644,"column":0},"end":{"line":2644,"column":14}},"870":{"start":{"line":2657,"column":0},"end":{"line":2657,"column":30}},"871":{"start":{"line":2670,"column":0},"end":{"line":2670,"column":30}},"872":{"start":{"line":2684,"column":9},"end":{"line":2684,"column":22}},"873":{"start":{"line":2685,"column":0},"end":{"line":2693,"column":1}},"874":{"start":{"line":2686,"column":10},"end":{"line":2686,"column":23}},"875":{"start":{"line":2687,"column":0},"end":{"line":2691,"column":1}},"876":{"start":{"line":2688,"column":0},"end":{"line":2688,"column":24}},"877":{"start":{"line":2689,"column":0},"end":{"line":2689,"column":22}},"878":{"start":{"line":2690,"column":0},"end":{"line":2690,"column":12}},"879":{"start":{"line":2692,"column":0},"end":{"line":2692,"column":39}},"880":{"start":{"line":2694,"column":0},"end":{"line":2694,"column":20}},"881":{"start":{"line":2695,"column":0},"end":{"line":2695,"column":20}},"882":{"start":{"line":2696,"column":0},"end":{"line":2696,"column":12}},"883":{"start":{"line":2700,"column":0},"end":{"line":2700,"column":33}},"884":{"start":{"line":2701,"column":0},"end":{"line":2701,"column":38}},"885":{"start":{"line":2702,"column":0},"end":{"line":2702,"column":29}},"886":{"start":{"line":2703,"column":0},"end":{"line":2703,"column":29}},"887":{"start":{"line":2704,"column":0},"end":{"line":2704,"column":29}},"888":{"start":{"line":2717,"column":10},"end":{"line":2717,"column":24}},"889":{"start":{"line":2718,"column":6},"end":{"line":2718,"column":32}},"890":{"start":{"line":2719,"column":7},"end":{"line":2719,"column":38}},"891":{"start":{"line":2720,"column":7},"end":{"line":2720,"column":51}},"892":{"start":{"line":2721,"column":12},"end":{"line":2721,"column":40}},"893":{"start":{"line":2722,"column":7},"end":{"line":2722,"column":52}},"894":{"start":{"line":2723,"column":7},"end":{"line":2723,"column":20}},"895":{"start":{"line":2725,"column":0},"end":{"line":2739,"column":1}},"896":{"start":{"line":2726,"column":0},"end":{"line":2738,"column":1}},"897":{"start":{"line":2737,"column":0},"end":{"line":2737,"column":17}},"898":{"start":{"line":2740,"column":0},"end":{"line":2740,"column":14}},"899":{"start":{"line":2751,"column":11},"end":{"line":2751,"column":23}},"900":{"start":{"line":2752,"column":0},"end":{"line":2752,"column":54}},"901":{"start":{"line":2764,"column":0},"end":{"line":2764,"column":65}},"902":{"start":{"line":2775,"column":0},"end":{"line":2775,"column":37}},"903":{"start":{"line":2788,"column":0},"end":{"line":2791,"column":1}},"904":{"start":{"line":2790,"column":0},"end":{"line":2790,"column":34}},"905":{"start":{"line":2805,"column":13},"end":{"line":2805,"column":24}},"906":{"start":{"line":2806,"column":0},"end":{"line":2809,"column":1}},"907":{"start":{"line":2808,"column":0},"end":{"line":2808,"column":34}},"908":{"start":{"line":2821,"column":11},"end":{"line":2821,"column":23}},"909":{"start":{"line":2822,"column":0},"end":{"line":2826,"column":1}},"910":{"start":{"line":2823,"column":0},"end":{"line":2825,"column":1}},"911":{"start":{"line":2824,"column":0},"end":{"line":2824,"column":14}},"912":{"start":{"line":2827,"column":0},"end":{"line":2827,"column":9}},"913":{"start":{"line":2842,"column":0},"end":{"line":2844,"column":3}},"914":{"start":{"line":2843,"column":0},"end":{"line":2843,"column":53}},"915":{"start":{"line":2845,"column":0},"end":{"line":2845,"column":19}},"916":{"start":{"line":2858,"column":0},"end":{"line":2858,"column":54}},"917":{"start":{"line":2871,"column":0},"end":{"line":2871,"column":56}},"918":{"start":{"line":2884,"column":0},"end":{"line":2893,"column":1}},"919":{"start":{"line":2885,"column":0},"end":{"line":2889,"column":18}},"920":{"start":{"line":2892,"column":0},"end":{"line":2892,"column":18}},"921":{"start":{"line":2905,"column":10},"end":{"line":2905,"column":12}},"922":{"start":{"line":2906,"column":7},"end":{"line":2906,"column":19}},"923":{"start":{"line":2907,"column":7},"end":{"line":2907,"column":20}},"924":{"start":{"line":2908,"column":5},"end":{"line":2908,"column":17}},"925":{"start":{"line":2910,"column":0},"end":{"line":2912,"column":1}},"926":{"start":{"line":2911,"column":0},"end":{"line":2911,"column":54}},"927":{"start":{"line":2913,"column":0},"end":{"line":2913,"column":14}},"928":{"start":{"line":2926,"column":0},"end":{"line":2933,"column":1}},"929":{"start":{"line":2927,"column":0},"end":{"line":2929,"column":1}},"930":{"start":{"line":2928,"column":0},"end":{"line":2928,"column":34}},"931":{"start":{"line":2930,"column":0},"end":{"line":2932,"column":1}},"932":{"start":{"line":2931,"column":0},"end":{"line":2931,"column":34}},"933":{"start":{"line":2934,"column":0},"end":{"line":2934,"column":14}},"934":{"start":{"line":2955,"column":7},"end":{"line":2955,"column":30}},"935":{"start":{"line":2956,"column":7},"end":{"line":2956,"column":30}},"936":{"start":{"line":2957,"column":7},"end":{"line":2957,"column":33}},"937":{"start":{"line":2959,"column":0},"end":{"line":2961,"column":1}},"938":{"start":{"line":2960,"column":0},"end":{"line":2960,"column":67}},"939":{"start":{"line":2962,"column":0},"end":{"line":2964,"column":1}},"940":{"start":{"line":2963,"column":0},"end":{"line":2963,"column":14}},"941":{"start":{"line":2965,"column":0},"end":{"line":2967,"column":1}},"942":{"start":{"line":2966,"column":0},"end":{"line":2966,"column":13}},"943":{"start":{"line":2968,"column":10},"end":{"line":2968,"column":24}},"944":{"start":{"line":2969,"column":0},"end":{"line":2994,"column":1}},"945":{"start":{"line":2970,"column":0},"end":{"line":2970,"column":29}},"946":{"start":{"line":2971,"column":0},"end":{"line":2973,"column":1}},"947":{"start":{"line":2972,"column":0},"end":{"line":2972,"column":31}},"948":{"start":{"line":2975,"column":8},"end":{"line":2975,"column":21}},"949":{"start":{"line":2976,"column":7},"end":{"line":2976,"column":32}},"950":{"start":{"line":2978,"column":0},"end":{"line":2980,"column":1}},"951":{"start":{"line":2979,"column":0},"end":{"line":2979,"column":33}},"952":{"start":{"line":2981,"column":0},"end":{"line":2993,"column":1}},"953":{"start":{"line":2982,"column":0},"end":{"line":2982,"column":48}},"954":{"start":{"line":2983,"column":0},"end":{"line":2987,"column":1}},"955":{"start":{"line":2984,"column":0},"end":{"line":2986,"column":44}},"956":{"start":{"line":2989,"column":0},"end":{"line":2991,"column":1}},"957":{"start":{"line":2990,"column":0},"end":{"line":2990,"column":23}},"958":{"start":{"line":2992,"column":0},"end":{"line":2992,"column":40}},"959":{"start":{"line":2996,"column":0},"end":{"line":2996,"column":27}},"960":{"start":{"line":2997,"column":12},"end":{"line":2997,"column":28}},"961":{"start":{"line":2998,"column":0},"end":{"line":3000,"column":1}},"962":{"start":{"line":2999,"column":0},"end":{"line":2999,"column":15}},"963":{"start":{"line":3001,"column":0},"end":{"line":3001,"column":24}},"964":{"start":{"line":3003,"column":0},"end":{"line":3009,"column":1}},"965":{"start":{"line":3004,"column":0},"end":{"line":3006,"column":3}},"966":{"start":{"line":3005,"column":0},"end":{"line":3005,"column":72}},"967":{"start":{"line":3008,"column":0},"end":{"line":3008,"column":14}},"968":{"start":{"line":3011,"column":0},"end":{"line":3017,"column":1}},"969":{"start":{"line":3012,"column":0},"end":{"line":3014,"column":3}},"970":{"start":{"line":3013,"column":0},"end":{"line":3013,"column":71}},"971":{"start":{"line":3016,"column":0},"end":{"line":3016,"column":14}},"972":{"start":{"line":3019,"column":13},"end":{"line":3021,"column":18}},"973":{"start":{"line":3023,"column":10},"end":{"line":3023,"column":41}},"974":{"start":{"line":3024,"column":0},"end":{"line":3031,"column":3}},"975":{"start":{"line":3025,"column":0},"end":{"line":3028,"column":1}},"976":{"start":{"line":3026,"column":0},"end":{"line":3026,"column":13}},"977":{"start":{"line":3027,"column":0},"end":{"line":3027,"column":20}},"978":{"start":{"line":3030,"column":0},"end":{"line":3030,"column":79}},"979":{"start":{"line":3032,"column":0},"end":{"line":3032,"column":14}},"980":{"start":{"line":3043,"column":10},"end":{"line":3043,"column":22}},"981":{"start":{"line":3044,"column":0},"end":{"line":3046,"column":2}},"982":{"start":{"line":3045,"column":0},"end":{"line":3045,"column":43}},"983":{"start":{"line":3058,"column":11},"end":{"line":3058,"column":23}},"984":{"start":{"line":3059,"column":0},"end":{"line":3061,"column":1}},"985":{"start":{"line":3060,"column":0},"end":{"line":3060,"column":14}},"986":{"start":{"line":3062,"column":0},"end":{"line":3062,"column":22}},"987":{"start":{"line":3063,"column":0},"end":{"line":3071,"column":1}},"988":{"start":{"line":3064,"column":8},"end":{"line":3064,"column":21}},"989":{"start":{"line":3065,"column":10},"end":{"line":3065,"column":21}},"990":{"start":{"line":3066,"column":6},"end":{"line":3066,"column":17}},"991":{"start":{"line":3068,"column":0},"end":{"line":3070,"column":1}},"992":{"start":{"line":3069,"column":0},"end":{"line":3069,"column":13}},"993":{"start":{"line":3072,"column":0},"end":{"line":3072,"column":12}},"994":{"start":{"line":3086,"column":0},"end":{"line":3088,"column":1}},"995":{"start":{"line":3087,"column":0},"end":{"line":3087,"column":37}},"996":{"start":{"line":3089,"column":0},"end":{"line":3089,"column":64}},"997":{"start":{"line":3089,"column":29},"end":{"line":3089,"column":56}},"998":{"start":{"line":3104,"column":10},"end":{"line":3104,"column":12}},"999":{"start":{"line":3105,"column":9},"end":{"line":3105,"column":22}},"1000":{"start":{"line":3106,"column":9},"end":{"line":3106,"column":13}},"1001":{"start":{"line":3107,"column":7},"end":{"line":3107,"column":19}},"1002":{"start":{"line":3108,"column":7},"end":{"line":3108,"column":9}},"1003":{"start":{"line":3109,"column":13},"end":{"line":3109,"column":26}},"1004":{"start":{"line":3111,"column":0},"end":{"line":3113,"column":1}},"1005":{"start":{"line":3112,"column":0},"end":{"line":3112,"column":14}},"1006":{"start":{"line":3114,"column":0},"end":{"line":3116,"column":1}},"1007":{"start":{"line":3115,"column":0},"end":{"line":3115,"column":44}},"1008":{"start":{"line":3117,"column":0},"end":{"line":3125,"column":1}},"1009":{"start":{"line":3118,"column":0},"end":{"line":3118,"column":27}},"1010":{"start":{"line":3119,"column":0},"end":{"line":3119,"column":15}},"1011":{"start":{"line":3121,"column":0},"end":{"line":3125,"column":1}},"1012":{"start":{"line":3122,"column":0},"end":{"line":3122,"column":18}},"1013":{"start":{"line":3123,"column":0},"end":{"line":3123,"column":15}},"1014":{"start":{"line":3124,"column":0},"end":{"line":3124,"column":28}},"1015":{"start":{"line":3126,"column":0},"end":{"line":3144,"column":1}},"1016":{"start":{"line":3127,"column":0},"end":{"line":3144,"column":1}},"1017":{"start":{"line":3128,"column":10},"end":{"line":3128,"column":22}},"1018":{"start":{"line":3129,"column":9},"end":{"line":3129,"column":45}},"1019":{"start":{"line":3131,"column":0},"end":{"line":3131,"column":36}},"1020":{"start":{"line":3132,"column":0},"end":{"line":3143,"column":1}},"1021":{"start":{"line":3133,"column":16},"end":{"line":3133,"column":28}},"1022":{"start":{"line":3134,"column":0},"end":{"line":3138,"column":1}},"1023":{"start":{"line":3135,"column":0},"end":{"line":3137,"column":1}},"1024":{"start":{"line":3136,"column":0},"end":{"line":3136,"column":15}},"1025":{"start":{"line":3139,"column":0},"end":{"line":3139,"column":19}},"1026":{"start":{"line":3141,"column":0},"end":{"line":3143,"column":1}},"1027":{"start":{"line":3142,"column":0},"end":{"line":3142,"column":19}},"1028":{"start":{"line":3145,"column":0},"end":{"line":3145,"column":14}},"1029":{"start":{"line":3156,"column":13},"end":{"line":3156,"column":39}},"1030":{"start":{"line":3166,"column":18},"end":{"line":3166,"column":54}},"1031":{"start":{"line":3178,"column":11},"end":{"line":3178,"column":15}},"1032":{"start":{"line":3179,"column":0},"end":{"line":3182,"column":3}},"1033":{"start":{"line":3180,"column":0},"end":{"line":3180,"column":43}},"1034":{"start":{"line":3181,"column":0},"end":{"line":3181,"column":14}},"1035":{"start":{"line":3183,"column":0},"end":{"line":3183,"column":14}},"1036":{"start":{"line":3197,"column":10},"end":{"line":3197,"column":12}},"1037":{"start":{"line":3198,"column":7},"end":{"line":3198,"column":19}},"1038":{"start":{"line":3200,"column":0},"end":{"line":3211,"column":1}},"1039":{"start":{"line":3201,"column":10},"end":{"line":3201,"column":22}},"1040":{"start":{"line":3202,"column":8},"end":{"line":3202,"column":23}},"1041":{"start":{"line":3204,"column":0},"end":{"line":3210,"column":1}},"1042":{"start":{"line":3208,"column":13},"end":{"line":3208,"column":20}},"1043":{"start":{"line":3209,"column":7},"end":{"line":3209,"column":12}},"1044":{"start":{"line":3212,"column":0},"end":{"line":3212,"column":14}},"1045":{"start":{"line":3226,"column":11},"end":{"line":3226,"column":23}},"1046":{"start":{"line":3228,"column":0},"end":{"line":3228,"column":23}},"1047":{"start":{"line":3229,"column":0},"end":{"line":3231,"column":1}},"1048":{"start":{"line":3230,"column":0},"end":{"line":3230,"column":35}},"1049":{"start":{"line":3232,"column":0},"end":{"line":3232,"column":54}},"1050":{"start":{"line":3233,"column":0},"end":{"line":3235,"column":1}},"1051":{"start":{"line":3234,"column":0},"end":{"line":3234,"column":12}},"1052":{"start":{"line":3236,"column":0},"end":{"line":3236,"column":30}},"1053":{"start":{"line":3237,"column":0},"end":{"line":3239,"column":1}},"1054":{"start":{"line":3238,"column":0},"end":{"line":3238,"column":21}},"1055":{"start":{"line":3240,"column":0},"end":{"line":3240,"column":13}},"1056":{"start":{"line":3252,"column":11},"end":{"line":3252,"column":13}},"1057":{"start":{"line":3253,"column":0},"end":{"line":3257,"column":3}},"1058":{"start":{"line":3254,"column":0},"end":{"line":3256,"column":1}},"1059":{"start":{"line":3255,"column":0},"end":{"line":3255,"column":19}},"1060":{"start":{"line":3258,"column":0},"end":{"line":3258,"column":14}},"1061":{"start":{"line":3273,"column":10},"end":{"line":3273,"column":12}},"1062":{"start":{"line":3274,"column":7},"end":{"line":3274,"column":19}},"1063":{"start":{"line":3276,"column":0},"end":{"line":3276,"column":37}},"1064":{"start":{"line":3277,"column":0},"end":{"line":3277,"column":20}},"1065":{"start":{"line":3279,"column":0},"end":{"line":3291,"column":1}},"1066":{"start":{"line":3280,"column":10},"end":{"line":3280,"column":22}},"1067":{"start":{"line":3281,"column":0},"end":{"line":3290,"column":1}},"1068":{"start":{"line":3282,"column":0},"end":{"line":3287,"column":1}},"1069":{"start":{"line":3284,"column":0},"end":{"line":3284,"column":53}},"1070":{"start":{"line":3286,"column":0},"end":{"line":3286,"column":24}},"1071":{"start":{"line":3288,"column":6},"end":{"line":3290,"column":1}},"1072":{"start":{"line":3289,"column":0},"end":{"line":3289,"column":28}},"1073":{"start":{"line":3292,"column":0},"end":{"line":3292,"column":14}},"1074":{"start":{"line":3306,"column":12},"end":{"line":3306,"column":27}},"1075":{"start":{"line":3318,"column":17},"end":{"line":3318,"column":36}},"1076":{"start":{"line":3329,"column":0},"end":{"line":3329,"column":45}},"1077":{"start":{"line":3341,"column":0},"end":{"line":3341,"column":50}},"1078":{"start":{"line":3354,"column":0},"end":{"line":3356,"column":3}},"1079":{"start":{"line":3355,"column":0},"end":{"line":3355,"column":31}},"1080":{"start":{"line":3368,"column":0},"end":{"line":3368,"column":27}},"1081":{"start":{"line":3370,"column":10},"end":{"line":3370,"column":11}},"1082":{"start":{"line":3371,"column":7},"end":{"line":3371,"column":18}},"1083":{"start":{"line":3373,"column":0},"end":{"line":3375,"column":1}},"1084":{"start":{"line":3374,"column":0},"end":{"line":3374,"column":36}},"1085":{"start":{"line":3376,"column":0},"end":{"line":3376,"column":45}},"1086":{"start":{"line":3391,"column":11},"end":{"line":3391,"column":27}},"1087":{"start":{"line":3392,"column":0},"end":{"line":3392,"column":68}},"1088":{"start":{"line":3403,"column":0},"end":{"line":3405,"column":1}},"1089":{"start":{"line":3404,"column":0},"end":{"line":3404,"column":46}},"1090":{"start":{"line":3406,"column":0},"end":{"line":3408,"column":22}},"1091":{"start":{"line":3421,"column":0},"end":{"line":3421,"column":19}},"1092":{"start":{"line":3433,"column":0},"end":{"line":3433,"column":53}},"1093":{"start":{"line":3445,"column":0},"end":{"line":3445,"column":43}},"1094":{"start":{"line":3458,"column":0},"end":{"line":3458,"column":65}},"1095":{"start":{"line":3472,"column":13},"end":{"line":3472,"column":55}},"1096":{"start":{"line":3473,"column":7},"end":{"line":3473,"column":23}},"1097":{"start":{"line":3474,"column":10},"end":{"line":3474,"column":23}},"1098":{"start":{"line":3475,"column":9},"end":{"line":3475,"column":18}},"1099":{"start":{"line":3476,"column":7},"end":{"line":3476,"column":23}},"1100":{"start":{"line":3477,"column":10},"end":{"line":3477,"column":18}},"1101":{"start":{"line":3478,"column":7},"end":{"line":3478,"column":9}},"1102":{"start":{"line":3480,"column":0},"end":{"line":3489,"column":1}},"1103":{"start":{"line":3481,"column":10},"end":{"line":3481,"column":26}},"1104":{"start":{"line":3482,"column":0},"end":{"line":3484,"column":1}},"1105":{"start":{"line":3483,"column":0},"end":{"line":3483,"column
[...]
7,"column":9},"end":{"line":41,"column":5}}],"line":37},"12":{"loc":{"start":{"line":46,"column":4},"end":{"line":69,"column":5}},"type":"switch","locations":[{"start":{"line":47,"column":8},"end":{"line":48,"column":24}},{"start":{"line":49,"column":8},"end":{"line":50,"column":24}},{"start":{"line":51,"column":8},"end":{"line":52,"column":24}},{"start":{"line":53,"column":8},"end":{"line":54,"column":24}},{"start":{"line":55,"column":8},"end":{"line":56,"column":24}},{"start":{"line":57,"column":8},"end":{"line":58,"column":24}},{"start":{"line":59,"column":8},"end":{"line":60,"column":24}},{"start":{"line":61,"column":8},"end":{"line":62,"column":24}},{"start":{"line":63,"column":8},"end":{"line":64,"column":24}},{"start":{"line":65,"column":8},"end":{"line":66,"column":24}},{"start":{"line":67,"column":8},"end":{"line":68,"column":25}}],"line":46},"13":{"loc":{"start":{"line":77,"column":8},"end":{"line":80,"column":9}},"type":"if","locations":[{"start":{"line":77,"column":8},"end":{"line":80,"column":9}},{"start":{"line":77,"column":8},"end":{"line":80,"column":9}}],"line":77},"14":{"loc":{"start":{"line":83,"column":4},"end":{"line":91,"column":5}},"type":"if","locations":[{"start":{"line":83,"column":4},"end":{"line":91,"column":5}},{"start":{"line":83,"column":4},"end":{"line":91,"column":5}}],"line":83},"15":{"loc":{"start":{"line":98,"column":8},"end":{"line":104,"column":9}},"type":"if","locations":[{"start":{"line":98,"column":8},"end":{"line":104,"column":9}},{"start":{"line":98,"column":8},"end":{"line":104,"column":9}}],"line":98},"16":{"loc":{"start":{"line":100,"column":12},"end":{"line":103,"column":13}},"type":"if","locations":[{"start":{"line":100,"column":12},"end":{"line":103,"column":13}},{"start":{"line":100,"column":12},"end":{"line":103,"column":13}}],"line":100},"17":{"loc":{"start":{"line":111,"column":4},"end":{"line":138,"column":5}},"type":"if","locations":[{"start":{"line":111,"column":4},"end":{"line":138,"column":5}},{"start":{"line":111,"column":4},"end":{"line":138,"column":5}}],"line":111},"18":{"loc":{"start":{"line":116,"column":9},"end":{"line":138,"column":5}},"type":"if","locations":[{"start":{"line":116,"column":9},"end":{"line":138,"column":5}},{"start":{"line":116,"column":9},"end":{"line":138,"column":5}}],"line":116},"19":{"loc":{"start":{"line":121,"column":9},"end":{"line":138,"column":5}},"type":"if","locations":[{"start":{"line":121,"column":9},"end":{"line":138,"column":5}},{"start":{"line":121,"column":9},"end":{"line":138,"column":5}}],"line":121},"20":{"loc":{"start":{"line":126,"column":9},"end":{"line":138,"column":5}},"type":"if","locations":[{"start":{"line":126,"column":9},"end":{"line":138,"column":5}},{"start":{"line":126,"column":9},"end":{"line":138,"column":5}}],"line":126},"21":{"loc":{"start":{"line":131,"column":9},"end":{"line":138,"column":5}},"type":"if","locations":[{"start":{"line":131,"column":9},"end":{"line":138,"column":5}},{"start":{"line":131,"column":9},"end":{"line":138,"column":5}}],"line":131}},"s":{"0":1,"1":27,"2":2,"3":25,"4":1,"5":24,"6":1,"7":23,"8":1,"9":22,"10":1,"11":21,"12":10,"13":11,"14":1,"15":10,"16":1,"17":9,"18":1,"19":8,"20":5,"21":3,"22":1,"23":2,"24":1,"25":1,"26":1,"27":21,"28":1,"29":1,"30":1,"31":1,"32":1,"33":1,"34":1,"35":1,"36":1,"37":1,"38":11,"39":1,"40":23,"41":23,"42":161,"43":24,"44":23,"45":1,"46":22,"47":1,"48":9,"49":75,"50":7,"51":1,"52":8,"53":1,"54":13,"55":2,"56":11,"57":2,"58":9,"59":2,"60":7,"61":2,"62":5,"63":2,"64":3,"65":1},"f":{"0":27,"1":21,"2":23,"3":9,"4":13},"b":{"0":[2,25],"1":[1,24],"2":[1,23],"3":[1,22],"4":[1,21],"5":[10,11],"6":[1,10],"7":[1,9],"8":[1,8],"9":[5,3],"10":[1,2],"11":[1,1],"12":[1,1,1,1,1,1,1,1,1,1,11],"13":[24,137],"14":[1,22],"15":[7,68],"16":[1,6],"17":[2,11],"18":[2,9],"19":[2,7],"20":[2,5],"21":[2,3]},"_coverageSchema":"332fd63041d2c1bcb487cc26dd0d5f7d97098a6c","hash":"27cab2c820dfe60ff16ad55192ae6e92800781f8"}
,"/Users/dcarley/Projects/ppa-1-sw-testing-qa-spring-2018-official-team-4/modules/retirement.js": {"path":"/Users/dcarley/Projects/ppa-1-sw-testing-qa-spring-2018-official-team-4/modules/retirement.js","statementMap":{"0":{"start":{"line":1,"column":22},"end":{"line":1,"column":62}},"1":{"start":{"line":2,"column":12},"end":{"line":2,"column":46}},"2":{"start":{"line":3,"column":14},"end":{"line":3,"column":54}},"3":{"start":{"line":4,"column":17},"end":{"line":4,"column":61}},"4":{"start":{"line":6,"column":17},"end":{"line":26,"column":1}},"5":{"start":{"line":8,"column":2},"end":{"line":8,"column":19}},"6":{"start":{"line":9,"column":2},"end":{"line":9,"column":25}},"7":{"start":{"line":10,"column":2},"end":{"line":10,"column":21}},"8":{"start":{"line":11,"column":2},"end":{"line":11,"column":21}},"9":{"start":{"line":13,"column":2},"end":{"line":13,"column":109}},"10":{"start":{"line":13,"column":17},"end":{"line":13,"column":108}},"11":{"start":{"line":14,"column":2},"end":{"line":14,"column":87}},"12":{"start":{"line":14,"column":17},"end":{"line":14,"column":86}},"13":{"start":{"line":15,"column":2},"end":{"line":15,"column":70}},"14":{"start":{"line":15,"column":16},"end":{"line":15,"column":69}},"15":{"start":{"line":16,"column":2},"end":{"line":16,"column":70}},"16":{"start":{"line":16,"column":16},"end":{"line":16,"column":69}},"17":{"start":{"line":17,"column":2},"end":{"line":17,"column":72}},"18":{"start":{"line":17,"column":18},"end":{"line":17,"column":71}},"19":{"start":{"line":18,"column":2},"end":{"line":18,"column":89}},"20":{"start":{"line":18,"column":17},"end":{"line":18,"column":88}},"21":{"start":{"line":20,"column":21},"end":{"line":20,"column":51}},"22":{"start":{"line":21,"column":14},"end":{"line":21,"column":61}},"23":{"start":{"line":22,"column":2},"end":{"line":22,"column":26}},"24":{"start":{"line":23,"column":15},"end":{"line":23,"column":29}},"25":{"start":{"line":24,"column":2},"end":{"line":24,"column":51}},"26":{"start":{"line":24,"column":20},"end":{"line":24,"column":50}},"27":{"start":{"line":25,"column":2},"end":{"line":25,"column":15}},"28":{"start":{"line":28,"column":0},"end":{"line":28,"column":31}}},"fnMap":{"0":{"name":"(anonymous_0)","decl":{"start":{"line":6,"column":17},"end":{"line":6,"column":18}},"loc":{"start":{"line":6,"column":46},"end":{"line":26,"column":1}},"line":6}},"branchMap":{"0":{"loc":{"start":{"line":13,"column":2},"end":{"line":13,"column":109}},"type":"if","locations":[{"start":{"line":13,"column":2},"end":{"line":13,"column":109}},{"start":{"line":13,"column":2},"end":{"line":13,"column":109}}],"line":13},"1":{"loc":{"start":{"line":14,"column":2},"end":{"line":14,"column":87}},"type":"if","locations":[{"start":{"line":14,"column":2},"end":{"line":14,"column":87}},{"start":{"line":14,"column":2},"end":{"line":14,"column":87}}],"line":14},"2":{"loc":{"start":{"line":15,"column":2},"end":{"line":15,"column":70}},"type":"if","locations":[{"start":{"line":15,"column":2},"end":{"line":15,"column":70}},{"start":{"line":15,"column":2},"end":{"line":15,"column":70}}],"line":15},"3":{"loc":{"start":{"line":16,"column":2},"end":{"line":16,"column":70}},"type":"if","locations":[{"start":{"line":16,"column":2},"end":{"line":16,"column":70}},{"start":{"line":16,"column":2},"end":{"line":16,"column":70}}],"line":16},"4":{"loc":{"start":{"line":17,"column":2},"end":{"line":17,"column":72}},"type":"if","locations":[{"start":{"line":17,"column":2},"end":{"line":17,"column":72}},{"start":{"line":17,"column":2},"end":{"line":17,"column":72}}],"line":17},"5":{"loc":{"start":{"line":18,"column":2},"end":{"line":18,"column":89}},"type":"if","locations":[{"start":{"line":18,"column":2},"end":{"line":18,"column":89}},{"start":{"line":18,"column":2},"end":{"line":18,"column":89}}],"line":18},"6":{"loc":{"start":{"line":24,"column":2},"end":{"line":24,"column":51}},"type":"if","locations":[{"start":{"line":24,"column":2},"end":{"line":24,"column":51}},{"start":{"line":24,"column":2},"end":{"line":24,"column":51}}],"line":24}},"s":{"0":1,"1":1,"2":1,"3":1,"4":1,"5":21,"6":21,"7":21,"8":21,"9":21,"10":1,"11":20,"12":2,"13":18,"14":2,"15":16,"16":1,"17":15,"18":1,"19":14,"20":2,"21":12,"22":11,"23":10,"24":10,"25":10,"26":5,"27":5,"28":1},"f":{"0":21},"b":{"0":[1,20],"1":[2,18],"2":[2,16],"3":[1,15],"4":[1,14],"5":[2,12],"6":[5,5]},"_coverageSchema":"332fd63041d2c1bcb487cc26dd0d5f7d97098a6c","hash":"3791f76c6837df4e0b58058fe90210bb144f1e50"}
,"/Users/dcarley/Projects/ppa-1-sw-testing-qa-spring-2018-official-team-4/modules/splitTip.js": {"path":"/Users/dcarley/Projects/ppa-1-sw-testing-qa-spring-2018-official-team-4/modules/splitTip.js","statementMap":{"0":{"start":{"line":2,"column":15},"end":{"line":2,"column":55}},"1":{"start":{"line":3,"column":12},"end":{"line":3,"column":46}},"2":{"start":{"line":4,"column":17},"end":{"line":4,"column":61}},"3":{"start":{"line":5,"column":17},"end":{"line":5,"column":20}},"4":{"start":{"line":7,"column":15},"end":{"line":18,"column":1}},"5":{"start":{"line":9,"column":4},"end":{"line":9,"column":80}},"6":{"start":{"line":9,"column":36},"end":{"line":9,"column":80}},"7":{"start":{"line":10,"column":4},"end":{"line":10,"column":99}},"8":{"start":{"line":10,"column":19},"end":{"line":10,"column":99}},"9":{"start":{"line":11,"column":4},"end":{"line":11,"column":68}},"10":{"start":{"line":11,"column":17},"end":{"line":11,"column":68}},"11":{"start":{"line":13,"column":20},"end":{"line":13,"column":45}},"12":{"start":{"line":14,"column":14},"end":{"line":14,"column":39}},"13":{"start":{"line":15,"column":15},"end":{"line":15,"column":39}},"14":{"start":{"line":17,"column":0},"end":{"line":17,"column":15}},"15":{"start":{"line":20,"column":0},"end":{"line":20,"column":27}}},"fnMap":{"0":{"name":"(anonymous_0)","decl":{"start":{"line":7,"column":15},"end":{"line":7,"column":16}},"loc":{"start":{"line":7,"column":33},"end":{"line":18,"column":1}},"line":7}},"branchMap":{"0":{"loc":{"start":{"line":9,"column":4},"end":{"line":9,"column":80}},"type":"if","locations":[{"start":{"line":9,"column":4},"end":{"line":9,"column":80}},{"start":{"line":9,"column":4},"end":{"line":9,"column":80}}],"line":9},"1":{"loc":{"start":{"line":9,"column":7},"end":{"line":9,"column":34}},"type":"binary-expr","locations":[{"start":{"line":9,"column":7},"end":{"line":9,"column":19}},{"start":{"line":9,"column":23},"end":{"line":9,"column":34}}],"line":9},"2":{"loc":{"start":{"line":10,"column":4},"end":{"line":10,"column":99}},"type":"if","locations":[{"start":{"line":10,"column":4},"end":{"line":10,"column":99}},{"start":{"line":10,"column":4},"end":{"line":10,"column":99}}],"line":10},"3":{"loc":{"start":{"line":11,"column":4},"end":{"line":11,"column":68}},"type":"if","locations":[{"start":{"line":11,"column":4},"end":{"line":11,"column":68}},{"start":{"line":11,"column":4},"end":{"line":11,"column":68}}],"line":11}},"s":{"0":1,"1":1,"2":1,"3":1,"4":1,"5":9,"6":3,"7":6,"8":4,"9":2,"10":1,"11":1,"12":1,"13":1,"14":1,"15":1},"f":{"0":9},"b":{"0":[3,6],"1":[9,7],"2":[4,2],"3":[1,1]},"_coverageSchema":"332fd63041d2c1bcb487cc26dd0d5f7d97098a6c","hash":"0c3fce33d6a13add94a76fe666c255796a0ee888"}
,"/Users/dcarley/Projects/ppa-1-sw-testing-qa-spring-2018-official-team-4/modules/basic_modules/add.js": {"path":"/Users/dcarley/Projects/ppa-1-sw-testing-qa-spring-2018-official-team-4/modules/basic_modules/add.js","statementMap":{"0":{"start":{"line":1,"column":10},"end":{"line":4,"column":5}},"1":{"start":{"line":2,"column":4},"end":{"line":2,"column":73}},"2":{"start":{"line":2,"column":29},"end":{"line":2,"column":73}},"3":{"start":{"line":3,"column":4},"end":{"line":3,"column":17}},"4":{"start":{"line":5,"column":4},"end":{"line":5,"column":21}}},"fnMap":{"0":{"name":"(anonymous_0)","decl":{"start":{"line":1,"column":10},"end":{"line":1,"column":11}},"loc":{"start":{"line":1,"column":19},"end":{"line":4,"column":5}},"line":1}},"branchMap":{"0":{"loc":{"start":{"line":2,"column":4},"end":{"line":2,"column":73}},"type":"if","locations":[{"start":{"line":2,"column":4},"end":{"line":2,"column":73}},{"start":{"line":2,"column":4},"end":{"line":2,"column":73}}],"line":2},"1":{"loc":{"start":{"line":2,"column":7},"end":{"line":2,"column":27}},"type":"binary-expr","locations":[{"start":{"line":2,"column":7},"end":{"line":2,"column":15}},{"start":{"line":2,"column":19},"end":{"line":2,"column":27}}],"line":2}},"s":{"0":5,"1":43,"2":4,"3":39,"4":5},"f":{"0":43},"b":{"0":[4,39],"1":[43,40]},"_coverageSchema":"332fd63041d2c1bcb487cc26dd0d5f7d97098a6c","hash":"7e45a2516d9bcc0612770bb918463773b2569662"}
,"/Users/dcarley/Projects/ppa-1-sw-testing-qa-spring-2018-official-team-4/modules/basic_modules/divide.js": {"path":"/Users/dcarley/Projects/ppa-1-sw-testing-qa-spring-2018-official-team-4/modules/basic_modules/divide.js","statementMap":{"0":{"start":{"line":1,"column":13},"end":{"line":5,"column":1}},"1":{"start":{"line":2,"column":4},"end":{"line":2,"column":73}},"2":{"start":{"line":2,"column":29},"end":{"line":2,"column":73}},"3":{"start":{"line":3,"column":4},"end":{"line":3,"column":52}},"4":{"start":{"line":3,"column":11},"end":{"line":3,"column":52}},"5":{"start":{"line":4,"column":4},"end":{"line":4,"column":19}},"6":{"start":{"line":6,"column":0},"end":{"line":6,"column":23}}},"fnMap":{"0":{"name":"(anonymous_0)","decl":{"start":{"line":1,"column":13},"end":{"line":1,"column":14}},"loc":{"start":{"line":1,"column":22},"end":{"line":5,"column":1}},"line":1}},"branchMap":{"0":{"loc":{"start":{"line":2,"column":4},"end":{"line":2,"column":73}},"type":"if","locations":[{"start":{"line":2,"column":4},"end":{"line":2,"column":73}},{"start":{"line":2,"column":4},"end":{"line":2,"column":73}}],"line":2},"1":{"loc":{"start":{"line":2,"column":7},"end":{"line":2,"column":27}},"type":"binary-expr","locations":[{"start":{"line":2,"column":7},"end":{"line":2,"column":15}},{"start":{"line":2,"column":19},"end":{"line":2,"column":27}}],"line":2},"2":{"loc":{"start":{"line":3,"column":4},"end":{"line":3,"column":52}},"type":"if","locations":[{"start":{"line":3,"column":4},"end":{"line":3,"column":52}},{"start":{"line":3,"column":4},"end":{"line":3,"column":52}}],"line":3}},"s":{"0":4,"1":31,"2":4,"3":27,"4":3,"5":24,"6":4},"f":{"0":31},"b":{"0":[4,27],"1":[31,28],"2":[3,24]},"_coverageSchema":"332fd63041d2c1bcb487cc26dd0d5f7d97098a6c","hash":"f7c4318f39bda8bf2c5328d1035b94195bee039c"}
,"/Users/dcarley/Projects/ppa-1-sw-testing-qa-spring-2018-official-team-4/modules/basic_modules/multiply.js": {"path":"/Users/dcarley/Projects/ppa-1-sw-testing-qa-spring-2018-official-team-4/modules/basic_modules/multiply.js","statementMap":{"0":{"start":{"line":1,"column":15},"end":{"line":4,"column":1}},"1":{"start":{"line":2,"column":4},"end":{"line":2,"column":73}},"2":{"start":{"line":2,"column":29},"end":{"line":2,"column":73}},"3":{"start":{"line":3,"column":4},"end":{"line":3,"column":17}},"4":{"start":{"line":6,"column":0},"end":{"line":6,"column":27}}},"fnMap":{"0":{"name":"(anonymous_0)","decl":{"start":{"line":1,"column":15},"end":{"line":1,"column":16}},"loc":{"start":{"line":1,"column":24},"end":{"line":4,"column":1}},"line":1}},"branchMap":{"0":{"loc":{"start":{"line":2,"column":4},"end":{"line":2,"column":73}},"type":"if","locations":[{"start":{"line":2,"column":4},"end":{"line":2,"column":73}},{"start":{"line":2,"column":4},"end":{"line":2,"column":73}}],"line":2},"1":{"loc":{"start":{"line":2,"column":7},"end":{"line":2,"column":27}},"type":"binary-expr","locations":[{"start":{"line":2,"column":7},"end":{"line":2,"column":15}},{"start":{"line":2,"column":19},"end":{"line":2,"column":27}}],"line":2}},"s":{"0":6,"1":70,"2":5,"3":65,"4":6},"f":{"0":70},"b":{"0":[5,65],"1":[70,66]},"_coverageSchema":"332fd63041d2c1bcb487cc26dd0d5f7d97098a6c","hash":"36fc36b6d019d5a4c49b4b563056211e742b2f6e"}
,"/Users/dcarley/Projects/ppa-1-sw-testing-qa-spring-2018-official-team-4/modules/basic_modules/parse.js": {"path":"/Users/dcarley/Projects/ppa-1-sw-testing-qa-spring-2018-official-team-4/modules/basic_modules/parse.js","statementMap":{"0":{"start":{"line":1,"column":12},"end":{"line":15,"column":1}},"1":{"start":{"line":2,"column":4},"end":{"line":2,"column":87}},"2":{"start":{"line":2,"column":43},"end":{"line":2,"column":87}},"3":{"start":{"line":5,"column":15},"end":{"line":5,"column":79}},"4":{"start":{"line":8,"column":3},"end":{"line":13,"column":4}},"5":{"start":{"line":8,"column":22},"end":{"line":8,"column":95}},"6":{"start":{"line":10,"column":15},"end":{"line":10,"column":24}},"7":{"start":{"line":11,"column":11},"end":{"line":11,"column":20}},"8":{"start":{"line":12,"column":4},"end":{"line":12,"column":30}},"9":{"start":{"line":16,"column":0},"end":{"line":16,"column":21}}},"fnMap":{"0":{"name":"(anonymous_0)","decl":{"start":{"line":1,"column":12},"end":{"line":1,"column":13}},"loc":{"start":{"line":1,"column":31},"end":{"line":15,"column":1}},"line":1}},"branchMap":{"0":{"loc":{"start":{"line":2,"column":4},"end":{"line":2,"column":87}},"type":"if","locations":[{"start":{"line":2,"column":4},"end":{"line":2,"column":87}},{"start":{"line":2,"column":4},"end":{"line":2,"column":87}}],"line":2},"1":{"loc":{"start":{"line":8,"column":3},"end":{"line":13,"column":4}},"type":"if","locations":[{"start":{"line":8,"column":3},"end":{"line":13,"column":4}},{"start":{"line":8,"column":3},"end":{"line":13,"column":4}}],"line":8}},"s":{"0":2,"1":13,"2":2,"3":11,"4":11,"5":2,"6":9,"7":9,"8":9,"9":2},"f":{"0":13},"b":{"0":[2,11],"1":[2,9]},"_coverageSchema":"332fd63041d2c1bcb487cc26dd0d5f7d97098a6c","hash":"51622e7b4df34d89f8e6e76d673669ca0ac5da58"}
,"/Users/dcarley/Projects/ppa-1-sw-testing-qa-spring-2018-official-team-4/modules/basic_modules/subtract.js": {"path":"/Users/dcarley/Projects/ppa-1-sw-testing-qa-spring-2018-official-team-4/modules/basic_modules/subtract.js","statementMap":{"0":{"start":{"line":1,"column":15},"end":{"line":4,"column":5}},"1":{"start":{"line":2,"column":4},"end":{"line":2,"column":73}},"2":{"start":{"line":2,"column":29},"end":{"line":2,"column":73}},"3":{"start":{"line":3,"column":4},"end":{"line":3,"column":17}},"4":{"start":{"line":5,"column":4},"end":{"line":5,"column":31}}},"fnMap":{"0":{"name":"(anonymous_0)","decl":{"start":{"line":1,"column":15},"end":{"line":1,"column":16}},"loc":{"start":{"line":1,"column":24},"end":{"line":4,"column":5}},"line":1}},"branchMap":{"0":{"loc":{"start":{"line":2,"column":4},"end":{"line":2,"column":73}},"type":"if","locations":[{"start":{"line":2,"column":4},"end":{"line":2,"column":73}},{"start":{"line":2,"column":4},"end":{"line":2,"column":73}}],"line":2},"1":{"loc":{"start":{"line":2,"column":7},"end":{"line":2,"column":27}},"type":"binary-expr","locations":[{"start":{"line":2,"column":7},"end":{"line":2,"column":15}},{"start":{"line":2,"column":19},"end":{"line":2,"column":27}}],"line":2}},"s":{"0":2,"1":24,"2":3,"3":21,"4":2},"f":{"0":24},"b":{"0":[3,21],"1":[24,22]},"_coverageSchema":"332fd63041d2c1bcb487cc26dd0d5f7d97098a6c","hash":"88218c2ba778d0713f04ae7fe05403916c57f60e"}
,"/Users/dcarley/Projects/ppa-1-sw-testing-qa-spring-2018-official-team-4/modules/basic_modules/yearlySavings.js": {"path":"/Users/dcarley/Projects/ppa-1-sw-testing-qa-spring-2018-official-team-4/modules/basic_modules/yearlySavings.js","statementMap":{"0":{"start":{"line":1,"column":17},"end":{"line":1,"column":47}},"1":{"start":{"line":2,"column":20},"end":{"line":6,"column":1}},"2":{"start":{"line":3,"column":2},"end":{"line":3,"column":25}},"3":{"start":{"line":4,"column":2},"end":{"line":4,"column":21}},"4":{"start":{"line":5,"column":2},"end":{"line":5,"column":30}},"5":{"start":{"line":8,"column":0},"end":{"line":8,"column":30}}},"fnMap":{"0":{"name":"(anonymous_0)","decl":{"start":{"line":2,"column":20},"end":{"line":2,"column":21}},"loc":{"start":{"line":2,"column":38},"end":{"line":6,"column":1}},"line":2}},"branchMap":{},"s":{"0":2,"1":2,"2":13,"3":13,"4":13,"5":2},"f":{"0":13},"b":{},"_coverageSchema":"332fd63041d2c1bcb487cc26dd0d5f7d97098a6c","hash":"d178168e78c1b7c21283374e2874222652106f5c"}
}
