TN:
SF:/Users/dcarley/Projects/ppa-1-sw-testing-qa-spring-2018-official-team-4/modules/bmi.js
FN:13,(anonymous_0)
FNF:1
FNH:1
FNDA:7,(anonymous_0)
DA:1,1
DA:2,1
DA:3,1
DA:4,1
DA:5,1
DA:6,1
DA:7,1
DA:13,1
DA:14,7
DA:17,5
DA:20,5
DA:21,4
DA:24,4
DA:25,4
DA:28,4
DA:31,4
DA:33,4
DA:34,4
DA:35,1
DA:36,3
DA:37,1
DA:38,2
DA:39,1
DA:41,1
DA:50,1
LF:25
LH:25
BRDA:14,0,0,2
BRDA:14,0,1,5
BRDA:34,1,0,1
BRDA:34,1,1,3
BRDA:36,2,0,1
BRDA:36,2,1,2
BRDA:36,3,0,3
BRDA:36,3,1,3
BRDA:38,4,0,1
BRDA:38,4,1,1
BRDA:38,5,0,2
BRDA:38,5,1,2
BRF:12
BRH:12
end_of_record
TN:
SF:/Users/dcarley/Projects/ppa-1-sw-testing-qa-spring-2018-official-team-4/modules/distance.js
FN:5,(anonymous_0)
FNF:1
FNH:1
FNDA:12,(anonymous_0)
DA:1,1
DA:2,1
DA:3,1
DA:5,1
DA:6,12
DA:8,7
DA:9,7
DA:11,7
DA:12,7
DA:14,7
DA:15,7
DA:18,1
LF:12
LH:12
BRDA:6,0,0,5
BRDA:6,0,1,7
BRDA:6,1,0,12
BRDA:6,1,1,11
BRDA:6,1,2,10
BRDA:6,1,3,8
BRF:6
BRH:6
end_of_record
TN:
SF:/Users/dcarley/Projects/ppa-1-sw-testing-qa-spring-2018-official-team-4/modules/email.js
FN:1,(anonymous_0)
FN:45,(anonymous_1)
FN:73,(anonymous_2)
FN:95,(anonymous_3)
FN:110,(anonymous_4)
FNF:5
FNH:5
FNDA:18,(anonymous_0)
FNDA:12,(anonymous_1)
FNDA:14,(anonymous_2)
FNDA:9,(anonymous_3)
FNDA:13,(anonymous_4)
DA:1,1
DA:4,18
DA:7,16
DA:10,15
DA:13,14
DA:16,13
DA:19,12
DA:22,11
DA:25,10
DA:28,9
DA:31,8
DA:34,3
DA:37,2
DA:40,1
DA:45,1
DA:46,12
DA:48,0
DA:50,0
DA:52,0
DA:54,0
DA:56,0
DA:58,1
DA:60,0
DA:62,0
DA:64,0
DA:66,0
DA:68,11
DA:73,1
DA:74,14
DA:75,14
DA:77,107
DA:79,15
DA:83,14
DA:85,1
DA:90,13
DA:95,1
DA:96,9
DA:98,75
DA:100,7
DA:102,1
DA:106,8
DA:110,1
DA:111,13
DA:113,2
DA:116,11
DA:118,2
DA:121,9
DA:123,2
DA:126,7
DA:128,2
DA:131,5
DA:133,2
DA:137,3
DA:141,1
LF:54
LH:45
BRDA:4,0,0,2
BRDA:4,0,1,16
BRDA:7,1,0,1
BRDA:7,1,1,15
BRDA:10,2,0,1
BRDA:10,2,1,14
BRDA:13,3,0,1
BRDA:13,3,1,13
BRDA:16,4,0,1
BRDA:16,4,1,12
BRDA:19,5,0,1
BRDA:19,5,1,11
BRDA:22,6,0,1
BRDA:22,6,1,10
BRDA:25,7,0,1
BRDA:25,7,1,9
BRDA:28,8,0,1
BRDA:28,8,1,8
BRDA:31,9,0,5
BRDA:31,9,1,3
BRDA:34,10,0,1
BRDA:34,10,1,2
BRDA:37,11,0,1
BRDA:37,11,1,1
BRDA:46,12,0,0
BRDA:46,12,1,0
BRDA:46,12,2,0
BRDA:46,12,3,0
BRDA:46,12,4,0
BRDA:46,12,5,1
BRDA:46,12,6,0
BRDA:46,12,7,0
BRDA:46,12,8,0
BRDA:46,12,9,0
BRDA:46,12,10,11
BRDA:77,13,0,15
BRDA:77,13,1,92
BRDA:83,14,0,1
BRDA:83,14,1,13
BRDA:98,15,0,7
BRDA:98,15,1,68
BRDA:100,16,0,1
BRDA:100,16,1,6
BRDA:111,17,0,2
BRDA:111,17,1,11
BRDA:116,18,0,2
BRDA:116,18,1,9
BRDA:121,19,0,2
BRDA:121,19,1,7
BRDA:126,20,0,2
BRDA:126,20,1,5
BRDA:131,21,0,2
BRDA:131,21,1,3
BRF:53
BRH:44
end_of_record
TN:
SF:/Users/dcarley/Projects/ppa-1-sw-testing-qa-spring-2018-official-team-4/modules/retirement.js
FN:7,(anonymous_0)
FNF:1
FNH:1
FNDA:21,(anonymous_0)
DA:1,1
DA:2,1
DA:3,1
DA:4,1
DA:5,1
DA:7,1
DA:9,21
DA:10,21
DA:11,21
DA:12,21
DA:14,21
DA:15,20
DA:16,18
DA:17,16
DA:18,15
DA:19,14
DA:21,12
DA:22,11
DA:23,10
DA:24,10
DA:25,10
DA:26,5
DA:29,1
LF:23
LH:23
BRDA:14,0,0,1
BRDA:14,0,1,20
BRDA:15,1,0,2
BRDA:15,1,1,18
BRDA:16,2,0,2
BRDA:16,2,1,16
BRDA:17,3,0,1
BRDA:17,3,1,15
BRDA:18,4,0,1
BRDA:18,4,1,14
BRDA:19,5,0,2
BRDA:19,5,1,12
BRDA:25,6,0,5
BRDA:25,6,1,5
BRF:14
BRH:14
end_of_record
TN:
SF:/Users/dcarley/Projects/ppa-1-sw-testing-qa-spring-2018-official-team-4/modules/splitTip.js
FN:7,(anonymous_0)
FNF:1
FNH:1
FNDA:9,(anonymous_0)
DA:2,1
DA:3,1
DA:4,1
DA:5,1
DA:7,1
DA:9,9
DA:10,6
DA:11,2
DA:13,1
DA:14,1
DA:15,1
DA:17,1
DA:20,1
LF:13
LH:13
BRDA:9,0,0,3
BRDA:9,0,1,6
BRDA:9,1,0,9
BRDA:9,1,1,7
BRDA:10,2,0,4
BRDA:10,2,1,2
BRDA:11,3,0,1
BRDA:11,3,1,1
BRF:8
BRH:8
end_of_record
TN:
SF:/Users/dcarley/Projects/ppa-1-sw-testing-qa-spring-2018-official-team-4/modules/basic_modules/add.js
FN:1,(anonymous_0)
FNF:1
FNH:1
FNDA:43,(anonymous_0)
DA:1,5
DA:2,43
DA:3,39
DA:5,5
LF:4
LH:4
BRDA:2,0,0,4
BRDA:2,0,1,39
BRDA:2,1,0,43
BRDA:2,1,1,40
BRF:4
BRH:4
end_of_record
TN:
SF:/Users/dcarley/Projects/ppa-1-sw-testing-qa-spring-2018-official-team-4/modules/basic_modules/divide.js
FN:1,(anonymous_0)
FNF:1
FNH:1
FNDA:31,(anonymous_0)
DA:1,4
DA:2,31
DA:3,27
DA:4,24
DA:6,4
LF:5
LH:5
BRDA:2,0,0,4
BRDA:2,0,1,27
BRDA:2,1,0,31
BRDA:2,1,1,28
BRDA:3,2,0,3
BRDA:3,2,1,24
BRF:6
BRH:6
end_of_record
TN:
SF:/Users/dcarley/Projects/ppa-1-sw-testing-qa-spring-2018-official-team-4/modules/basic_modules/multiply.js
FN:1,(anonymous_0)
FNF:1
FNH:1
FNDA:70,(anonymous_0)
DA:1,6
DA:2,70
DA:3,65
DA:6,6
LF:4
LH:4
BRDA:2,0,0,5
BRDA:2,0,1,65
BRDA:2,1,0,70
BRDA:2,1,1,66
BRF:4
BRH:4
end_of_record
TN:
SF:/Users/dcarley/Projects/ppa-1-sw-testing-qa-spring-2018-official-team-4/modules/basic_modules/parse.js
FN:1,(anonymous_0)
FNF:1
FNH:1
FNDA:13,(anonymous_0)
DA:1,2
DA:2,13
DA:5,11
DA:8,11
DA:10,9
DA:11,9
DA:12,9
DA:16,2
LF:8
LH:8
BRDA:2,0,0,2
BRDA:2,0,1,11
BRDA:8,1,0,2
BRDA:8,1,1,9
BRF:4
BRH:4
end_of_record
TN:
SF:/Users/dcarley/Projects/ppa-1-sw-testing-qa-spring-2018-official-team-4/modules/basic_modules/subtract.js
FN:1,(anonymous_0)
FNF:1
FNH:1
FNDA:24,(anonymous_0)
DA:1,2
DA:2,24
DA:3,21
DA:5,2
LF:4
LH:4
BRDA:2,0,0,3
BRDA:2,0,1,21
BRDA:2,1,0,24
BRDA:2,1,1,22
BRF:4
BRH:4
end_of_record
TN:
SF:/Users/dcarley/Projects/ppa-1-sw-testing-qa-spring-2018-official-team-4/modules/basic_modules/yearlySavings.js
FN:2,(anonymous_0)
FNF:1
FNH:1
FNDA:13,(anonymous_0)
DA:1,2
DA:2,2
DA:3,13
DA:4,13
DA:5,13
DA:8,2
LF:6
LH:6
BRF:0
BRH:0
end_of_record
